#
# There is insufficient memory for the Java Runtime Environment to continue.
# Native memory allocation (malloc) failed to allocate 262160 bytes for Chunk::new
# Possible reasons:
#   The system is out of physical RAM or swap space
#   The process is running with CompressedOops enabled, and the Java Heap may be blocking the growth of the native heap
# Possible solutions:
#   Reduce memory load on the system
#   Increase physical memory or swap space
#   Check if swap backing store is full
#   Decrease Java heap size (-Xmx/-Xms)
#   Decrease number of Java threads
#   Decrease Java thread stack sizes (-Xss)
#   Set larger code cache with -XX:ReservedCodeCacheSize=
#   JVM is running with Unscaled Compressed Oops mode in which the Java heap is
#     placed in the first 4GB address space. The Java Heap base address is the
#     maximum limit for the native heap growth. Please use -XX:HeapBaseMinAddress
#     to set the Java Heap base and to place the Java Heap above 4GB virtual address.
# This output file may be truncated or incomplete.
#
#  Out of Memory Error (./open/src/hotspot/share/memory/arena.cpp:197), pid=2764, tid=13980
#
# JRE version: Java(TM) SE Runtime Environment 18.9 (11.0.11+9) (build 11.0.11+9-LTS-194)
# Java VM: Java HotSpot(TM) 64-Bit Server VM 18.9 (11.0.11+9-LTS-194, mixed mode, tiered, compressed oops, g1 gc, windows-amd64)
# No core dump will be written. Minidumps are not enabled by default on client versions of Windows
#

---------------  S U M M A R Y ------------

Command Line: --add-opens=java.base/java.util=ALL-UNNAMED --add-opens=java.base/java.lang=ALL-UNNAMED --add-opens=java.base/java.lang.invoke=ALL-UNNAMED --add-opens=java.prefs/java.util.prefs=ALL-UNNAMED -XX:MaxMetaspaceSize=256m -XX:+HeapDumpOnOutOfMemoryError -Xms256m -Xmx512m -Dfile.encoding=windows-1252 -Duser.country=IN -Duser.language=en -Duser.variant org.gradle.launcher.daemon.bootstrap.GradleDaemon 6.7

Host: Intel(R) Core(TM) i5-6200U CPU @ 2.30GHz, 4 cores, 7G,  Windows 10 , 64 bit Build 19041 (10.0.19041.1023)
Time: Tue Jun 29 01:45:43 2021 India Standard Time elapsed time: 143.615228 seconds (0d 0h 2m 23s)

---------------  T H R E A D  ---------------

Current thread (0x0000024a6efae000):  JavaThread "C2 CompilerThread0" daemon [_thread_in_native, id=13980, stack(0x0000005816f00000,0x0000005817000000)]


Current CompileTask:
C2: 143615 12600   !   4       java.io.ObjectInputStream::readObject0 (671 bytes)

Stack: [0x0000005816f00000,0x0000005817000000]
Native frames: (J=compiled Java code, j=interpreted, Vv=VM code, C=native code)
V  [jvm.dll+0x616f2a]
V  [jvm.dll+0x74de7f]
V  [jvm.dll+0x74f505]
V  [jvm.dll+0x74fb83]
V  [jvm.dll+0x2436d8]
V  [jvm.dll+0xba68c]
V  [jvm.dll+0xbad8c]
V  [jvm.dll+0x6424b2]
V  [jvm.dll+0x642803]
V  [jvm.dll+0x6440e1]
V  [jvm.dll+0x642ce9]
V  [jvm.dll+0x52ca3c]
V  [jvm.dll+0x1fe747]
V  [jvm.dll+0x1fc10f]
V  [jvm.dll+0x17f0bc]
V  [jvm.dll+0x20b68c]
V  [jvm.dll+0x20978b]
V  [jvm.dll+0x7152c9]
V  [jvm.dll+0x70dfc4]
V  [jvm.dll+0x6160f6]
C  [ucrtbase.dll+0x21bb2]
C  [KERNEL32.DLL+0x17034]
C  [ntdll.dll+0x52651]


---------------  P R O C E S S  ---------------

Threads class SMR info:
_java_thread_list=0x0000024a724ceda0, length=142, elements={
0x0000024a523bc000, 0x0000024a6ef8c800, 0x0000024a6ef98800, 0x0000024a6efab000,
0x0000024a6efad000, 0x0000024a6efae000, 0x0000024a6efb3800, 0x0000024a6efc0000,
0x0000024a6fa72800, 0x0000024a6fa87800, 0x0000024a713c8000, 0x0000024a704dd000,
0x0000024a71549000, 0x0000024a71396000, 0x0000024a71391800, 0x0000024a71395000,
0x0000024a71397800, 0x0000024a73c90000, 0x0000024a724bb800, 0x0000024a724be800,
0x0000024a724bd000, 0x0000024a724bf800, 0x0000024a724bc000, 0x0000024a724ba000,
0x0000024a724ba800, 0x0000024a724c3800, 0x0000024a724be000, 0x0000024a724c5000,
0x0000024a724c2800, 0x0000024a724c6000, 0x0000024a724c1000, 0x0000024a724c0800,
0x0000024a724c7800, 0x0000024a724c7000, 0x0000024a724c2000, 0x0000024a724c8800,
0x0000024a724c4800, 0x0000024a73c91000, 0x0000024a73c96000, 0x0000024a73c92800,
0x0000024a73c92000, 0x0000024a73c97800, 0x0000024a73c95000, 0x0000024a73c98800,
0x0000024a73c93800, 0x0000024a73c9b800, 0x0000024a73c9e000, 0x0000024a73c9a000,
0x0000024a73c9f000, 0x0000024a73c9b000, 0x0000024a73c99000, 0x0000024a73c9c800,
0x0000024a73c9d000, 0x0000024a71396800, 0x0000024a71392800, 0x0000024a71393800,
0x0000024a71394000, 0x0000024a71391000, 0x0000024a72647800, 0x0000024a7264b800,
0x0000024a72648800, 0x0000024a72646000, 0x0000024a72649000, 0x0000024a7264b000,
0x0000024a7264a000, 0x0000024a7264c800, 0x0000024a72646800, 0x0000024a72653000,
0x0000024a7264f000, 0x0000024a7264f800, 0x0000024a72652000, 0x0000024a72651800,
0x0000024a7264d800, 0x0000024a72654000, 0x0000024a7264e000, 0x0000024a72654800,
0x0000024a72650800, 0x0000024a722c1800, 0x0000024a722c1000, 0x0000024a722bf000,
0x0000024a722c0000, 0x0000024a722c2800, 0x0000024a722bc800, 0x0000024a722c3800,
0x0000024a722bd800, 0x0000024a722c4000, 0x0000024a722be800, 0x0000024a722c5800,
0x0000024a722c5000, 0x0000024a722c6800, 0x0000024a722c7800, 0x0000024a722c8000,
0x0000024a722cb800, 0x0000024a722ca800, 0x0000024a722c9000, 0x0000024a722ca000,
0x0000024a71ec7000, 0x0000024a71ec8000, 0x0000024a71ecc000, 0x0000024a71ec8800,
0x0000024a71ec9800, 0x0000024a71eca800, 0x0000024a71ec6800, 0x0000024a71ece800,
0x0000024a71ecd800, 0x0000024a71ed0000, 0x0000024a71ecb000, 0x0000024a71ecf800,
0x0000024a71ed1800, 0x0000024a71ed1000, 0x0000024a71ed2800, 0x0000024a71ecd000,
0x0000024a71ed3800, 0x0000024a71ed4000, 0x0000024a71ed5000, 0x0000024a71dbc800,
0x0000024a71dbd800, 0x0000024a71dbe000, 0x0000024a71dbf000, 0x0000024a71dc0000,
0x0000024a71dc0800, 0x0000024a71dbb000, 0x0000024a71dc1800, 0x0000024a71dbb800,
0x0000024a71dc7000, 0x0000024a71dc2000, 0x0000024a71dc8000, 0x0000024a71dc3000,
0x0000024a71dc9800, 0x0000024a71dc4000, 0x0000024a71dc4800, 0x0000024a71dc6800,
0x0000024a75ad4800, 0x0000024a75ad1800, 0x0000024a75ad5800, 0x0000024a75ad2800,
0x0000024a75ad9000, 0x0000024a75ad3000, 0x0000024a75ad9800, 0x0000024a75ade800,
0x0000024a75ad8000, 0x0000024a75ad4000
}

Java Threads: ( => current thread )
  0x0000024a523bc000 JavaThread "main" [_thread_blocked, id=6628, stack(0x0000005816400000,0x0000005816500000)]
  0x0000024a6ef8c800 JavaThread "Reference Handler" daemon [_thread_blocked, id=13828, stack(0x0000005816b00000,0x0000005816c00000)]
  0x0000024a6ef98800 JavaThread "Finalizer" daemon [_thread_blocked, id=15508, stack(0x0000005816c00000,0x0000005816d00000)]
  0x0000024a6efab000 JavaThread "Signal Dispatcher" daemon [_thread_blocked, id=2408, stack(0x0000005816d00000,0x0000005816e00000)]
  0x0000024a6efad000 JavaThread "Attach Listener" daemon [_thread_blocked, id=15428, stack(0x0000005816e00000,0x0000005816f00000)]
=>0x0000024a6efae000 JavaThread "C2 CompilerThread0" daemon [_thread_in_native, id=13980, stack(0x0000005816f00000,0x0000005817000000)]
  0x0000024a6efb3800 JavaThread "C1 CompilerThread0" daemon [_thread_blocked, id=11224, stack(0x0000005817000000,0x0000005817100000)]
  0x0000024a6efc0000 JavaThread "Sweeper thread" daemon [_thread_blocked, id=15140, stack(0x0000005817100000,0x0000005817200000)]
  0x0000024a6fa72800 JavaThread "Common-Cleaner" daemon [_thread_blocked, id=11928, stack(0x0000005817200000,0x0000005817300000)]
  0x0000024a6fa87800 JavaThread "Service Thread" daemon [_thread_blocked, id=6048, stack(0x0000005817300000,0x0000005817400000)]
  0x0000024a713c8000 JavaThread "Daemon health stats" [_thread_blocked, id=6156, stack(0x0000005817900000,0x0000005817a00000)]
  0x0000024a704dd000 JavaThread "Incoming local TCP Connector on port 59443" [_thread_in_native, id=4452, stack(0x0000005817b00000,0x0000005817c00000)]
  0x0000024a71549000 JavaThread "Daemon periodic checks" [_thread_blocked, id=15528, stack(0x0000005817c00000,0x0000005817d00000)]
  0x0000024a71396000 JavaThread "Cache worker for file hash cache (C:\Users\Acer\.gradle\caches\6.7\fileHashes)" [_thread_blocked, id=12880, stack(0x0000005818400000,0x0000005818500000)]
  0x0000024a71391800 JavaThread "File lock request listener" [_thread_in_native, id=15200, stack(0x0000005818500000,0x0000005818600000)]
  0x0000024a71395000 JavaThread "Cache worker for journal cache (C:\Users\Acer\.gradle\caches\journal-1)" [_thread_blocked, id=9672, stack(0x0000005818600000,0x0000005818700000)]
  0x0000024a71397800 JavaThread "Cache worker for execution history cache (C:\Users\Acer\.gradle\caches\6.7\executionHistory)" [_thread_blocked, id=9580, stack(0x0000005818c00000,0x0000005818d00000)]
  0x0000024a73c90000 JavaThread "Cache worker for file content cache (C:\Users\Acer\.gradle\caches\6.7\fileContent)" [_thread_blocked, id=9376, stack(0x0000005818e00000,0x0000005818f00000)]
  0x0000024a724bb800 JavaThread "Memory manager" [_thread_blocked, id=4484, stack(0x0000005818700000,0x0000005818800000)]
  0x0000024a724be800 JavaThread "Daemon Thread 2" [_thread_blocked, id=6176, stack(0x0000005816100000,0x0000005816200000)]
  0x0000024a724bd000 JavaThread "Handler for socket connection from /127.0.0.1:59443 to /127.0.0.1:56726" [_thread_in_native, id=14540, stack(0x0000005816200000,0x0000005816300000)]
  0x0000024a724bf800 JavaThread "Cancel handler" [_thread_blocked, id=15612, stack(0x0000005816300000,0x0000005816400000)]
  0x0000024a724bc000 JavaThread "Daemon worker Thread 2" [_thread_blocked, id=11128, stack(0x0000005817d00000,0x0000005817e00000)]
  0x0000024a724ba000 JavaThread "Asynchronous log dispatcher for DefaultDaemonConnection: socket connection from /127.0.0.1:59443 to /127.0.0.1:56726" [_thread_blocked, id=10556, stack(0x0000005817e00000,0x0000005817f00000)]
  0x0000024a724ba800 JavaThread "Stdin handler" [_thread_blocked, id=1568, stack(0x0000005817f00000,0x0000005818000000)]
  0x0000024a724c3800 JavaThread "Thread-126" [_thread_blocked, id=14460, stack(0x0000005818000000,0x0000005818100000)]
  0x0000024a724be000 JavaThread "Cache worker for file hash cache (D:\Projects\covidTracker\android\.gradle\6.7\fileHashes)" [_thread_blocked, id=9644, stack(0x0000005818200000,0x0000005818300000)]
  0x0000024a724c5000 JavaThread "Cache worker for checksums cache (D:\Projects\covidTracker\android\.gradle\checksums)" [_thread_blocked, id=2392, stack(0x0000005818300000,0x0000005818400000)]
  0x0000024a724c2800 JavaThread "Cache worker for cache directory md-supplier (C:\Users\Acer\.gradle\caches\6.7\md-supplier)" [_thread_blocked, id=3940, stack(0x0000005818800000,0x0000005818900000)]
  0x0000024a724c6000 JavaThread "Cache worker for cache directory md-rule (C:\Users\Acer\.gradle\caches\6.7\md-rule)" [_thread_blocked, id=9232, stack(0x0000005818900000,0x0000005818a00000)]
  0x0000024a724c1000 JavaThread "Cache worker for Build Output Cleanup Cache (D:\Projects\covidTracker\android\.gradle\buildOutputCleanup)" [_thread_blocked, id=7652, stack(0x0000005818a00000,0x0000005818b00000)]
  0x0000024a724c0800 JavaThread "Build operations" [_thread_blocked, id=8124, stack(0x0000005818b00000,0x0000005818c00000)]
  0x0000024a724c7800 JavaThread "Build operations Thread 2" [_thread_blocked, id=10868, stack(0x0000005818d00000,0x0000005818e00000)]
  0x0000024a724c7000 JavaThread "Build operations Thread 3" [_thread_blocked, id=11628, stack(0x0000005818f00000,0x0000005819000000)]
  0x0000024a724c2000 JavaThread "Build operations Thread 4" [_thread_blocked, id=16036, stack(0x0000005819000000,0x0000005819100000)]
  0x0000024a724c8800 JavaThread "jar transforms Thread 93" [_thread_blocked, id=9288, stack(0x0000005819100000,0x0000005819200000)]
  0x0000024a724c4800 JavaThread "jar transforms Thread 94" [_thread_blocked, id=4572, stack(0x0000005819200000,0x0000005819300000)]
  0x0000024a73c91000 JavaThread "jar transforms Thread 95" [_thread_blocked, id=16380, stack(0x0000005819300000,0x0000005819400000)]
  0x0000024a73c96000 JavaThread "jar transforms Thread 96" [_thread_blocked, id=13260, stack(0x0000005819400000,0x0000005819500000)]
  0x0000024a73c92800 JavaThread "jar transforms Thread 97" [_thread_blocked, id=7348, stack(0x0000005819500000,0x0000005819600000)]
  0x0000024a73c92000 JavaThread "jar transforms Thread 98" [_thread_blocked, id=13284, stack(0x0000005819600000,0x0000005819700000)]
  0x0000024a73c97800 JavaThread "jar transforms Thread 99" [_thread_blocked, id=12432, stack(0x0000005819700000,0x0000005819800000)]
  0x0000024a73c95000 JavaThread "jar transforms Thread 100" [_thread_blocked, id=1912, stack(0x0000005819800000,0x0000005819900000)]
  0x0000024a73c98800 JavaThread "jar transforms Thread 101" [_thread_blocked, id=12208, stack(0x0000005819900000,0x0000005819a00000)]
  0x0000024a73c93800 JavaThread "jar transforms Thread 102" [_thread_blocked, id=4524, stack(0x0000005819a00000,0x0000005819b00000)]
  0x0000024a73c9b800 JavaThread "jar transforms Thread 103" [_thread_blocked, id=8040, stack(0x0000005819b00000,0x0000005819c00000)]
  0x0000024a73c9e000 JavaThread "jar transforms Thread 104" [_thread_blocked, id=9016, stack(0x0000005819c00000,0x0000005819d00000)]
  0x0000024a73c9a000 JavaThread "jar transforms Thread 105" [_thread_blocked, id=14444, stack(0x0000005819d00000,0x0000005819e00000)]
  0x0000024a73c9f000 JavaThread "jar transforms Thread 106" [_thread_blocked, id=11648, stack(0x0000005819e00000,0x0000005819f00000)]
  0x0000024a73c9b000 JavaThread "jar transforms Thread 107" [_thread_blocked, id=11696, stack(0x0000005819f00000,0x000000581a000000)]
  0x0000024a73c99000 JavaThread "jar transforms Thread 108" [_thread_blocked, id=13976, stack(0x000000581a000000,0x000000581a100000)]
  0x0000024a73c9c800 JavaThread "jar transforms Thread 109" [_thread_blocked, id=3048, stack(0x000000581a100000,0x000000581a200000)]
  0x0000024a73c9d000 JavaThread "jar transforms Thread 110" [_thread_blocked, id=11424, stack(0x000000581a200000,0x000000581a300000)]
  0x0000024a71396800 JavaThread "jar transforms Thread 111" [_thread_blocked, id=7844, stack(0x000000581a300000,0x000000581a400000)]
  0x0000024a71392800 JavaThread "jar transforms Thread 112" [_thread_blocked, id=11156, stack(0x000000581a400000,0x000000581a500000)]
  0x0000024a71393800 JavaThread "jar transforms Thread 113" [_thread_blocked, id=15120, stack(0x000000581a500000,0x000000581a600000)]
  0x0000024a71394000 JavaThread "jar transforms Thread 114" [_thread_blocked, id=8160, stack(0x000000581a600000,0x000000581a700000)]
  0x0000024a71391000 JavaThread "jar transforms Thread 115" [_thread_blocked, id=3612, stack(0x000000581a700000,0x000000581a800000)]
  0x0000024a72647800 JavaThread "jar transforms Thread 116" [_thread_blocked, id=15300, stack(0x000000581a800000,0x000000581a900000)]
  0x0000024a7264b800 JavaThread "jar transforms Thread 117" [_thread_blocked, id=15476, stack(0x000000581a900000,0x000000581aa00000)]
  0x0000024a72648800 JavaThread "jar transforms Thread 118" [_thread_blocked, id=6944, stack(0x000000581aa00000,0x000000581ab00000)]
  0x0000024a72646000 JavaThread "jar transforms Thread 119" [_thread_blocked, id=15648, stack(0x000000581ab00000,0x000000581ac00000)]
  0x0000024a72649000 JavaThread "jar transforms Thread 120" [_thread_blocked, id=6016, stack(0x000000581ac00000,0x000000581ad00000)]
  0x0000024a7264b000 JavaThread "jar transforms Thread 121" [_thread_blocked, id=6904, stack(0x000000581ad00000,0x000000581ae00000)]
  0x0000024a7264a000 JavaThread "jar transforms Thread 122" [_thread_blocked, id=7776, stack(0x000000581ae00000,0x000000581af00000)]
  0x0000024a7264c800 JavaThread "jar transforms Thread 123" [_thread_blocked, id=16212, stack(0x000000581af00000,0x000000581b000000)]
  0x0000024a72646800 JavaThread "jar transforms Thread 124" [_thread_blocked, id=13716, stack(0x000000581b000000,0x000000581b100000)]
  0x0000024a72653000 JavaThread "jar transforms Thread 125" [_thread_blocked, id=1140, stack(0x000000581b100000,0x000000581b200000)]
  0x0000024a7264f000 JavaThread "jar transforms Thread 126" [_thread_blocked, id=12488, stack(0x000000581b200000,0x000000581b300000)]
  0x0000024a7264f800 JavaThread "jar transforms Thread 127" [_thread_blocked, id=14040, stack(0x000000581b300000,0x000000581b400000)]
  0x0000024a72652000 JavaThread "jar transforms Thread 128" [_thread_blocked, id=6316, stack(0x000000581b400000,0x000000581b500000)]
  0x0000024a72651800 JavaThread "jar transforms Thread 129" [_thread_blocked, id=12824, stack(0x000000581b500000,0x000000581b600000)]
  0x0000024a7264d800 JavaThread "jar transforms Thread 130" [_thread_blocked, id=2148, stack(0x000000581b600000,0x000000581b700000)]
  0x0000024a72654000 JavaThread "jar transforms Thread 131" [_thread_blocked, id=8676, stack(0x000000581b700000,0x000000581b800000)]
  0x0000024a7264e000 JavaThread "jar transforms Thread 132" [_thread_blocked, id=3972, stack(0x000000581b800000,0x000000581b900000)]
  0x0000024a72654800 JavaThread "jar transforms Thread 133" [_thread_blocked, id=6868, stack(0x000000581b900000,0x000000581ba00000)]
  0x0000024a72650800 JavaThread "jar transforms Thread 134" [_thread_blocked, id=5768, stack(0x000000581ba00000,0x000000581bb00000)]
  0x0000024a722c1800 JavaThread "jar transforms Thread 135" [_thread_blocked, id=8308, stack(0x000000581bb00000,0x000000581bc00000)]
  0x0000024a722c1000 JavaThread "jar transforms Thread 136" [_thread_blocked, id=3552, stack(0x000000581bc00000,0x000000581bd00000)]
  0x0000024a722bf000 JavaThread "jar transforms Thread 137" [_thread_blocked, id=11620, stack(0x000000581bd00000,0x000000581be00000)]
  0x0000024a722c0000 JavaThread "jar transforms Thread 138" [_thread_blocked, id=14612, stack(0x000000581be00000,0x000000581bf00000)]
  0x0000024a722c2800 JavaThread "jar transforms Thread 139" [_thread_blocked, id=2876, stack(0x000000581bf00000,0x000000581c000000)]
  0x0000024a722bc800 JavaThread "jar transforms Thread 140" [_thread_blocked, id=14892, stack(0x000000581c000000,0x000000581c100000)]
  0x0000024a722c3800 JavaThread "jar transforms Thread 141" [_thread_blocked, id=4652, stack(0x000000581c100000,0x000000581c200000)]
  0x0000024a722bd800 JavaThread "jar transforms Thread 142" [_thread_blocked, id=10576, stack(0x000000581c200000,0x000000581c300000)]
  0x0000024a722c4000 JavaThread "jar transforms Thread 143" [_thread_blocked, id=9736, stack(0x000000581c300000,0x000000581c400000)]
  0x0000024a722be800 JavaThread "jar transforms Thread 144" [_thread_blocked, id=13276, stack(0x000000581c400000,0x000000581c500000)]
  0x0000024a722c5800 JavaThread "jar transforms Thread 145" [_thread_blocked, id=9592, stack(0x000000581c500000,0x000000581c600000)]
  0x0000024a722c5000 JavaThread "jar transforms Thread 146" [_thread_blocked, id=15896, stack(0x000000581c600000,0x000000581c700000)]
  0x0000024a722c6800 JavaThread "jar transforms Thread 147" [_thread_blocked, id=4860, stack(0x000000581c700000,0x000000581c800000)]
  0x0000024a722c7800 JavaThread "jar transforms Thread 148" [_thread_blocked, id=11788, stack(0x000000581c800000,0x000000581c900000)]
  0x0000024a722c8000 JavaThread "jar transforms Thread 149" [_thread_blocked, id=1144, stack(0x000000581c900000,0x000000581ca00000)]
  0x0000024a722cb800 JavaThread "jar transforms Thread 150" [_thread_blocked, id=5572, stack(0x000000581ca00000,0x000000581cb00000)]
  0x0000024a722ca800 JavaThread "jar transforms Thread 151" [_thread_blocked, id=13280, stack(0x000000581cb00000,0x000000581cc00000)]
  0x0000024a722c9000 JavaThread "jar transforms Thread 152" [_thread_blocked, id=4836, stack(0x000000581cc00000,0x000000581cd00000)]
  0x0000024a722ca000 JavaThread "jar transforms Thread 153" [_thread_blocked, id=11632, stack(0x000000581cd00000,0x000000581ce00000)]
  0x0000024a71ec7000 JavaThread "jar transforms Thread 154" [_thread_blocked, id=1828, stack(0x000000581ce00000,0x000000581cf00000)]
  0x0000024a71ec8000 JavaThread "jar transforms Thread 155" [_thread_blocked, id=14288, stack(0x000000581cf00000,0x000000581d000000)]
  0x0000024a71ecc000 JavaThread "jar transforms Thread 156" [_thread_blocked, id=11936, stack(0x000000581d000000,0x000000581d100000)]
  0x0000024a71ec8800 JavaThread "jar transforms Thread 157" [_thread_blocked, id=16304, stack(0x000000581d100000,0x000000581d200000)]
  0x0000024a71ec9800 JavaThread "jar transforms Thread 158" [_thread_blocked, id=10328, stack(0x000000581d200000,0x000000581d300000)]
  0x0000024a71eca800 JavaThread "jar transforms Thread 159" [_thread_blocked, id=10772, stack(0x000000581d300000,0x000000581d400000)]
  0x0000024a71ec6800 JavaThread "jar transforms Thread 160" [_thread_blocked, id=4952, stack(0x000000581d400000,0x000000581d500000)]
  0x0000024a71ece800 JavaThread "jar transforms Thread 161" [_thread_blocked, id=13792, stack(0x000000581d500000,0x000000581d600000)]
  0x0000024a71ecd800 JavaThread "jar transforms Thread 162" [_thread_blocked, id=9244, stack(0x000000581d600000,0x000000581d700000)]
  0x0000024a71ed0000 JavaThread "jar transforms Thread 163" [_thread_blocked, id=12616, stack(0x000000581d700000,0x000000581d800000)]
  0x0000024a71ecb000 JavaThread "jar transforms Thread 164" [_thread_blocked, id=6924, stack(0x000000581d800000,0x000000581d900000)]
  0x0000024a71ecf800 JavaThread "jar transforms Thread 165" [_thread_blocked, id=928, stack(0x000000581d900000,0x000000581da00000)]
  0x0000024a71ed1800 JavaThread "jar transforms Thread 166" [_thread_blocked, id=12152, stack(0x000000581da00000,0x000000581db00000)]
  0x0000024a71ed1000 JavaThread "jar transforms Thread 167" [_thread_blocked, id=12744, stack(0x000000581db00000,0x000000581dc00000)]
  0x0000024a71ed2800 JavaThread "jar transforms Thread 168" [_thread_blocked, id=2976, stack(0x000000581dc00000,0x000000581dd00000)]
  0x0000024a71ecd000 JavaThread "jar transforms Thread 169" [_thread_blocked, id=5368, stack(0x000000581dd00000,0x000000581de00000)]
  0x0000024a71ed3800 JavaThread "jar transforms Thread 170" [_thread_blocked, id=1088, stack(0x000000581de00000,0x000000581df00000)]
  0x0000024a71ed4000 JavaThread "jar transforms Thread 171" [_thread_blocked, id=15916, stack(0x000000581df00000,0x000000581e000000)]
  0x0000024a71ed5000 JavaThread "jar transforms Thread 172" [_thread_blocked, id=15084, stack(0x000000581e000000,0x000000581e100000)]
  0x0000024a71dbc800 JavaThread "jar transforms Thread 173" [_thread_blocked, id=8692, stack(0x000000581e100000,0x000000581e200000)]
  0x0000024a71dbd800 JavaThread "jar transforms Thread 174" [_thread_blocked, id=9004, stack(0x000000581e200000,0x000000581e300000)]
  0x0000024a71dbe000 JavaThread "jar transforms Thread 175" [_thread_blocked, id=14068, stack(0x000000581e300000,0x000000581e400000)]
  0x0000024a71dbf000 JavaThread "jar transforms Thread 176" [_thread_blocked, id=15152, stack(0x000000581e400000,0x000000581e500000)]
  0x0000024a71dc0000 JavaThread "jar transforms Thread 177" [_thread_blocked, id=15844, stack(0x000000581e500000,0x000000581e600000)]
  0x0000024a71dc0800 JavaThread "jar transforms Thread 178" [_thread_blocked, id=12692, stack(0x000000581e600000,0x000000581e700000)]
  0x0000024a71dbb000 JavaThread "jar transforms Thread 179" [_thread_blocked, id=15416, stack(0x000000581e700000,0x000000581e800000)]
  0x0000024a71dc1800 JavaThread "jar transforms Thread 180" [_thread_blocked, id=15032, stack(0x000000581e800000,0x000000581e900000)]
  0x0000024a71dbb800 JavaThread "jar transforms Thread 181" [_thread_blocked, id=4396, stack(0x000000581e900000,0x000000581ea00000)]
  0x0000024a71dc7000 JavaThread "jar transforms Thread 182" [_thread_blocked, id=8912, stack(0x000000581ea00000,0x000000581eb00000)]
  0x0000024a71dc2000 JavaThread "jar transforms Thread 183" [_thread_blocked, id=15544, stack(0x000000581eb00000,0x000000581ec00000)]
  0x0000024a71dc8000 JavaThread "jar transforms Thread 184" [_thread_blocked, id=14840, stack(0x000000581ec00000,0x000000581ed00000)]
  0x0000024a71dc3000 JavaThread "Execution worker for ':'" [_thread_blocked, id=10136, stack(0x000000581ef00000,0x000000581f000000)]
  0x0000024a71dc9800 JavaThread "Execution worker for ':' Thread 2" [_thread_in_vm, id=15860, stack(0x000000581f000000,0x000000581f100000)]
  0x0000024a71dc4000 JavaThread "Execution worker for ':' Thread 3" [_thread_blocked, id=9128, stack(0x000000581f100000,0x000000581f200000)]
  0x0000024a71dc4800 JavaThread "Cache worker for execution history cache (D:\Projects\covidTracker\android\.gradle\6.7\executionHistory)" [_thread_blocked, id=8764, stack(0x000000581f200000,0x000000581f300000)]
  0x0000024a71dc6800 JavaThread "WorkerExecutor Queue Thread 2" [_thread_blocked, id=14116, stack(0x000000581f300000,0x000000581f400000)]
  0x0000024a75ad4800 JavaThread "WorkerExecutor Queue Thread 4" [_thread_blocked, id=9904, stack(0x000000581f500000,0x000000581f600000)]
  0x0000024a75ad1800 JavaThread "WorkerExecutor Queue Thread 5" [_thread_blocked, id=13948, stack(0x000000581f700000,0x000000581f800000)]
  0x0000024a75ad5800 JavaThread "WorkerExecutor Queue Thread 6" [_thread_blocked, id=14952, stack(0x0000005817800000,0x0000005817900000)]
  0x0000024a75ad2800 JavaThread "pool-3-thread-1" [_thread_blocked, id=11608, stack(0x0000005818100000,0x0000005818200000)]
  0x0000024a75ad9000 JavaThread "stderr" [_thread_in_native, id=8468, stack(0x000000581fb00000,0x000000581fc00000)]
  0x0000024a75ad3000 JavaThread "stdout" [_thread_in_native, id=8064, stack(0x000000581fc00000,0x000000581fd00000)]
  0x0000024a75ad9800 JavaThread "stderr" [_thread_in_native, id=6252, stack(0x000000581fd00000,0x000000581fe00000)]
  0x0000024a75ade800 JavaThread "stdout" [_thread_in_native, id=3248, stack(0x000000581fe00000,0x000000581ff00000)]
  0x0000024a75ad8000 JavaThread "stderr" [_thread_in_native, id=7684, stack(0x0000005817a00000,0x0000005817b00000)]
  0x0000024a75ad4000 JavaThread "stdout" [_thread_in_native, id=13816, stack(0x000000581f900000,0x000000581fa00000)]

Other Threads:
  0x0000024a6ef66000 VMThread "VM Thread" [stack: 0x0000005816a00000,0x0000005816b00000] [id=7972]
  0x0000024a6fa88800 WatcherThread [stack: 0x0000005817400000,0x0000005817500000] [id=4080]
  0x0000024a523cd000 GCTaskThread "GC Thread#0" [stack: 0x0000005816500000,0x0000005816600000] [id=2724]
  0x0000024a6fd22000 GCTaskThread "GC Thread#1" [stack: 0x0000005817500000,0x0000005817600000] [id=11996]
  0x0000024a702be800 GCTaskThread "GC Thread#2" [stack: 0x0000005817600000,0x0000005817700000] [id=8996]
  0x0000024a702bf000 GCTaskThread "GC Thread#3" [stack: 0x0000005817700000,0x0000005817800000] [id=7404]
  0x0000024a523e0000 ConcurrentGCThread "G1 Main Marker" [stack: 0x0000005816600000,0x0000005816700000] [id=6000]
  0x0000024a523e1800 ConcurrentGCThread "G1 Conc#0" [stack: 0x0000005816700000,0x0000005816800000] [id=12500]
  0x0000024a6ee00800 ConcurrentGCThread "G1 Refine#0" [stack: 0x0000005816800000,0x0000005816900000] [id=10412]
  0x0000024a71fba800 ConcurrentGCThread "G1 Refine#1" [stack: 0x000000581ed00000,0x000000581ee00000] [id=12896]
  0x0000024a71fb8800 ConcurrentGCThread "G1 Refine#2" [stack: 0x000000581ee00000,0x000000581ef00000] [id=16228]
  0x0000024a6ee01800 ConcurrentGCThread "G1 Young RemSet Sampling" [stack: 0x0000005816900000,0x0000005816a00000] [id=15340]

Threads with active compile tasks:
C2 CompilerThread0 143752 12600   !   4       java.io.ObjectInputStream::readObject0 (671 bytes)

VM state:not at safepoint (normal execution)

VM Mutex/Monitor currently owned by a thread: None

Heap address: 0x00000000e0000000, size: 512 MB, Compressed Oops mode: 32-bit
Narrow klass base: 0x0000000000000000, Narrow klass shift: 3
Compressed class space size: 260046848 Address: 0x0000000100000000

Heap:
 garbage-first heap   total 262144K, used 125795K [0x00000000e0000000, 0x0000000100000000)
  region size 1024K, 30 young (30720K), 14 survivors (14336K)
 Metaspace       used 86172K, capacity 89132K, committed 89472K, reserved 333824K
  class space    used 10933K, capacity 12073K, committed 12160K, reserved 253952K
Heap Regions: E=young(eden), S=young(survivor), O=old, HS=humongous(starts), HC=humongous(continues), CS=collection set, F=free, A=archive, TAMS=top-at-mark-start (previous, next)
|   0|0x00000000e0000000, 0x00000000e0100000, 0x00000000e0100000|100%| O|  |TAMS 0x00000000e0100000, 0x00000000e0000000| Untracked 
|   1|0x00000000e0100000, 0x00000000e0200000, 0x00000000e0200000|100%| O|  |TAMS 0x00000000e0200000, 0x00000000e0100000| Untracked 
|   2|0x00000000e0200000, 0x00000000e0300000, 0x00000000e0300000|100%| O|  |TAMS 0x00000000e0300000, 0x00000000e0200000| Untracked 
|   3|0x00000000e0300000, 0x00000000e0400000, 0x00000000e0400000|100%|HS|  |TAMS 0x00000000e0400000, 0x00000000e0300000| Complete 
|   4|0x00000000e0400000, 0x00000000e0500000, 0x00000000e0500000|100%|HC|  |TAMS 0x00000000e0500000, 0x00000000e0400000| Complete 
|   5|0x00000000e0500000, 0x00000000e0600000, 0x00000000e0600000|100%|HC|  |TAMS 0x00000000e0600000, 0x00000000e0500000| Complete 
|   6|0x00000000e0600000, 0x00000000e0700000, 0x00000000e0700000|100%| O|  |TAMS 0x00000000e0700000, 0x00000000e0600000| Untracked 
|   7|0x00000000e0700000, 0x00000000e0800000, 0x00000000e0800000|100%| O|  |TAMS 0x00000000e0800000, 0x00000000e0700000| Untracked 
|   8|0x00000000e0800000, 0x00000000e0900000, 0x00000000e0900000|100%| O|  |TAMS 0x00000000e0900000, 0x00000000e0800000| Untracked 
|   9|0x00000000e0900000, 0x00000000e0a00000, 0x00000000e0a00000|100%| O|  |TAMS 0x00000000e0a00000, 0x00000000e0900000| Untracked 
|  10|0x00000000e0a00000, 0x00000000e0b00000, 0x00000000e0b00000|100%| O|  |TAMS 0x00000000e0b00000, 0x00000000e0a00000| Untracked 
|  11|0x00000000e0b00000, 0x00000000e0c00000, 0x00000000e0c00000|100%| O|  |TAMS 0x00000000e0c00000, 0x00000000e0b00000| Untracked 
|  12|0x00000000e0c00000, 0x00000000e0d00000, 0x00000000e0d00000|100%| O|  |TAMS 0x00000000e0d00000, 0x00000000e0c00000| Untracked 
|  13|0x00000000e0d00000, 0x00000000e0e00000, 0x00000000e0e00000|100%|HS|  |TAMS 0x00000000e0e00000, 0x00000000e0d00000| Complete 
|  14|0x00000000e0e00000, 0x00000000e0f00000, 0x00000000e0f00000|100%|HS|  |TAMS 0x00000000e0f00000, 0x00000000e0e00000| Complete 
|  15|0x00000000e0f00000, 0x00000000e1000000, 0x00000000e1000000|100%|HC|  |TAMS 0x00000000e1000000, 0x00000000e0f00000| Complete 
|  16|0x00000000e1000000, 0x00000000e1100000, 0x00000000e1100000|100%| O|  |TAMS 0x00000000e1100000, 0x00000000e1000000| Untracked 
|  17|0x00000000e1100000, 0x00000000e1200000, 0x00000000e1200000|100%| O|  |TAMS 0x00000000e1200000, 0x00000000e1100000| Untracked 
|  18|0x00000000e1200000, 0x00000000e1300000, 0x00000000e1300000|100%| O|  |TAMS 0x00000000e1300000, 0x00000000e1200000| Untracked 
|  19|0x00000000e1300000, 0x00000000e1400000, 0x00000000e1400000|100%| O|  |TAMS 0x00000000e1400000, 0x00000000e1300000| Untracked 
|  20|0x00000000e1400000, 0x00000000e1500000, 0x00000000e1500000|100%| O|  |TAMS 0x00000000e1500000, 0x00000000e1400000| Untracked 
|  21|0x00000000e1500000, 0x00000000e1600000, 0x00000000e1600000|100%| O|  |TAMS 0x00000000e1600000, 0x00000000e1500000| Untracked 
|  22|0x00000000e1600000, 0x00000000e1700000, 0x00000000e1700000|100%| O|  |TAMS 0x00000000e1700000, 0x00000000e1600000| Untracked 
|  23|0x00000000e1700000, 0x00000000e1800000, 0x00000000e1800000|100%| O|  |TAMS 0x00000000e1800000, 0x00000000e1700000| Untracked 
|  24|0x00000000e1800000, 0x00000000e1900000, 0x00000000e1900000|100%| O|  |TAMS 0x00000000e1900000, 0x00000000e1800000| Untracked 
|  25|0x00000000e1900000, 0x00000000e1a00000, 0x00000000e1a00000|100%| O|  |TAMS 0x00000000e1a00000, 0x00000000e1900000| Untracked 
|  26|0x00000000e1a00000, 0x00000000e1b00000, 0x00000000e1b00000|100%| O|  |TAMS 0x00000000e1b00000, 0x00000000e1a00000| Untracked 
|  27|0x00000000e1b00000, 0x00000000e1c00000, 0x00000000e1c00000|100%| O|  |TAMS 0x00000000e1c00000, 0x00000000e1b00000| Untracked 
|  28|0x00000000e1c00000, 0x00000000e1d00000, 0x00000000e1d00000|100%| O|  |TAMS 0x00000000e1d00000, 0x00000000e1c00000| Untracked 
|  29|0x00000000e1d00000, 0x00000000e1e00000, 0x00000000e1e00000|100%| O|  |TAMS 0x00000000e1e00000, 0x00000000e1d00000| Untracked 
|  30|0x00000000e1e00000, 0x00000000e1f00000, 0x00000000e1f00000|100%| O|  |TAMS 0x00000000e1f00000, 0x00000000e1e00000| Untracked 
|  31|0x00000000e1f00000, 0x00000000e2000000, 0x00000000e2000000|100%| O|  |TAMS 0x00000000e2000000, 0x00000000e1f00000| Untracked 
|  32|0x00000000e2000000, 0x00000000e2100000, 0x00000000e2100000|100%| O|  |TAMS 0x00000000e2100000, 0x00000000e2000000| Untracked 
|  33|0x00000000e2100000, 0x00000000e2200000, 0x00000000e2200000|100%| O|  |TAMS 0x00000000e2200000, 0x00000000e2100000| Untracked 
|  34|0x00000000e2200000, 0x00000000e2300000, 0x00000000e2300000|100%| O|  |TAMS 0x00000000e2300000, 0x00000000e2200000| Untracked 
|  35|0x00000000e2300000, 0x00000000e2400000, 0x00000000e2400000|100%| O|  |TAMS 0x00000000e2400000, 0x00000000e2300000| Untracked 
|  36|0x00000000e2400000, 0x00000000e2500000, 0x00000000e2500000|100%| O|  |TAMS 0x00000000e2500000, 0x00000000e2400000| Untracked 
|  37|0x00000000e2500000, 0x00000000e2600000, 0x00000000e2600000|100%| O|  |TAMS 0x00000000e2600000, 0x00000000e2500000| Untracked 
|  38|0x00000000e2600000, 0x00000000e2700000, 0x00000000e2700000|100%| O|  |TAMS 0x00000000e2700000, 0x00000000e2600000| Untracked 
|  39|0x00000000e2700000, 0x00000000e2800000, 0x00000000e2800000|100%| O|  |TAMS 0x00000000e2800000, 0x00000000e2700000| Untracked 
|  40|0x00000000e2800000, 0x00000000e2900000, 0x00000000e2900000|100%| O|  |TAMS 0x00000000e2900000, 0x00000000e2800000| Untracked 
|  41|0x00000000e2900000, 0x00000000e2a00000, 0x00000000e2a00000|100%| O|  |TAMS 0x00000000e2a00000, 0x00000000e2900000| Untracked 
|  42|0x00000000e2a00000, 0x00000000e2b00000, 0x00000000e2b00000|100%| O|  |TAMS 0x00000000e2b00000, 0x00000000e2a00000| Untracked 
|  43|0x00000000e2b00000, 0x00000000e2c00000, 0x00000000e2c00000|100%| O|  |TAMS 0x00000000e2c00000, 0x00000000e2b00000| Untracked 
|  44|0x00000000e2c00000, 0x00000000e2d00000, 0x00000000e2d00000|100%| O|  |TAMS 0x00000000e2d00000, 0x00000000e2c00000| Untracked 
|  45|0x00000000e2d00000, 0x00000000e2e00000, 0x00000000e2e00000|100%| O|  |TAMS 0x00000000e2e00000, 0x00000000e2d00000| Untracked 
|  46|0x00000000e2e00000, 0x00000000e2f00000, 0x00000000e2f00000|100%| O|  |TAMS 0x00000000e2f00000, 0x00000000e2e00000| Untracked 
|  47|0x00000000e2f00000, 0x00000000e3000000, 0x00000000e3000000|100%| O|  |TAMS 0x00000000e3000000, 0x00000000e2f00000| Untracked 
|  48|0x00000000e3000000, 0x00000000e3100000, 0x00000000e3100000|100%| O|  |TAMS 0x00000000e3100000, 0x00000000e3000000| Untracked 
|  49|0x00000000e3100000, 0x00000000e3200000, 0x00000000e3200000|100%| O|  |TAMS 0x00000000e3200000, 0x00000000e3100000| Untracked 
|  50|0x00000000e3200000, 0x00000000e3300000, 0x00000000e3300000|100%| O|  |TAMS 0x00000000e3300000, 0x00000000e3200000| Untracked 
|  51|0x00000000e3300000, 0x00000000e3400000, 0x00000000e3400000|100%| O|  |TAMS 0x00000000e3400000, 0x00000000e3300000| Untracked 
|  52|0x00000000e3400000, 0x00000000e3500000, 0x00000000e3500000|100%| O|  |TAMS 0x00000000e3500000, 0x00000000e3400000| Untracked 
|  53|0x00000000e3500000, 0x00000000e3600000, 0x00000000e3600000|100%| O|  |TAMS 0x00000000e3600000, 0x00000000e3500000| Untracked 
|  54|0x00000000e3600000, 0x00000000e3700000, 0x00000000e3700000|100%| O|  |TAMS 0x00000000e3700000, 0x00000000e3600000| Untracked 
|  55|0x00000000e3700000, 0x00000000e3800000, 0x00000000e3800000|100%| O|  |TAMS 0x00000000e3800000, 0x00000000e3700000| Untracked 
|  56|0x00000000e3800000, 0x00000000e3900000, 0x00000000e3900000|100%| O|  |TAMS 0x00000000e3900000, 0x00000000e3800000| Untracked 
|  57|0x00000000e3900000, 0x00000000e3a00000, 0x00000000e3a00000|100%| O|  |TAMS 0x00000000e3900000, 0x00000000e3900000| Untracked 
|  58|0x00000000e3a00000, 0x00000000e3b00000, 0x00000000e3b00000|100%| O|  |TAMS 0x00000000e3a00000, 0x00000000e3a00000| Untracked 
|  59|0x00000000e3b00000, 0x00000000e3c00000, 0x00000000e3c00000|100%| O|  |TAMS 0x00000000e3b00000, 0x00000000e3b00000| Untracked 
|  60|0x00000000e3c00000, 0x00000000e3d00000, 0x00000000e3d00000|100%| O|  |TAMS 0x00000000e3c00000, 0x00000000e3c00000| Untracked 
|  61|0x00000000e3d00000, 0x00000000e3e00000, 0x00000000e3e00000|100%| O|  |TAMS 0x00000000e3d00000, 0x00000000e3d00000| Untracked 
|  62|0x00000000e3e00000, 0x00000000e3f00000, 0x00000000e3f00000|100%| O|  |TAMS 0x00000000e3e00000, 0x00000000e3e00000| Untracked 
|  63|0x00000000e3f00000, 0x00000000e4000000, 0x00000000e4000000|100%| O|  |TAMS 0x00000000e3f00000, 0x00000000e3f00000| Untracked 
|  64|0x00000000e4000000, 0x00000000e4100000, 0x00000000e4100000|100%| O|  |TAMS 0x00000000e4000000, 0x00000000e4000000| Untracked 
|  65|0x00000000e4100000, 0x00000000e4200000, 0x00000000e4200000|100%| O|  |TAMS 0x00000000e4100000, 0x00000000e4100000| Untracked 
|  66|0x00000000e4200000, 0x00000000e4300000, 0x00000000e4300000|100%| O|  |TAMS 0x00000000e4200000, 0x00000000e4200000| Untracked 
|  67|0x00000000e4300000, 0x00000000e4400000, 0x00000000e4400000|100%| O|  |TAMS 0x00000000e4300000, 0x00000000e4300000| Untracked 
|  68|0x00000000e4400000, 0x00000000e4500000, 0x00000000e4500000|100%| O|  |TAMS 0x00000000e4400000, 0x00000000e4400000| Untracked 
|  69|0x00000000e4500000, 0x00000000e4600000, 0x00000000e4600000|100%| O|  |TAMS 0x00000000e4500000, 0x00000000e4500000| Untracked 
|  70|0x00000000e4600000, 0x00000000e4700000, 0x00000000e4700000|100%| O|  |TAMS 0x00000000e4600000, 0x00000000e4600000| Untracked 
|  71|0x00000000e4700000, 0x00000000e4800000, 0x00000000e4800000|100%| O|  |TAMS 0x00000000e4700000, 0x00000000e4700000| Untracked 
|  72|0x00000000e4800000, 0x00000000e4900000, 0x00000000e4900000|100%| O|  |TAMS 0x00000000e4800000, 0x00000000e4800000| Untracked 
|  73|0x00000000e4900000, 0x00000000e4a00000, 0x00000000e4a00000|100%| O|  |TAMS 0x00000000e4900000, 0x00000000e4900000| Untracked 
|  74|0x00000000e4a00000, 0x00000000e4b00000, 0x00000000e4b00000|100%| O|  |TAMS 0x00000000e4a00000, 0x00000000e4a00000| Untracked 
|  75|0x00000000e4b00000, 0x00000000e4c00000, 0x00000000e4c00000|100%| O|  |TAMS 0x00000000e4b00000, 0x00000000e4b00000| Untracked 
|  76|0x00000000e4c00000, 0x00000000e4d00000, 0x00000000e4d00000|100%| O|  |TAMS 0x00000000e4c00000, 0x00000000e4c00000| Untracked 
|  77|0x00000000e4d00000, 0x00000000e4e00000, 0x00000000e4e00000|100%| O|  |TAMS 0x00000000e4d00000, 0x00000000e4d00000| Untracked 
|  78|0x00000000e4e00000, 0x00000000e4f00000, 0x00000000e4f00000|100%|HS|  |TAMS 0x00000000e4e00000, 0x00000000e4e00000| Complete 
|  79|0x00000000e4f00000, 0x00000000e5000000, 0x00000000e5000000|100%|HS|  |TAMS 0x00000000e4f00000, 0x00000000e4f00000| Complete 
|  80|0x00000000e5000000, 0x00000000e5100000, 0x00000000e5100000|100%|HC|  |TAMS 0x00000000e5000000, 0x00000000e5000000| Complete 
|  81|0x00000000e5100000, 0x00000000e5200000, 0x00000000e5200000|100%| O|  |TAMS 0x00000000e5100000, 0x00000000e5100000| Untracked 
|  82|0x00000000e5200000, 0x00000000e5300000, 0x00000000e5300000|100%| O|  |TAMS 0x00000000e5200000, 0x00000000e5200000| Untracked 
|  83|0x00000000e5300000, 0x00000000e5400000, 0x00000000e5400000|100%| O|  |TAMS 0x00000000e5300000, 0x00000000e5300000| Untracked 
|  84|0x00000000e5400000, 0x00000000e5500000, 0x00000000e5500000|100%| O|  |TAMS 0x00000000e5400000, 0x00000000e5400000| Untracked 
|  85|0x00000000e5500000, 0x00000000e5600000, 0x00000000e5600000|100%| O|  |TAMS 0x00000000e5500000, 0x00000000e5500000| Untracked 
|  86|0x00000000e5600000, 0x00000000e5700000, 0x00000000e5700000|100%| O|  |TAMS 0x00000000e5600000, 0x00000000e5600000| Untracked 
|  87|0x00000000e5700000, 0x00000000e5800000, 0x00000000e5800000|100%| O|  |TAMS 0x00000000e5700000, 0x00000000e5700000| Untracked 
|  88|0x00000000e5800000, 0x00000000e5900000, 0x00000000e5900000|100%| O|  |TAMS 0x00000000e5800000, 0x00000000e5800000| Untracked 
|  89|0x00000000e5900000, 0x00000000e59d8c00, 0x00000000e5a00000| 84%| O|  |TAMS 0x00000000e5900000, 0x00000000e5900000| Untracked 
|  90|0x00000000e5a00000, 0x00000000e5b00000, 0x00000000e5b00000|100%|HS|  |TAMS 0x00000000e5a00000, 0x00000000e5a00000| Complete 
|  91|0x00000000e5b00000, 0x00000000e5c00000, 0x00000000e5c00000|100%|HS|  |TAMS 0x00000000e5b00000, 0x00000000e5b00000| Complete 
|  92|0x00000000e5c00000, 0x00000000e5d00000, 0x00000000e5d00000|100%|HC|  |TAMS 0x00000000e5c00000, 0x00000000e5c00000| Complete 
|  93|0x00000000e5d00000, 0x00000000e5e00000, 0x00000000e5e00000|100%|HS|  |TAMS 0x00000000e5d00000, 0x00000000e5d00000| Complete 
|  94|0x00000000e5e00000, 0x00000000e5f00000, 0x00000000e5f00000|100%|HC|  |TAMS 0x00000000e5e00000, 0x00000000e5e00000| Complete 
|  95|0x00000000e5f00000, 0x00000000e5f00000, 0x00000000e6000000|  0%| F|  |TAMS 0x00000000e5f00000, 0x00000000e5f00000| Untracked 
|  96|0x00000000e6000000, 0x00000000e6000000, 0x00000000e6100000|  0%| F|  |TAMS 0x00000000e6000000, 0x00000000e6000000| Untracked 
|  97|0x00000000e6100000, 0x00000000e6100000, 0x00000000e6200000|  0%| F|  |TAMS 0x00000000e6100000, 0x00000000e6100000| Untracked 
|  98|0x00000000e6200000, 0x00000000e6200000, 0x00000000e6300000|  0%| F|  |TAMS 0x00000000e6200000, 0x00000000e6200000| Untracked 
|  99|0x00000000e6300000, 0x00000000e6300000, 0x00000000e6400000|  0%| F|  |TAMS 0x00000000e6300000, 0x00000000e6300000| Untracked 
| 100|0x00000000e6400000, 0x00000000e6400000, 0x00000000e6500000|  0%| F|  |TAMS 0x00000000e6400000, 0x00000000e6400000| Untracked 
| 101|0x00000000e6500000, 0x00000000e6500000, 0x00000000e6600000|  0%| F|  |TAMS 0x00000000e6500000, 0x00000000e6500000| Untracked 
| 102|0x00000000e6600000, 0x00000000e6600000, 0x00000000e6700000|  0%| F|  |TAMS 0x00000000e6600000, 0x00000000e6600000| Untracked 
| 103|0x00000000e6700000, 0x00000000e6700000, 0x00000000e6800000|  0%| F|  |TAMS 0x00000000e6700000, 0x00000000e6700000| Untracked 
| 104|0x00000000e6800000, 0x00000000e6800000, 0x00000000e6900000|  0%| F|  |TAMS 0x00000000e6800000, 0x00000000e6800000| Untracked 
| 105|0x00000000e6900000, 0x00000000e6900000, 0x00000000e6a00000|  0%| F|  |TAMS 0x00000000e6900000, 0x00000000e6900000| Untracked 
| 106|0x00000000e6a00000, 0x00000000e6a00000, 0x00000000e6b00000|  0%| F|  |TAMS 0x00000000e6a00000, 0x00000000e6a00000| Untracked 
| 107|0x00000000e6b00000, 0x00000000e6b00000, 0x00000000e6c00000|  0%| F|  |TAMS 0x00000000e6b00000, 0x00000000e6b00000| Untracked 
| 108|0x00000000e6c00000, 0x00000000e6c00000, 0x00000000e6d00000|  0%| F|  |TAMS 0x00000000e6c00000, 0x00000000e6c00000| Untracked 
| 109|0x00000000e6d00000, 0x00000000e6d00000, 0x00000000e6e00000|  0%| F|  |TAMS 0x00000000e6d00000, 0x00000000e6d00000| Untracked 
| 110|0x00000000e6e00000, 0x00000000e6e00000, 0x00000000e6f00000|  0%| F|  |TAMS 0x00000000e6e00000, 0x00000000e6e00000| Untracked 
| 111|0x00000000e6f00000, 0x00000000e6f00000, 0x00000000e7000000|  0%| F|  |TAMS 0x00000000e6f00000, 0x00000000e6f00000| Untracked 
| 112|0x00000000e7000000, 0x00000000e7000000, 0x00000000e7100000|  0%| F|  |TAMS 0x00000000e7000000, 0x00000000e7000000| Untracked 
| 113|0x00000000e7100000, 0x00000000e7100000, 0x00000000e7200000|  0%| F|  |TAMS 0x00000000e7100000, 0x00000000e7100000| Untracked 
| 114|0x00000000e7200000, 0x00000000e7200000, 0x00000000e7300000|  0%| F|  |TAMS 0x00000000e7200000, 0x00000000e7200000| Untracked 
| 115|0x00000000e7300000, 0x00000000e7300000, 0x00000000e7400000|  0%| F|  |TAMS 0x00000000e7300000, 0x00000000e7300000| Untracked 
| 116|0x00000000e7400000, 0x00000000e7400000, 0x00000000e7500000|  0%| F|  |TAMS 0x00000000e7400000, 0x00000000e7400000| Untracked 
| 117|0x00000000e7500000, 0x00000000e7500000, 0x00000000e7600000|  0%| F|  |TAMS 0x00000000e7500000, 0x00000000e7500000| Untracked 
| 118|0x00000000e7600000, 0x00000000e7600000, 0x00000000e7700000|  0%| F|  |TAMS 0x00000000e7600000, 0x00000000e7600000| Untracked 
| 119|0x00000000e7700000, 0x00000000e7700000, 0x00000000e7800000|  0%| F|  |TAMS 0x00000000e7700000, 0x00000000e7700000| Untracked 
| 120|0x00000000e7800000, 0x00000000e7800000, 0x00000000e7900000|  0%| F|  |TAMS 0x00000000e7800000, 0x00000000e7800000| Untracked 
| 121|0x00000000e7900000, 0x00000000e7900000, 0x00000000e7a00000|  0%| F|  |TAMS 0x00000000e7900000, 0x00000000e7900000| Untracked 
| 122|0x00000000e7a00000, 0x00000000e7a00000, 0x00000000e7b00000|  0%| F|  |TAMS 0x00000000e7a00000, 0x00000000e7a00000| Untracked 
| 123|0x00000000e7b00000, 0x00000000e7b00000, 0x00000000e7c00000|  0%| F|  |TAMS 0x00000000e7b00000, 0x00000000e7b00000| Untracked 
| 124|0x00000000e7c00000, 0x00000000e7c00000, 0x00000000e7d00000|  0%| F|  |TAMS 0x00000000e7c00000, 0x00000000e7c00000| Untracked 
| 125|0x00000000e7d00000, 0x00000000e7d00000, 0x00000000e7e00000|  0%| F|  |TAMS 0x00000000e7d00000, 0x00000000e7d00000| Untracked 
| 126|0x00000000e7e00000, 0x00000000e7e00000, 0x00000000e7f00000|  0%| F|  |TAMS 0x00000000e7e00000, 0x00000000e7e00000| Untracked 
| 127|0x00000000e7f00000, 0x00000000e7f00000, 0x00000000e8000000|  0%| F|  |TAMS 0x00000000e7f00000, 0x00000000e7f00000| Untracked 
| 128|0x00000000e8000000, 0x00000000e8000000, 0x00000000e8100000|  0%| F|  |TAMS 0x00000000e8000000, 0x00000000e8000000| Untracked 
| 129|0x00000000e8100000, 0x00000000e8100000, 0x00000000e8200000|  0%| F|  |TAMS 0x00000000e8100000, 0x00000000e8100000| Untracked 
| 130|0x00000000e8200000, 0x00000000e8200000, 0x00000000e8300000|  0%| F|  |TAMS 0x00000000e8200000, 0x00000000e8200000| Untracked 
| 131|0x00000000e8300000, 0x00000000e8300000, 0x00000000e8400000|  0%| F|  |TAMS 0x00000000e8300000, 0x00000000e8300000| Untracked 
| 132|0x00000000e8400000, 0x00000000e8400000, 0x00000000e8500000|  0%| F|  |TAMS 0x00000000e8400000, 0x00000000e8400000| Untracked 
| 133|0x00000000e8500000, 0x00000000e8600000, 0x00000000e8600000|100%| S|CS|TAMS 0x00000000e8500000, 0x00000000e8500000| Complete 
| 134|0x00000000e8600000, 0x00000000e8700000, 0x00000000e8700000|100%| S|CS|TAMS 0x00000000e8600000, 0x00000000e8600000| Complete 
| 135|0x00000000e8700000, 0x00000000e8800000, 0x00000000e8800000|100%| S|CS|TAMS 0x00000000e8700000, 0x00000000e8700000| Complete 
| 136|0x00000000e8800000, 0x00000000e8900000, 0x00000000e8900000|100%| S|CS|TAMS 0x00000000e8800000, 0x00000000e8800000| Complete 
| 137|0x00000000e8900000, 0x00000000e8a00000, 0x00000000e8a00000|100%| S|CS|TAMS 0x00000000e8900000, 0x00000000e8900000| Complete 
| 138|0x00000000e8a00000, 0x00000000e8b00000, 0x00000000e8b00000|100%| S|CS|TAMS 0x00000000e8a00000, 0x00000000e8a00000| Complete 
| 139|0x00000000e8b00000, 0x00000000e8c00000, 0x00000000e8c00000|100%| S|CS|TAMS 0x00000000e8b00000, 0x00000000e8b00000| Complete 
| 140|0x00000000e8c00000, 0x00000000e8d00000, 0x00000000e8d00000|100%| S|CS|TAMS 0x00000000e8c00000, 0x00000000e8c00000| Complete 
| 141|0x00000000e8d00000, 0x00000000e8e00000, 0x00000000e8e00000|100%| S|CS|TAMS 0x00000000e8d00000, 0x00000000e8d00000| Complete 
| 142|0x00000000e8e00000, 0x00000000e8f00000, 0x00000000e8f00000|100%| S|CS|TAMS 0x00000000e8e00000, 0x00000000e8e00000| Complete 
| 143|0x00000000e8f00000, 0x00000000e9000000, 0x00000000e9000000|100%| S|CS|TAMS 0x00000000e8f00000, 0x00000000e8f00000| Complete 
| 144|0x00000000e9000000, 0x00000000e9100000, 0x00000000e9100000|100%| S|CS|TAMS 0x00000000e9000000, 0x00000000e9000000| Complete 
| 145|0x00000000e9100000, 0x00000000e9100000, 0x00000000e9200000|  0%| F|  |TAMS 0x00000000e9100000, 0x00000000e9100000| Untracked 
| 146|0x00000000e9200000, 0x00000000e9200000, 0x00000000e9300000|  0%| F|  |TAMS 0x00000000e9200000, 0x00000000e9200000| Untracked 
| 147|0x00000000e9300000, 0x00000000e9300000, 0x00000000e9400000|  0%| F|  |TAMS 0x00000000e9300000, 0x00000000e9300000| Untracked 
| 148|0x00000000e9400000, 0x00000000e9400000, 0x00000000e9500000|  0%| F|  |TAMS 0x00000000e9400000, 0x00000000e9400000| Untracked 
| 149|0x00000000e9500000, 0x00000000e9500000, 0x00000000e9600000|  0%| F|  |TAMS 0x00000000e9500000, 0x00000000e9500000| Untracked 
| 150|0x00000000e9600000, 0x00000000e9600000, 0x00000000e9700000|  0%| F|  |TAMS 0x00000000e9600000, 0x00000000e9600000| Untracked 
| 151|0x00000000e9700000, 0x00000000e9700000, 0x00000000e9800000|  0%| F|  |TAMS 0x00000000e9700000, 0x00000000e9700000| Untracked 
| 152|0x00000000e9800000, 0x00000000e9800000, 0x00000000e9900000|  0%| F|  |TAMS 0x00000000e9800000, 0x00000000e9800000| Untracked 
| 153|0x00000000e9900000, 0x00000000e9900000, 0x00000000e9a00000|  0%| F|  |TAMS 0x00000000e9900000, 0x00000000e9900000| Untracked 
| 154|0x00000000e9a00000, 0x00000000e9b00000, 0x00000000e9b00000|100%| S|CS|TAMS 0x00000000e9a00000, 0x00000000e9a00000| Complete 
| 155|0x00000000e9b00000, 0x00000000e9c00000, 0x00000000e9c00000|100%| S|CS|TAMS 0x00000000e9b00000, 0x00000000e9b00000| Complete 
| 156|0x00000000e9c00000, 0x00000000e9c00000, 0x00000000e9d00000|  0%| F|  |TAMS 0x00000000e9c00000, 0x00000000e9c00000| Untracked 
| 157|0x00000000e9d00000, 0x00000000e9d00000, 0x00000000e9e00000|  0%| F|  |TAMS 0x00000000e9d00000, 0x00000000e9d00000| Untracked 
| 158|0x00000000e9e00000, 0x00000000e9e00000, 0x00000000e9f00000|  0%| F|  |TAMS 0x00000000e9e00000, 0x00000000e9e00000| Untracked 
| 159|0x00000000e9f00000, 0x00000000e9f00000, 0x00000000ea000000|  0%| F|  |TAMS 0x00000000e9f00000, 0x00000000e9f00000| Untracked 
| 160|0x00000000ea000000, 0x00000000ea000000, 0x00000000ea100000|  0%| F|  |TAMS 0x00000000ea000000, 0x00000000ea000000| Untracked 
| 161|0x00000000ea100000, 0x00000000ea100000, 0x00000000ea200000|  0%| F|  |TAMS 0x00000000ea100000, 0x00000000ea100000| Untracked 
| 162|0x00000000ea200000, 0x00000000ea200000, 0x00000000ea300000|  0%| F|  |TAMS 0x00000000ea200000, 0x00000000ea200000| Untracked 
| 163|0x00000000ea300000, 0x00000000ea300000, 0x00000000ea400000|  0%| F|  |TAMS 0x00000000ea300000, 0x00000000ea300000| Untracked 
| 164|0x00000000ea400000, 0x00000000ea400000, 0x00000000ea500000|  0%| F|  |TAMS 0x00000000ea400000, 0x00000000ea400000| Untracked 
| 165|0x00000000ea500000, 0x00000000ea500000, 0x00000000ea600000|  0%| F|  |TAMS 0x00000000ea500000, 0x00000000ea500000| Untracked 
| 166|0x00000000ea600000, 0x00000000ea600000, 0x00000000ea700000|  0%| F|  |TAMS 0x00000000ea600000, 0x00000000ea600000| Untracked 
| 167|0x00000000ea700000, 0x00000000ea700000, 0x00000000ea800000|  0%| F|  |TAMS 0x00000000ea700000, 0x00000000ea700000| Untracked 
| 168|0x00000000ea800000, 0x00000000ea800000, 0x00000000ea900000|  0%| F|  |TAMS 0x00000000ea800000, 0x00000000ea800000| Untracked 
| 169|0x00000000ea900000, 0x00000000ea900000, 0x00000000eaa00000|  0%| F|  |TAMS 0x00000000ea900000, 0x00000000ea900000| Untracked 
| 170|0x00000000eaa00000, 0x00000000eaa00000, 0x00000000eab00000|  0%| F|  |TAMS 0x00000000eaa00000, 0x00000000eaa00000| Untracked 
| 171|0x00000000eab00000, 0x00000000eab00000, 0x00000000eac00000|  0%| F|  |TAMS 0x00000000eab00000, 0x00000000eab00000| Untracked 
| 172|0x00000000eac00000, 0x00000000eac00000, 0x00000000ead00000|  0%| F|  |TAMS 0x00000000eac00000, 0x00000000eac00000| Untracked 
| 173|0x00000000ead00000, 0x00000000ead00000, 0x00000000eae00000|  0%| F|  |TAMS 0x00000000ead00000, 0x00000000ead00000| Untracked 
| 174|0x00000000eae00000, 0x00000000eae00000, 0x00000000eaf00000|  0%| F|  |TAMS 0x00000000eae00000, 0x00000000eae00000| Untracked 
| 175|0x00000000eaf00000, 0x00000000eaf00000, 0x00000000eb000000|  0%| F|  |TAMS 0x00000000eaf00000, 0x00000000eaf00000| Untracked 
| 176|0x00000000eb000000, 0x00000000eb000000, 0x00000000eb100000|  0%| F|  |TAMS 0x00000000eb000000, 0x00000000eb000000| Untracked 
| 177|0x00000000eb100000, 0x00000000eb100000, 0x00000000eb200000|  0%| F|  |TAMS 0x00000000eb100000, 0x00000000eb100000| Untracked 
| 178|0x00000000eb200000, 0x00000000eb200000, 0x00000000eb300000|  0%| F|  |TAMS 0x00000000eb200000, 0x00000000eb200000| Untracked 
| 179|0x00000000eb300000, 0x00000000eb300000, 0x00000000eb400000|  0%| F|  |TAMS 0x00000000eb300000, 0x00000000eb300000| Untracked 
| 180|0x00000000eb400000, 0x00000000eb400000, 0x00000000eb500000|  0%| F|  |TAMS 0x00000000eb400000, 0x00000000eb400000| Untracked 
| 181|0x00000000eb500000, 0x00000000eb500000, 0x00000000eb600000|  0%| F|  |TAMS 0x00000000eb500000, 0x00000000eb500000| Untracked 
| 182|0x00000000eb600000, 0x00000000eb600000, 0x00000000eb700000|  0%| F|  |TAMS 0x00000000eb600000, 0x00000000eb600000| Untracked 
| 183|0x00000000eb700000, 0x00000000eb700000, 0x00000000eb800000|  0%| F|  |TAMS 0x00000000eb700000, 0x00000000eb700000| Untracked 
| 184|0x00000000eb800000, 0x00000000eb800000, 0x00000000eb900000|  0%| F|  |TAMS 0x00000000eb800000, 0x00000000eb800000| Untracked 
| 185|0x00000000eb900000, 0x00000000eb900000, 0x00000000eba00000|  0%| F|  |TAMS 0x00000000eb900000, 0x00000000eb900000| Untracked 
| 186|0x00000000eba00000, 0x00000000eba00000, 0x00000000ebb00000|  0%| F|  |TAMS 0x00000000eba00000, 0x00000000eba00000| Untracked 
| 187|0x00000000ebb00000, 0x00000000ebb00000, 0x00000000ebc00000|  0%| F|  |TAMS 0x00000000ebb00000, 0x00000000ebb00000| Untracked 
| 188|0x00000000ebc00000, 0x00000000ebc00000, 0x00000000ebd00000|  0%| F|  |TAMS 0x00000000ebc00000, 0x00000000ebc00000| Untracked 
| 189|0x00000000ebd00000, 0x00000000ebd00000, 0x00000000ebe00000|  0%| F|  |TAMS 0x00000000ebd00000, 0x00000000ebd00000| Untracked 
| 190|0x00000000ebe00000, 0x00000000ebe00000, 0x00000000ebf00000|  0%| F|  |TAMS 0x00000000ebe00000, 0x00000000ebe00000| Untracked 
| 191|0x00000000ebf00000, 0x00000000ebf00000, 0x00000000ec000000|  0%| F|  |TAMS 0x00000000ebf00000, 0x00000000ebf00000| Untracked 
| 192|0x00000000ec000000, 0x00000000ec000000, 0x00000000ec100000|  0%| F|  |TAMS 0x00000000ec000000, 0x00000000ec000000| Untracked 
| 193|0x00000000ec100000, 0x00000000ec100000, 0x00000000ec200000|  0%| F|  |TAMS 0x00000000ec100000, 0x00000000ec100000| Untracked 
| 194|0x00000000ec200000, 0x00000000ec200000, 0x00000000ec300000|  0%| F|  |TAMS 0x00000000ec200000, 0x00000000ec200000| Untracked 
| 195|0x00000000ec300000, 0x00000000ec300000, 0x00000000ec400000|  0%| F|  |TAMS 0x00000000ec300000, 0x00000000ec300000| Untracked 
| 196|0x00000000ec400000, 0x00000000ec400000, 0x00000000ec500000|  0%| F|  |TAMS 0x00000000ec400000, 0x00000000ec400000| Untracked 
| 197|0x00000000ec500000, 0x00000000ec500000, 0x00000000ec600000|  0%| F|  |TAMS 0x00000000ec500000, 0x00000000ec500000| Untracked 
| 198|0x00000000ec600000, 0x00000000ec600000, 0x00000000ec700000|  0%| F|  |TAMS 0x00000000ec600000, 0x00000000ec600000| Untracked 
| 199|0x00000000ec700000, 0x00000000ec700000, 0x00000000ec800000|  0%| F|  |TAMS 0x00000000ec700000, 0x00000000ec700000| Untracked 
| 200|0x00000000ec800000, 0x00000000ec800000, 0x00000000ec900000|  0%| F|  |TAMS 0x00000000ec800000, 0x00000000ec800000| Untracked 
| 201|0x00000000ec900000, 0x00000000ec900000, 0x00000000eca00000|  0%| F|  |TAMS 0x00000000ec900000, 0x00000000ec900000| Untracked 
| 202|0x00000000eca00000, 0x00000000eca00000, 0x00000000ecb00000|  0%| F|  |TAMS 0x00000000eca00000, 0x00000000eca00000| Untracked 
| 203|0x00000000ecb00000, 0x00000000ecb00000, 0x00000000ecc00000|  0%| F|  |TAMS 0x00000000ecb00000, 0x00000000ecb00000| Untracked 
| 204|0x00000000ecc00000, 0x00000000ecc00000, 0x00000000ecd00000|  0%| F|  |TAMS 0x00000000ecc00000, 0x00000000ecc00000| Untracked 
| 205|0x00000000ecd00000, 0x00000000ecd00000, 0x00000000ece00000|  0%| F|  |TAMS 0x00000000ecd00000, 0x00000000ecd00000| Untracked 
| 206|0x00000000ece00000, 0x00000000ece00000, 0x00000000ecf00000|  0%| F|  |TAMS 0x00000000ece00000, 0x00000000ece00000| Untracked 
| 207|0x00000000ecf00000, 0x00000000ecf00000, 0x00000000ed000000|  0%| F|  |TAMS 0x00000000ecf00000, 0x00000000ecf00000| Untracked 
| 208|0x00000000ed000000, 0x00000000ed000000, 0x00000000ed100000|  0%| F|  |TAMS 0x00000000ed000000, 0x00000000ed000000| Untracked 
| 209|0x00000000ed100000, 0x00000000ed100000, 0x00000000ed200000|  0%| F|  |TAMS 0x00000000ed100000, 0x00000000ed100000| Untracked 
| 210|0x00000000ed200000, 0x00000000ed200000, 0x00000000ed300000|  0%| F|  |TAMS 0x00000000ed200000, 0x00000000ed200000| Untracked 
| 211|0x00000000ed300000, 0x00000000ed300000, 0x00000000ed400000|  0%| F|  |TAMS 0x00000000ed300000, 0x00000000ed300000| Untracked 
| 212|0x00000000ed400000, 0x00000000ed400000, 0x00000000ed500000|  0%| F|  |TAMS 0x00000000ed400000, 0x00000000ed400000| Untracked 
| 213|0x00000000ed500000, 0x00000000ed500000, 0x00000000ed600000|  0%| F|  |TAMS 0x00000000ed500000, 0x00000000ed500000| Untracked 
| 214|0x00000000ed600000, 0x00000000ed600000, 0x00000000ed700000|  0%| F|  |TAMS 0x00000000ed600000, 0x00000000ed600000| Untracked 
| 215|0x00000000ed700000, 0x00000000ed700000, 0x00000000ed800000|  0%| F|  |TAMS 0x00000000ed700000, 0x00000000ed700000| Untracked 
| 216|0x00000000ed800000, 0x00000000ed800000, 0x00000000ed900000|  0%| F|  |TAMS 0x00000000ed800000, 0x00000000ed800000| Untracked 
| 217|0x00000000ed900000, 0x00000000ed900000, 0x00000000eda00000|  0%| F|  |TAMS 0x00000000ed900000, 0x00000000ed900000| Untracked 
| 218|0x00000000eda00000, 0x00000000eda00000, 0x00000000edb00000|  0%| F|  |TAMS 0x00000000eda00000, 0x00000000eda00000| Untracked 
| 219|0x00000000edb00000, 0x00000000edb00000, 0x00000000edc00000|  0%| F|  |TAMS 0x00000000edb00000, 0x00000000edb00000| Untracked 
| 220|0x00000000edc00000, 0x00000000edc00000, 0x00000000edd00000|  0%| F|  |TAMS 0x00000000edc00000, 0x00000000edc00000| Untracked 
| 221|0x00000000edd00000, 0x00000000edd00000, 0x00000000ede00000|  0%| F|  |TAMS 0x00000000edd00000, 0x00000000edd00000| Untracked 
| 222|0x00000000ede00000, 0x00000000ede00000, 0x00000000edf00000|  0%| F|  |TAMS 0x00000000ede00000, 0x00000000ede00000| Untracked 
| 223|0x00000000edf00000, 0x00000000edf00000, 0x00000000ee000000|  0%| F|  |TAMS 0x00000000edf00000, 0x00000000edf00000| Untracked 
| 224|0x00000000ee000000, 0x00000000ee000000, 0x00000000ee100000|  0%| F|  |TAMS 0x00000000ee000000, 0x00000000ee000000| Untracked 
| 225|0x00000000ee100000, 0x00000000ee100000, 0x00000000ee200000|  0%| F|  |TAMS 0x00000000ee100000, 0x00000000ee100000| Untracked 
| 226|0x00000000ee200000, 0x00000000ee200000, 0x00000000ee300000|  0%| F|  |TAMS 0x00000000ee200000, 0x00000000ee200000| Untracked 
| 227|0x00000000ee300000, 0x00000000ee300000, 0x00000000ee400000|  0%| F|  |TAMS 0x00000000ee300000, 0x00000000ee300000| Untracked 
| 228|0x00000000ee400000, 0x00000000ee400000, 0x00000000ee500000|  0%| F|  |TAMS 0x00000000ee400000, 0x00000000ee400000| Untracked 
| 229|0x00000000ee500000, 0x00000000ee500000, 0x00000000ee600000|  0%| F|  |TAMS 0x00000000ee500000, 0x00000000ee500000| Untracked 
| 230|0x00000000ee600000, 0x00000000ee600000, 0x00000000ee700000|  0%| F|  |TAMS 0x00000000ee600000, 0x00000000ee600000| Untracked 
| 231|0x00000000ee700000, 0x00000000ee700000, 0x00000000ee800000|  0%| F|  |TAMS 0x00000000ee700000, 0x00000000ee700000| Untracked 
| 232|0x00000000ee800000, 0x00000000ee800000, 0x00000000ee900000|  0%| F|  |TAMS 0x00000000ee800000, 0x00000000ee800000| Untracked 
| 233|0x00000000ee900000, 0x00000000ee900000, 0x00000000eea00000|  0%| F|  |TAMS 0x00000000ee900000, 0x00000000ee900000| Untracked 
| 234|0x00000000eea00000, 0x00000000eea00000, 0x00000000eeb00000|  0%| F|  |TAMS 0x00000000eea00000, 0x00000000eea00000| Untracked 
| 235|0x00000000eeb00000, 0x00000000eeb00000, 0x00000000eec00000|  0%| F|  |TAMS 0x00000000eeb00000, 0x00000000eeb00000| Untracked 
| 236|0x00000000eec00000, 0x00000000eec00000, 0x00000000eed00000|  0%| F|  |TAMS 0x00000000eec00000, 0x00000000eec00000| Untracked 
| 237|0x00000000eed00000, 0x00000000eed00000, 0x00000000eee00000|  0%| F|  |TAMS 0x00000000eed00000, 0x00000000eed00000| Untracked 
| 238|0x00000000eee00000, 0x00000000eee00000, 0x00000000eef00000|  0%| F|  |TAMS 0x00000000eee00000, 0x00000000eee00000| Untracked 
| 239|0x00000000eef00000, 0x00000000eef00000, 0x00000000ef000000|  0%| F|  |TAMS 0x00000000eef00000, 0x00000000eef00000| Untracked 
| 240|0x00000000ef000000, 0x00000000ef0cf618, 0x00000000ef100000| 81%| E|  |TAMS 0x00000000ef000000, 0x00000000ef000000| Complete 
| 241|0x00000000ef100000, 0x00000000ef200000, 0x00000000ef200000|100%| E|CS|TAMS 0x00000000ef100000, 0x00000000ef100000| Complete 
| 242|0x00000000ef200000, 0x00000000ef300000, 0x00000000ef300000|100%| E|CS|TAMS 0x00000000ef200000, 0x00000000ef200000| Complete 
| 243|0x00000000ef300000, 0x00000000ef400000, 0x00000000ef400000|100%| E|CS|TAMS 0x00000000ef300000, 0x00000000ef300000| Complete 
| 244|0x00000000ef400000, 0x00000000ef500000, 0x00000000ef500000|100%| E|CS|TAMS 0x00000000ef400000, 0x00000000ef400000| Complete 
| 245|0x00000000ef500000, 0x00000000ef600000, 0x00000000ef600000|100%| E|CS|TAMS 0x00000000ef500000, 0x00000000ef500000| Complete 
| 246|0x00000000ef600000, 0x00000000ef700000, 0x00000000ef700000|100%| E|  |TAMS 0x00000000ef600000, 0x00000000ef600000| Complete 
| 247|0x00000000ef700000, 0x00000000ef800000, 0x00000000ef800000|100%| E|CS|TAMS 0x00000000ef700000, 0x00000000ef700000| Complete 
| 248|0x00000000ef800000, 0x00000000ef900000, 0x00000000ef900000|100%| E|CS|TAMS 0x00000000ef800000, 0x00000000ef800000| Complete 
| 249|0x00000000ef900000, 0x00000000efa00000, 0x00000000efa00000|100%| E|CS|TAMS 0x00000000ef900000, 0x00000000ef900000| Complete 
| 250|0x00000000efa00000, 0x00000000efb00000, 0x00000000efb00000|100%| E|CS|TAMS 0x00000000efa00000, 0x00000000efa00000| Complete 
| 251|0x00000000efb00000, 0x00000000efc00000, 0x00000000efc00000|100%| E|CS|TAMS 0x00000000efb00000, 0x00000000efb00000| Complete 
| 252|0x00000000efc00000, 0x00000000efd00000, 0x00000000efd00000|100%| E|CS|TAMS 0x00000000efc00000, 0x00000000efc00000| Complete 
| 253|0x00000000efd00000, 0x00000000efe00000, 0x00000000efe00000|100%| E|CS|TAMS 0x00000000efd00000, 0x00000000efd00000| Complete 
| 254|0x00000000efe00000, 0x00000000eff00000, 0x00000000eff00000|100%| E|CS|TAMS 0x00000000efe00000, 0x00000000efe00000| Complete 
| 255|0x00000000eff00000, 0x00000000f0000000, 0x00000000f0000000|100%| E|CS|TAMS 0x00000000eff00000, 0x00000000eff00000| Complete 

Card table byte_map: [0x0000024a6b770000,0x0000024a6b870000] _byte_map_base: 0x0000024a6b070000

Marking Bits (Prev, Next): (CMBitMap*) 0x0000024a523dd318, (CMBitMap*) 0x0000024a523dd350
 Prev Bits: [0x0000024a6b970000, 0x0000024a6c170000)
 Next Bits: [0x0000024a6c170000, 0x0000024a6c970000)

Polling page: 0x0000024a5c020000

Metaspace:

Usage:
  Non-class:     75.34 MB capacity,    73.50 MB ( 98%) used,     1.59 MB (  2%) free+waste,   253.69 KB ( <1%) overhead. 
      Class:     11.79 MB capacity,    10.68 MB ( 91%) used,  1021.96 KB (  8%) free+waste,   118.19 KB ( <1%) overhead. 
       Both:     87.13 MB capacity,    84.18 MB ( 97%) used,     2.59 MB (  3%) free+waste,   371.88 KB ( <1%) overhead. 

Virtual space:
  Non-class space:       78.00 MB reserved,      75.50 MB ( 97%) committed 
      Class space:      248.00 MB reserved,      11.88 MB (  5%) committed 
             Both:      326.00 MB reserved,      87.38 MB ( 27%) committed 

Chunk freelists:
   Non-Class:  3.88 KB
       Class:  2.13 KB
        Both:  6.00 KB

CodeHeap 'non-profiled nmethods': size=120064Kb used=7248Kb max_used=7248Kb free=112815Kb
 bounds [0x0000024a63b00000, 0x0000024a64220000, 0x0000024a6b040000]
CodeHeap 'profiled nmethods': size=120000Kb used=27123Kb max_used=27123Kb free=92876Kb
 bounds [0x0000024a5c5d0000, 0x0000024a5e050000, 0x0000024a63b00000]
CodeHeap 'non-nmethods': size=5696Kb used=2275Kb max_used=2337Kb free=3420Kb
 bounds [0x0000024a5c040000, 0x0000024a5c2b0000, 0x0000024a5c5d0000]
 total_blobs=13298 nmethods=12433 adapters=775
 compilation: enabled
              stopped_count=0, restarted_count=0
 full_count=0

Compilation events (10 events):
Event: 143.560 Thread 0x0000024a6efb3800 12626       3       kotlin.reflect.jvm.internal.ReflectProperties$Val::<init> (5 bytes)
Event: 143.560 Thread 0x0000024a6efb3800 nmethod 12626 0x0000024a5e030e10 code [0x0000024a5e030fc0, 0x0000024a5e031118]
Event: 143.563 Thread 0x0000024a6efb3800 12627       1       org.gradle.internal.execution.steps.ResolveChangesStep$1::getBeforeExecutionState (5 bytes)
Event: 143.564 Thread 0x0000024a6efb3800 nmethod 12627 0x0000024a64213a90 code [0x0000024a64213c20, 0x0000024a64213cd8]
Event: 143.590 Thread 0x0000024a6efb3800 12628       3       org.gradle.internal.snapshot.impl.SnapshotSerializer::write (886 bytes)
Event: 143.601 Thread 0x0000024a6efb3800 nmethod 12628 0x0000024a5e031210 code [0x0000024a5e031ce0, 0x0000024a5e03a018]
Event: 143.601 Thread 0x0000024a6efb3800 12629       1       org.gradle.api.internal.artifacts.transform.TransformationStep::access$100 (5 bytes)
Event: 143.601 Thread 0x0000024a6efb3800 nmethod 12629 0x0000024a64213d90 code [0x0000024a64213f20, 0x0000024a64213fb8]
Event: 143.611 Thread 0x0000024a6efb3800 12630       3       org.gradle.execution.plan.DefaultPlanExecutor::access$100 (4 bytes)
Event: 143.611 Thread 0x0000024a6efb3800 nmethod 12630 0x0000024a5e03bb90 code [0x0000024a5e03bd20, 0x0000024a5e03be18]

GC Heap History (10 events):
Event: 28.403 GC heap before
{Heap before GC invocations=12 (full 0):
 garbage-first heap   total 262144K, used 180945K [0x00000000e0000000, 0x0000000100000000)
  region size 1024K, 153 young (156672K), 20 survivors (20480K)
 Metaspace       used 68440K, capacity 70457K, committed 70656K, reserved 315392K
  class space    used 8895K, capacity 9665K, committed 9728K, reserved 253952K
}
Event: 28.490 GC heap after
{Heap after GC invocations=13 (full 0):
 garbage-first heap   total 262144K, used 58320K [0x00000000e0000000, 0x0000000100000000)
  region size 1024K, 14 young (14336K), 14 survivors (14336K)
 Metaspace       used 68440K, capacity 70457K, committed 70656K, reserved 315392K
  class space    used 8895K, capacity 9665K, committed 9728K, reserved 253952K
}
Event: 32.932 GC heap before
{Heap before GC invocations=13 (full 0):
 garbage-first heap   total 262144K, used 102352K [0x00000000e0000000, 0x0000000100000000)
  region size 1024K, 59 young (60416K), 14 survivors (14336K)
 Metaspace       used 73458K, capacity 75829K, committed 75904K, reserved 319488K
  class space    used 9408K, capacity 10344K, committed 10368K, reserved 253952K
}
Event: 32.987 GC heap after
{Heap after GC invocations=14 (full 0):
 garbage-first heap   total 262144K, used 65536K [0x00000000e0000000, 0x0000000100000000)
  region size 1024K, 7 young (7168K), 7 survivors (7168K)
 Metaspace       used 73458K, capacity 75829K, committed 75904K, reserved 319488K
  class space    used 9408K, capacity 10344K, committed 10368K, reserved 253952K
}
Event: 123.095 GC heap before
{Heap before GC invocations=15 (full 0):
 garbage-first heap   total 262144K, used 174080K [0x00000000e0000000, 0x0000000100000000)
  region size 1024K, 114 young (116736K), 7 survivors (7168K)
 Metaspace       used 79623K, capacity 82306K, committed 82432K, reserved 325632K
  class space    used 10248K, capacity 11264K, committed 11264K, reserved 253952K
}
Event: 123.159 GC heap after
{Heap after GC invocations=16 (full 0):
 garbage-first heap   total 262144K, used 78848K [0x00000000e0000000, 0x0000000100000000)
  region size 1024K, 15 young (15360K), 15 survivors (15360K)
 Metaspace       used 79623K, capacity 82306K, committed 82432K, reserved 325632K
  class space    used 10248K, capacity 11264K, committed 11264K, reserved 253952K
}
Event: 132.929 GC heap before
{Heap before GC invocations=16 (full 0):
 garbage-first heap   total 262144K, used 182272K [0x00000000e0000000, 0x0000000100000000)
  region size 1024K, 117 young (119808K), 15 survivors (15360K)
 Metaspace       used 83922K, capacity 86747K, committed 86912K, reserved 329728K
  class space    used 10756K, capacity 11871K, committed 11904K, reserved 253952K
}
Event: 133.003 GC heap after
{Heap after GC invocations=17 (full 0):
 garbage-first heap   total 262144K, used 88199K [0x00000000e0000000, 0x0000000100000000)
  region size 1024K, 9 young (9216K), 9 survivors (9216K)
 Metaspace       used 83922K, capacity 86747K, committed 86912K, reserved 329728K
  class space    used 10756K, capacity 11871K, committed 11904K, reserved 253952K
}
Event: 141.856 GC heap before
{Heap before GC invocations=17 (full 0):
 garbage-first heap   total 262144K, used 192647K [0x00000000e0000000, 0x0000000100000000)
  region size 1024K, 109 young (111616K), 9 survivors (9216K)
 Metaspace       used 85726K, capacity 88767K, committed 88832K, reserved 331776K
  class space    used 10891K, capacity 11991K, committed 12032K, reserved 253952K
}
Event: 141.918 GC heap after
{Heap after GC invocations=18 (full 0):
 garbage-first heap   total 262144K, used 103267K [0x00000000e0000000, 0x0000000100000000)
  region size 1024K, 14 young (14336K), 14 survivors (14336K)
 Metaspace       used 85726K, capacity 88767K, committed 88832K, reserved 331776K
  class space    used 10891K, capacity 11991K, committed 12032K, reserved 253952K
}

Deoptimization events (10 events):
Event: 142.139 Thread 0x0000024a71dc3000 Uncommon trap: reason=array_check action=maybe_recompile pc=0x0000024a640f3038 method=java.util.TimSort.binarySort([Ljava/lang/Object;IIILjava/util/Comparator;)V @ 183 c2
Event: 142.147 Thread 0x0000024a71dc3000 Uncommon trap: reason=array_check action=maybe_recompile pc=0x0000024a640f3038 method=java.util.TimSort.binarySort([Ljava/lang/Object;IIILjava/util/Comparator;)V @ 183 c2
Event: 143.196 Thread 0x0000024a75ad1800 Uncommon trap: reason=class_check action=maybe_recompile pc=0x0000024a63c3a1d4 method=java.lang.Throwable.<init>(Ljava/lang/String;Ljava/lang/Throwable;)V @ 24 c2
Event: 143.197 Thread 0x0000024a75ad1800 Uncommon trap: reason=class_check action=maybe_recompile pc=0x0000024a63c3a1d4 method=java.lang.Throwable.<init>(Ljava/lang/String;Ljava/lang/Throwable;)V @ 24 c2
Event: 143.198 Thread 0x0000024a75ad1800 Uncommon trap: reason=unstable_if action=reinterpret pc=0x0000024a63f4d0b0 method=org.gradle.internal.operations.DefaultBuildOperationExecutor$ListenerAdapter.stop(Lorg/gradle/internal/operations/BuildOperationDescriptor;Lorg/gradle/internal/operations/Bu
Event: 143.559 Thread 0x0000024a71dc4000 Uncommon trap: reason=class_check action=maybe_recompile pc=0x0000024a641ebb40 method=com.google.gson.stream.JsonWriter.newline()V @ 15 c2
Event: 143.560 Thread 0x0000024a71dc4000 Uncommon trap: reason=unstable_if action=reinterpret pc=0x0000024a641e35b0 method=com.google.gson.stream.JsonWriter.string(Ljava/lang/String;)V @ 4 c2
Event: 143.560 Thread 0x0000024a71dc4000 Uncommon trap: reason=class_check action=maybe_recompile pc=0x0000024a641ebb40 method=com.google.gson.stream.JsonWriter.newline()V @ 15 c2
Event: 143.560 Thread 0x0000024a71dc4000 Uncommon trap: reason=class_check action=maybe_recompile pc=0x0000024a641ebb40 method=com.google.gson.stream.JsonWriter.newline()V @ 15 c2
Event: 143.560 Thread 0x0000024a71dc4000 Uncommon trap: reason=class_check action=maybe_recompile pc=0x0000024a641ebb40 method=com.google.gson.stream.JsonWriter.newline()V @ 15 c2

Classes redefined (0 events):
No events

Internal exceptions (10 events):
Event: 142.048 Thread 0x0000024a71dc3000 Implicit null exception at 0x0000024a641d3dc5 to 0x0000024a641db650
Event: 142.140 Thread 0x0000024a71dc3000 Exception <a 'java/lang/NoSuchMethodError'{0x00000000efc6c7b8}: static Lcom/android/build/gradle/internal/res/Aapt2CompileRunnable$Params;.<clinit>()V> (0x00000000efc6c7b8) thrown at [./open/src/hotspot/share/prims/jni.cpp, line 1362]
Event: 142.146 Thread 0x0000024a71dc3000 Exception <a 'java/lang/NoSuchMethodError'{0x00000000efc7c2f0}: static Lcom/android/build/gradle/internal/services/Aapt2DaemonServiceKey;.<clinit>()V> (0x00000000efc7c2f0) thrown at [./open/src/hotspot/share/prims/jni.cpp, line 1362]
Event: 142.151 Thread 0x0000024a71dc3000 Exception <a 'java/lang/NoSuchMethodError'{0x00000000efc9f898}: static Lcom/android/ide/common/resources/CompileResourceRequest;.<clinit>()V> (0x00000000efc9f898) thrown at [./open/src/hotspot/share/prims/jni.cpp, line 1362]
Event: 143.197 Thread 0x0000024a75ad1800 Exception <a 'java/io/IOException'{0x00000000ef57cc38}> (0x00000000ef57cc38) thrown at [./open/src/hotspot/share/prims/jni.cpp, line 611]
Event: 143.476 Thread 0x0000024a71dc6800 Exception <a 'java/io/IOException'{0x00000000ef494e88}> (0x00000000ef494e88) thrown at [./open/src/hotspot/share/prims/jni.cpp, line 611]
Event: 143.505 Thread 0x0000024a71dc6800 Exception <a 'java/io/IOException'{0x00000000ef2127b0}: CreateProcess error=1455, The paging file is too small for this operation to complete> (0x00000000ef2127b0) thrown at [./open/src/hotspot/share/prims/jni.cpp, line 632]
Event: 143.520 Thread 0x0000024a71dc6800 Exception <a 'java/io/IOException'{0x00000000ef271b08}: CreateProcess error=1455, The paging file is too small for this operation to complete> (0x00000000ef271b08) thrown at [./open/src/hotspot/share/prims/jni.cpp, line 632]
Event: 143.533 Thread 0x0000024a71dc6800 Exception <a 'java/io/IOException'{0x00000000ef2c67a8}: CreateProcess error=8, Not enough memory resources are available to process this command> (0x00000000ef2c67a8) thrown at [./open/src/hotspot/share/prims/jni.cpp, line 632]
Event: 143.538 Thread 0x0000024a71dc4000 Exception <a 'java/lang/NoSuchMethodError'{0x00000000ef2d90b8}: static Lcom/android/build/api/variant/impl/VariantOutputConfigurationImpl;.<clinit>()V> (0x00000000ef2d90b8) thrown at [./open/src/hotspot/share/prims/jni.cpp, line 1362]

Events (10 events):
Event: 143.560 Thread 0x0000024a71dc4000 DEOPT UNPACKING pc=0x0000024a5c06662f sp=0x000000581f1fb430 mode 2
Event: 143.560 Thread 0x0000024a71dc4000 Uncommon trap: trap_request=0xffffffde fr.pc=0x0000024a641ebb40 relative=0x0000000000000100
Event: 143.560 Thread 0x0000024a71dc4000 DEOPT PACKING pc=0x0000024a641ebb40 sp=0x000000581f1fb430
Event: 143.560 Thread 0x0000024a71dc4000 DEOPT UNPACKING pc=0x0000024a5c06662f sp=0x000000581f1fb3c0 mode 2
Event: 143.560 Thread 0x0000024a71dc4000 Uncommon trap: trap_request=0xffffffde fr.pc=0x0000024a641ebb40 relative=0x0000000000000100
Event: 143.560 Thread 0x0000024a71dc4000 DEOPT PACKING pc=0x0000024a641ebb40 sp=0x000000581f1fb420
Event: 143.560 Thread 0x0000024a71dc4000 DEOPT UNPACKING pc=0x0000024a5c06662f sp=0x000000581f1fb3b0 mode 2
Event: 143.560 Thread 0x0000024a71dc4000 Uncommon trap: trap_request=0xffffffde fr.pc=0x0000024a641ebb40 relative=0x0000000000000100
Event: 143.560 Thread 0x0000024a71dc4000 DEOPT PACKING pc=0x0000024a641ebb40 sp=0x000000581f1fb420
Event: 143.560 Thread 0x0000024a71dc4000 DEOPT UNPACKING pc=0x0000024a5c06662f sp=0x000000581f1fb3b0 mode 2


Dynamic libraries:
0x00007ff658570000 - 0x00007ff65857f000 	C:\Program Files\Java\jdk-11.0.11\bin\java.exe
0x00007ffd23b10000 - 0x00007ffd23d05000 	C:\Windows\SYSTEM32\ntdll.dll
0x00007ffd21e50000 - 0x00007ffd21f0d000 	C:\Windows\System32\KERNEL32.DLL
0x00007ffd21580000 - 0x00007ffd21848000 	C:\Windows\System32\KERNELBASE.dll
0x00007ffd21850000 - 0x00007ffd21950000 	C:\Windows\System32\ucrtbase.dll
0x00007ffd1cd60000 - 0x00007ffd1cd78000 	C:\Program Files\Java\jdk-11.0.11\bin\jli.dll
0x00007ffd1cd80000 - 0x00007ffd1cd95000 	C:\Program Files\Java\jdk-11.0.11\bin\VCRUNTIME140.dll
0x00007ffd22ce0000 - 0x00007ffd22d8c000 	C:\Windows\System32\ADVAPI32.dll
0x00007ffd23090000 - 0x00007ffd2312e000 	C:\Windows\System32\msvcrt.dll
0x00007ffd22fe0000 - 0x00007ffd2307b000 	C:\Windows\System32\sechost.dll
0x00007ffd239a0000 - 0x00007ffd23acb000 	C:\Windows\System32\RPCRT4.dll
0x00007ffd21b80000 - 0x00007ffd21d20000 	C:\Windows\System32\USER32.dll
0x00007ffd0d5f0000 - 0x00007ffd0d88a000 	C:\Windows\WinSxS\amd64_microsoft.windows.common-controls_6595b64144ccf1df_6.0.19041.1052_none_60b8f8fd71f5e8cb\COMCTL32.dll
0x00007ffd214b0000 - 0x00007ffd214d2000 	C:\Windows\System32\win32u.dll
0x00007ffd23130000 - 0x00007ffd2315a000 	C:\Windows\System32\GDI32.dll
0x00007ffd21950000 - 0x00007ffd21a5b000 	C:\Windows\System32\gdi32full.dll
0x00007ffd214e0000 - 0x00007ffd2157d000 	C:\Windows\System32\msvcp_win.dll
0x00007ffd0efc0000 - 0x00007ffd0efca000 	C:\Windows\SYSTEM32\VERSION.dll
0x00007ffd22ec0000 - 0x00007ffd22ef0000 	C:\Windows\System32\IMM32.DLL
0x00007ffd01330000 - 0x00007ffd013cb000 	C:\Program Files\Java\jdk-11.0.11\bin\msvcp140.dll
0x00007ffcefe30000 - 0x00007ffcf092e000 	C:\Program Files\Java\jdk-11.0.11\bin\server\jvm.dll
0x00007ffd23080000 - 0x00007ffd23088000 	C:\Windows\System32\PSAPI.DLL
0x00007ffd0d9e0000 - 0x00007ffd0da07000 	C:\Windows\SYSTEM32\WINMM.dll
0x00007ffd1e160000 - 0x00007ffd1e169000 	C:\Windows\SYSTEM32\WSOCK32.dll
0x00007ffd23160000 - 0x00007ffd231cb000 	C:\Windows\System32\WS2_32.dll
0x00007ffd1f1a0000 - 0x00007ffd1f1b2000 	C:\Windows\SYSTEM32\kernel.appcore.dll
0x00007ffd1ce40000 - 0x00007ffd1ce50000 	C:\Program Files\Java\jdk-11.0.11\bin\verify.dll
0x00007ffd0dab0000 - 0x00007ffd0dc94000 	C:\Windows\SYSTEM32\DBGHELP.DLL
0x00007ffd0d990000 - 0x00007ffd0d9bc000 	C:\Windows\SYSTEM32\dbgcore.DLL
0x00007ffd21a60000 - 0x00007ffd21ae3000 	C:\Windows\System32\bcryptPrimitives.dll
0x00007ffd171f0000 - 0x00007ffd17218000 	C:\Program Files\Java\jdk-11.0.11\bin\java.dll
0x00007ffd1cdc0000 - 0x00007ffd1cdca000 	C:\Program Files\Java\jdk-11.0.11\bin\jimage.dll
0x00007ffd171d0000 - 0x00007ffd171e6000 	C:\Program Files\Java\jdk-11.0.11\bin\zip.dll
0x00007ffd23260000 - 0x00007ffd2399f000 	C:\Windows\System32\SHELL32.dll
0x00007ffd1f3a0000 - 0x00007ffd1fb30000 	C:\Windows\SYSTEM32\windows.storage.dll
0x00007ffd221b0000 - 0x00007ffd22505000 	C:\Windows\System32\combase.dll
0x00007ffd20bf0000 - 0x00007ffd20c1c000 	C:\Windows\SYSTEM32\Wldp.dll
0x00007ffd21d20000 - 0x00007ffd21dce000 	C:\Windows\System32\SHCORE.dll
0x00007ffd22e00000 - 0x00007ffd22e55000 	C:\Windows\System32\shlwapi.dll
0x00007ffd21190000 - 0x00007ffd211af000 	C:\Windows\SYSTEM32\profapi.dll
0x00007ffd171b0000 - 0x00007ffd171c9000 	C:\Program Files\Java\jdk-11.0.11\bin\net.dll
0x00007ffd165c0000 - 0x00007ffd166cb000 	C:\Windows\SYSTEM32\WINHTTP.dll
0x00007ffd20960000 - 0x00007ffd209ca000 	C:\Windows\system32\mswsock.dll
0x00007ffd16430000 - 0x00007ffd16442000 	C:\Program Files\Java\jdk-11.0.11\bin\nio.dll
0x00007ffd0ad20000 - 0x00007ffd0ad46000 	C:\Users\Acer\.gradle\native\fdc75f09e3144964f2cf3f50f0aa648679c211496f362492102eb8c894070792\windows-amd64\native-platform.dll
0x00007ffcf5f70000 - 0x00007ffcf6101000 	C:\Users\Acer\.gradle\native\12488b8bf47d2d4c9fbf2f6322a914ad602e24e48041cd04a747c6da556b65c4\windows-amd64\native-platform-file-events.dll
0x00007ffd1cd40000 - 0x00007ffd1cd49000 	C:\Program Files\Java\jdk-11.0.11\bin\management.dll
0x00007ffd1cd30000 - 0x00007ffd1cd3b000 	C:\Program Files\Java\jdk-11.0.11\bin\management_ext.dll
0x00007ffd20b40000 - 0x00007ffd20b58000 	C:\Windows\SYSTEM32\CRYPTSP.dll
0x00007ffd20300000 - 0x00007ffd20334000 	C:\Windows\system32\rsaenh.dll
0x00007ffd21b50000 - 0x00007ffd21b77000 	C:\Windows\System32\bcrypt.dll
0x00007ffd21150000 - 0x00007ffd2117e000 	C:\Windows\SYSTEM32\USERENV.dll
0x00007ffd20b30000 - 0x00007ffd20b3c000 	C:\Windows\SYSTEM32\CRYPTBASE.dll
0x00007ffd20650000 - 0x00007ffd2068b000 	C:\Windows\SYSTEM32\IPHLPAPI.DLL
0x00007ffd22ef0000 - 0x00007ffd22ef8000 	C:\Windows\System32\NSI.dll
0x00007ffd192b0000 - 0x00007ffd192c7000 	C:\Windows\SYSTEM32\dhcpcsvc6.DLL
0x00007ffd19f30000 - 0x00007ffd19f4d000 	C:\Windows\SYSTEM32\dhcpcsvc.DLL
0x00007ffd20690000 - 0x00007ffd2075c000 	C:\Windows\SYSTEM32\DNSAPI.dll
0x00007ffd19f70000 - 0x00007ffd19f7b000 	C:\Windows\SYSTEM32\WINNSI.DLL
0x00007ffd1ff90000 - 0x00007ffd1ffc3000 	C:\Windows\SYSTEM32\ntmarta.dll

dbghelp: loaded successfully - version: 4.0.5 - missing functions: none
symbol engine: initialized successfully - sym options: 0x614 - pdb path: .;C:\Program Files\Java\jdk-11.0.11\bin;C:\Windows\SYSTEM32;C:\Windows\WinSxS\amd64_microsoft.windows.common-controls_6595b64144ccf1df_6.0.19041.1052_none_60b8f8fd71f5e8cb;C:\Program Files\Java\jdk-11.0.11\bin\server;C:\Users\Acer\.gradle\native\fdc75f09e3144964f2cf3f50f0aa648679c211496f362492102eb8c894070792\windows-amd64;C:\Users\Acer\.gradle\native\12488b8bf47d2d4c9fbf2f6322a914ad602e24e48041cd04a747c6da556b65c4\windows-amd64

VM Arguments:
jvm_args: --add-opens=java.base/java.util=ALL-UNNAMED --add-opens=java.base/java.lang=ALL-UNNAMED --add-opens=java.base/java.lang.invoke=ALL-UNNAMED --add-opens=java.prefs/java.util.prefs=ALL-UNNAMED -XX:MaxMetaspaceSize=256m -XX:+HeapDumpOnOutOfMemoryError -Xms256m -Xmx512m -Dfile.encoding=windows-1252 -Duser.country=IN -Duser.language=en -Duser.variant 
java_command: org.gradle.launcher.daemon.bootstrap.GradleDaemon 6.7
java_class_path (initial): C:\Users\Acer\.gradle\wrapper\dists\gradle-6.7-all\cuy9mc7upwgwgeb72wkcrupxe\gradle-6.7\lib\gradle-launcher-6.7.jar
Launcher Type: SUN_STANDARD

[Global flags]
     intx CICompilerCount                          = 3                                         {product} {ergonomic}
   size_t CompressedClassSpaceSize                 = 260046848                                 {product} {ergonomic}
     uint ConcGCThreads                            = 1                                         {product} {ergonomic}
     uint G1ConcRefinementThreads                  = 4                                         {product} {ergonomic}
   size_t G1HeapRegionSize                         = 1048576                                   {product} {ergonomic}
    uintx GCDrainStackTargetSize                   = 64                                        {product} {ergonomic}
     bool HeapDumpOnOutOfMemoryError               = true                                   {manageable} {command line}
   size_t InitialHeapSize                          = 268435456                                 {product} {command line}
   size_t MarkStackSize                            = 4194304                                   {product} {ergonomic}
   size_t MaxHeapSize                              = 536870912                                 {product} {command line}
   size_t MaxMetaspaceSize                         = 268435456                                 {product} {command line}
   size_t MaxNewSize                               = 321912832                                 {product} {ergonomic}
   size_t MinHeapDeltaBytes                        = 1048576                                   {product} {ergonomic}
    uintx NonNMethodCodeHeapSize                   = 5830732                                {pd product} {ergonomic}
    uintx NonProfiledCodeHeapSize                  = 122913754                              {pd product} {ergonomic}
    uintx ProfiledCodeHeapSize                     = 122913754                              {pd product} {ergonomic}
    uintx ReservedCodeCacheSize                    = 251658240                              {pd product} {ergonomic}
     bool SegmentedCodeCache                       = true                                      {product} {ergonomic}
     bool UseCompressedClassPointers               = true                                 {lp64_product} {ergonomic}
     bool UseCompressedOops                        = true                                 {lp64_product} {ergonomic}
     bool UseG1GC                                  = true                                      {product} {ergonomic}
     bool UseLargePagesIndividualAllocation        = false                                  {pd product} {ergonomic}

Logging:
Log output configuration:
 #0: stdout all=warning uptime,level,tags
 #1: stderr all=off uptime,level,tags

Environment Variables:
JAVA_HOME=C:\Program Files\Java\jdk-11.0.11
CLASSPATH=D:\Projects\covidTracker\android\\gradle\wrapper\gradle-wrapper.jar
PATH=C:\Program Files\Common Files\Oracle\Java\javapath;C:\Program Files (x86)\Intel\iCLS Client\;C:\Program Files\Intel\iCLS Client\;C:\Windows\system32;C:\Windows;C:\Windows\System32\Wbem;C:\Windows\System32\WindowsPowerShell\v1.0\;C:\Windows\System32\OpenSSH\;C:\Program Files (x86)\Intel\Intel(R) Management Engine Components\DAL;C:\Program Files\Intel\Intel(R) Management Engine Components\DAL;C:\Program Files (x86)\Intel\Intel(R) Management Engine Components\IPT;C:\Program Files\Intel\Intel(R) Management Engine Components\IPT;C:\Program Files\nodejs\;C:\Program Files\Java\jdk-11.0.11\bin;C:\Users\Acer\AppData\Local\Programs\Python\Python39\Scripts\;C:\Users\Acer\AppData\Local\Programs\Python\Python39\;C:\Users\Acer\AppData\Local\Microsoft\WindowsApps;C:\Users\Acer\AppData\Roaming\npm;C:\Users\Acer\AppData\Local\Programs\Microsoft VS Code\bin;C:\Program Files\JetBrains\IntelliJ IDEA Community Edition 2021.1.2\bin;;C:\Users\Acer\AppData\Local\Android\Sdk\platform-tools;C:\Program Files\MongoDB\Server\4.4\bin;
USERNAME=Acer
OS=Windows_NT
PROCESSOR_IDENTIFIER=Intel64 Family 6 Model 78 Stepping 3, GenuineIntel



---------------  S Y S T E M  ---------------

OS: Windows 10 , 64 bit Build 19041 (10.0.19041.1023)

CPU:total 4 (initial active 4) (2 cores per cpu, 2 threads per core) family 6 model 78 stepping 3 microcode 0xcc, cmov, cx8, fxsr, mmx, sse, sse2, sse3, ssse3, sse4.1, sse4.2, popcnt, avx, avx2, aes, clmul, erms, 3dnowpref, lzcnt, ht, tsc, tscinvbit, bmi1, bmi2, adx, fma

Memory: 4k page, system-wide physical 8058M (377M free)
TotalPageFile size 16154M (AvailPageFile size 2M)
current process WorkingSet (physical memory assigned to process): 494M, peak: 501M
current process commit charge ("private bytes"): 543M, peak: 552M

vm_info: Java HotSpot(TM) 64-Bit Server VM (11.0.11+9-LTS-194) for windows-amd64 JRE (11.0.11+9-LTS-194), built on Mar 18 2021 18:46:53 by "mach5one" with MS VC++ 15.9 (VS2017)

END.
