#
# There is insufficient memory for the Java Runtime Environment to continue.
# Native memory allocation (malloc) failed to allocate 32744 bytes for ChunkPool::allocate
# Possible reasons:
#   The system is out of physical RAM or swap space
#   The process is running with CompressedOops enabled, and the Java Heap may be blocking the growth of the native heap
# Possible solutions:
#   Reduce memory load on the system
#   Increase physical memory or swap space
#   Check if swap backing store is full
#   Decrease Java heap size (-Xmx/-Xms)
#   Decrease number of Java threads
#   Decrease Java thread stack sizes (-Xss)
#   Set larger code cache with -XX:ReservedCodeCacheSize=
#   JVM is running with Unscaled Compressed Oops mode in which the Java heap is
#     placed in the first 4GB address space. The Java Heap base address is the
#     maximum limit for the native heap growth. Please use -XX:HeapBaseMinAddress
#     to set the Java Heap base and to place the Java Heap above 4GB virtual address.
# This output file may be truncated or incomplete.
#
#  Out of Memory Error (./open/src/hotspot/share/memory/arena.cpp:81), pid=13072, tid=1472
#
# JRE version: Java(TM) SE Runtime Environment 18.9 (11.0.11+9) (build 11.0.11+9-LTS-194)
# Java VM: Java HotSpot(TM) 64-Bit Server VM 18.9 (11.0.11+9-LTS-194, mixed mode, tiered, compressed oops, g1 gc, windows-amd64)
# No core dump will be written. Minidumps are not enabled by default on client versions of Windows
#

---------------  S U M M A R Y ------------

Command Line: --add-opens=java.base/java.util=ALL-UNNAMED --add-opens=java.base/java.lang=ALL-UNNAMED --add-opens=java.base/java.lang.invoke=ALL-UNNAMED --add-opens=java.prefs/java.util.prefs=ALL-UNNAMED -XX:MaxMetaspaceSize=256m -XX:+HeapDumpOnOutOfMemoryError -Xms256m -Xmx512m -Dfile.encoding=windows-1252 -Duser.country=IN -Duser.language=en -Duser.variant org.gradle.launcher.daemon.bootstrap.GradleDaemon 6.7

Host: Intel(R) Core(TM) i5-6200U CPU @ 2.30GHz, 4 cores, 7G,  Windows 10 , 64 bit Build 19041 (10.0.19041.1023)
Time: Tue Jun 29 01:42:45 2021 India Standard Time elapsed time: 27.612872 seconds (0d 0h 0m 27s)

---------------  T H R E A D  ---------------

Current thread (0x000001759b318800):  VMThread "VM Thread" [stack: 0x00000027b5100000,0x00000027b5200000] [id=1472] _threads_hazard_ptr=0x00000175a13d69b0

Stack: [0x00000027b5100000,0x00000027b5200000]
[error occurred during error reporting (printing stack bounds), id 0xc0000005, EXCEPTION_ACCESS_VIOLATION (0xc0000005) at pc=0x00000175883f0f2d]

Native frames: (J=compiled Java code, j=interpreted, Vv=VM code, C=native code)
V  [jvm.dll+0x616f2a]
V  [jvm.dll+0x74de7f]
V  [jvm.dll+0x74f505]
V  [jvm.dll+0x74fae5]
V  [jvm.dll+0x74fa9b]
V  [jvm.dll+0x616763]
V  [jvm.dll+0x616b28]
C  [ntdll.dll+0xa217f]
C  [ntdll.dll+0x51454]
C  [ntdll.dll+0xa0cae]
C  0x00000175883f0f2d

VM_Operation (0x00000027b67fc210): BulkRevokeBias, mode: safepoint, requested by thread 0x000001759e132800


---------------  P R O C E S S  ---------------

Threads class SMR info:
_java_thread_list=0x00000175a13d69b0, length=129, elements={
0x00000175fd93a800, 0x000001759b33f800, 0x000001759b348800, 0x000001759b35d000,
0x000001759b35e000, 0x000001759b360000, 0x000001759b36c800, 0x000001759b37a800,
0x000001759be27800, 0x000001759be55800, 0x000001759da8f000, 0x000001759d82d000,
0x000001759cf3f800, 0x000001759dd8a800, 0x000001759da89800, 0x000001759e626000,
0x000001759e132800, 0x000001759d8fe800, 0x000001759e115000, 0x000001759bfcd000,
0x000001759cf18000, 0x000001759cf19000, 0x000001759cf13000, 0x000001759cf14000,
0x000001759cf1a000, 0x000001759cf17800, 0x000001759cf15000, 0x000001759cf15800,
0x000001759fb9f000, 0x000001759fb9f800, 0x000001759fba4000, 0x000001759fba0800,
0x000001759fbab000, 0x000001759fba8800, 0x000001759fba7000, 0x000001759fba9800,
0x000001759fba5800, 0x000001759fbaa800, 0x000001759fbac000, 0x000001759fba6000,
0x000001759fba8000, 0x000001759fbac800, 0x000001759cf16800, 0x000001759f5c7000,
0x000001759f5cc000, 0x000001759f5ca800, 0x000001759f5c8800, 0x000001759f5c8000,
0x000001759f5cb000, 0x000001759f5cf000, 0x000001759f5c9800, 0x000001759f5ce800,
0x000001759f5cd800, 0x000001759f5d0000, 0x000001759f5cc800, 0x000001759f5d3800,
0x000001759f5d2800, 0x000001759f5d5000, 0x000001759f5d5800, 0x000001759f5d1800,
0x000001759f5d4000, 0x000001759f5d1000, 0x000001759e54d000, 0x000001759e54e000,
0x000001759e54b800, 0x000001759e548000, 0x000001759e54c800, 0x000001759e54a000,
0x000001759e54a800, 0x000001759e54e800, 0x000001759e549000, 0x000001759fc2d800,
0x000001759fc31800, 0x000001759fc2f800, 0x000001759fc2e800, 0x000001759fc30000,
0x000001759fc32800, 0x000001759fc31000, 0x000001759fc2d000, 0x000001759fc39000,
0x000001759fc38000, 0x000001759fc36000, 0x000001759fc36800, 0x000001759fc34000,
0x000001759fc37800, 0x000001759fc35000, 0x000001759fc33800, 0x000001759fc3a000,
0x000001759fc3a800, 0x000001759fc3b800, 0x000001759dc88000, 0x000001759dc86800,
0x000001759dc85000, 0x000001759dc87800, 0x000001759dc83000, 0x000001759dc82800,
0x000001759dc89000, 0x000001759dc89800, 0x000001759dc84000, 0x000001759dc8a800,
0x000001759dc8b800, 0x000001759dc85800, 0x000001759dc91000, 0x000001759dc8e000,
0x000001759dc8c000, 0x000001759dc8e800, 0x000001759dc8d000, 0x000001759dc8f800,
0x000001759dc90800, 0x000001759dd46000, 0x000001759dd43800, 0x000001759dd4a000,
0x000001759dd45000, 0x000001759dd44800, 0x000001759dd47000, 0x000001759dd47800,
0x000001759dd48800, 0x000001759dd49800, 0x000001759dd4c000, 0x000001759dd50000,
0x000001759dd4e000, 0x000001759dd50800, 0x000001759dd4b000, 0x000001759dd4d800,
0x000001759dd51800, 0x000001759dd52800, 0x000001759dd4f000, 0x000001759fba1800,
0x000001759faff800
}

Java Threads: ( => current thread )
  0x00000175fd93a800 JavaThread "main" [_thread_blocked, id=6600, stack(0x00000027b4b00000,0x00000027b4c00000)]
  0x000001759b33f800 JavaThread "Reference Handler" daemon [_thread_blocked, id=7412, stack(0x00000027b5200000,0x00000027b5300000)]
  0x000001759b348800 JavaThread "Finalizer" daemon [_thread_blocked, id=15388, stack(0x00000027b5300000,0x00000027b5400000)]
  0x000001759b35d000 JavaThread "Signal Dispatcher" daemon [_thread_blocked, id=12284, stack(0x00000027b5400000,0x00000027b5500000)]
  0x000001759b35e000 JavaThread "Attach Listener" daemon [_thread_blocked, id=11860, stack(0x00000027b5500000,0x00000027b5600000)]
  0x000001759b360000 JavaThread "C2 CompilerThread0" daemon [_thread_in_native, id=8588, stack(0x00000027b5600000,0x00000027b5700000)]
  0x000001759b36c800 JavaThread "C1 CompilerThread0" daemon [_thread_blocked, id=4784, stack(0x00000027b5700000,0x00000027b5800000)]
  0x000001759b37a800 JavaThread "Sweeper thread" daemon [_thread_blocked, id=14192, stack(0x00000027b5800000,0x00000027b5900000)]
  0x000001759be27800 JavaThread "Common-Cleaner" daemon [_thread_blocked, id=9496, stack(0x00000027b5900000,0x00000027b5a00000)]
  0x000001759be55800 JavaThread "Service Thread" daemon [_thread_blocked, id=11832, stack(0x00000027b5a00000,0x00000027b5b00000)]
  0x000001759da8f000 JavaThread "Daemon health stats" [_thread_blocked, id=8356, stack(0x00000027b6000000,0x00000027b6100000)]
  0x000001759d82d000 JavaThread "Incoming local TCP Connector on port 56549" [_thread_in_native, id=916, stack(0x00000027b6200000,0x00000027b6300000)]
  0x000001759cf3f800 JavaThread "Daemon periodic checks" [_thread_blocked, id=14536, stack(0x00000027b6300000,0x00000027b6400000)]
  0x000001759dd8a800 JavaThread "Daemon" [_thread_blocked, id=9388, stack(0x00000027b6400000,0x00000027b6500000)]
  0x000001759da89800 JavaThread "Handler for socket connection from /127.0.0.1:56549 to /127.0.0.1:56550" [_thread_in_native, id=9488, stack(0x00000027b6500000,0x00000027b6600000)]
  0x000001759e626000 JavaThread "Cancel handler" [_thread_blocked, id=3528, stack(0x00000027b6600000,0x00000027b6700000)]
  0x000001759e132800 JavaThread "Daemon worker" [_thread_blocked, id=10144, stack(0x00000027b6700000,0x00000027b6800000)]
  0x000001759d8fe800 JavaThread "Asynchronous log dispatcher for DefaultDaemonConnection: socket connection from /127.0.0.1:56549 to /127.0.0.1:56550" [_thread_blocked, id=9068, stack(0x00000027b6800000,0x00000027b6900000)]
  0x000001759e115000 JavaThread "Stdin handler" [_thread_blocked, id=4824, stack(0x00000027b6900000,0x00000027b6a00000)]
  0x000001759bfcd000 JavaThread "Thread-8" [_thread_blocked, id=10988, stack(0x00000027b6a00000,0x00000027b6b00000)]
  0x000001759cf18000 JavaThread "Cache worker for file hash cache (C:\Users\Acer\.gradle\caches\6.7\fileHashes)" [_thread_blocked, id=15124, stack(0x00000027b6b00000,0x00000027b6c00000)]
  0x000001759cf19000 JavaThread "File lock request listener" [_thread_in_native, id=1700, stack(0x00000027b6c00000,0x00000027b6d00000)]
  0x000001759cf13000 JavaThread "Cache worker for journal cache (C:\Users\Acer\.gradle\caches\journal-1)" [_thread_blocked, id=14932, stack(0x00000027b6d00000,0x00000027b6e00000)]
  0x000001759cf14000 JavaThread "Cache worker for file hash cache (D:\Projects\covidTracker\android\.gradle\6.7\fileHashes)" [_thread_blocked, id=9072, stack(0x00000027b6f00000,0x00000027b7000000)]
  0x000001759cf1a000 JavaThread "Cache worker for checksums cache (D:\Projects\covidTracker\android\.gradle\checksums)" [_thread_blocked, id=15276, stack(0x00000027b7000000,0x00000027b7100000)]
  0x000001759cf17800 JavaThread "Cache worker for cache directory md-supplier (C:\Users\Acer\.gradle\caches\6.7\md-supplier)" [_thread_blocked, id=15552, stack(0x00000027b6e00000,0x00000027b6f00000)]
  0x000001759cf15000 JavaThread "Cache worker for cache directory md-rule (C:\Users\Acer\.gradle\caches\6.7\md-rule)" [_thread_blocked, id=13360, stack(0x00000027b7100000,0x00000027b7200000)]
  0x000001759cf15800 JavaThread "Cache worker for execution history cache (C:\Users\Acer\.gradle\caches\6.7\executionHistory)" [_thread_blocked, id=16332, stack(0x00000027b7200000,0x00000027b7300000)]
  0x000001759fb9f000 JavaThread "jar transforms" [_thread_blocked, id=12764, stack(0x00000027b7400000,0x00000027b7500000)]
  0x000001759fb9f800 JavaThread "Cache worker for file content cache (C:\Users\Acer\.gradle\caches\6.7\fileContent)" [_thread_blocked, id=8672, stack(0x00000027b7500000,0x00000027b7600000)]
  0x000001759fba4000 JavaThread "Cache worker for Build Output Cleanup Cache (D:\Projects\covidTracker\android\.gradle\buildOutputCleanup)" [_thread_blocked, id=11776, stack(0x00000027b7600000,0x00000027b7700000)]
  0x000001759fba0800 JavaThread "Build operations" [_thread_blocked, id=15492, stack(0x00000027b7700000,0x00000027b7800000)]
  0x000001759fbab000 JavaThread "Build operations Thread 2" [_thread_blocked, id=7932, stack(0x00000027b7800000,0x00000027b7900000)]
  0x000001759fba8800 JavaThread "Build operations Thread 3" [_thread_blocked, id=9196, stack(0x00000027b7900000,0x00000027b7a00000)]
  0x000001759fba7000 JavaThread "Build operations Thread 4" [_thread_blocked, id=9108, stack(0x00000027b7a00000,0x00000027b7b00000)]
  0x000001759fba9800 JavaThread "jar transforms Thread 2" [_thread_blocked, id=16136, stack(0x00000027b7b00000,0x00000027b7c00000)]
  0x000001759fba5800 JavaThread "jar transforms Thread 3" [_thread_blocked, id=11352, stack(0x00000027b7c00000,0x00000027b7d00000)]
  0x000001759fbaa800 JavaThread "jar transforms Thread 4" [_thread_blocked, id=8440, stack(0x00000027b7d00000,0x00000027b7e00000)]
  0x000001759fbac000 JavaThread "jar transforms Thread 5" [_thread_blocked, id=3252, stack(0x00000027b7e00000,0x00000027b7f00000)]
  0x000001759fba6000 JavaThread "jar transforms Thread 6" [_thread_blocked, id=7644, stack(0x00000027b7f00000,0x00000027b8000000)]
  0x000001759fba8000 JavaThread "jar transforms Thread 7" [_thread_blocked, id=10672, stack(0x00000027b8000000,0x00000027b8100000)]
  0x000001759fbac800 JavaThread "jar transforms Thread 8" [_thread_blocked, id=14936, stack(0x00000027b8100000,0x00000027b8200000)]
  0x000001759cf16800 JavaThread "jar transforms Thread 9" [_thread_blocked, id=14400, stack(0x00000027b8200000,0x00000027b8300000)]
  0x000001759f5c7000 JavaThread "jar transforms Thread 10" [_thread_blocked, id=16236, stack(0x00000027b8300000,0x00000027b8400000)]
  0x000001759f5cc000 JavaThread "jar transforms Thread 11" [_thread_blocked, id=15128, stack(0x00000027b8400000,0x00000027b8500000)]
  0x000001759f5ca800 JavaThread "jar transforms Thread 12" [_thread_blocked, id=14232, stack(0x00000027b8500000,0x00000027b8600000)]
  0x000001759f5c8800 JavaThread "jar transforms Thread 13" [_thread_blocked, id=15988, stack(0x00000027b8600000,0x00000027b8700000)]
  0x000001759f5c8000 JavaThread "jar transforms Thread 14" [_thread_blocked, id=5444, stack(0x00000027b8700000,0x00000027b8800000)]
  0x000001759f5cb000 JavaThread "jar transforms Thread 15" [_thread_blocked, id=8748, stack(0x00000027b8800000,0x00000027b8900000)]
  0x000001759f5cf000 JavaThread "jar transforms Thread 16" [_thread_blocked, id=15468, stack(0x00000027b8900000,0x00000027b8a00000)]
  0x000001759f5c9800 JavaThread "jar transforms Thread 17" [_thread_blocked, id=7532, stack(0x00000027b8a00000,0x00000027b8b00000)]
  0x000001759f5ce800 JavaThread "jar transforms Thread 18" [_thread_blocked, id=12364, stack(0x00000027b8b00000,0x00000027b8c00000)]
  0x000001759f5cd800 JavaThread "jar transforms Thread 19" [_thread_blocked, id=13564, stack(0x00000027b8c00000,0x00000027b8d00000)]
  0x000001759f5d0000 JavaThread "jar transforms Thread 20" [_thread_blocked, id=8380, stack(0x00000027b8d00000,0x00000027b8e00000)]
  0x000001759f5cc800 JavaThread "jar transforms Thread 21" [_thread_blocked, id=14392, stack(0x00000027b8e00000,0x00000027b8f00000)]
  0x000001759f5d3800 JavaThread "jar transforms Thread 22" [_thread_blocked, id=8904, stack(0x00000027b8f00000,0x00000027b9000000)]
  0x000001759f5d2800 JavaThread "jar transforms Thread 23" [_thread_blocked, id=1960, stack(0x00000027b9000000,0x00000027b9100000)]
  0x000001759f5d5000 JavaThread "jar transforms Thread 24" [_thread_blocked, id=15656, stack(0x00000027b9100000,0x00000027b9200000)]
  0x000001759f5d5800 JavaThread "jar transforms Thread 25" [_thread_blocked, id=3360, stack(0x00000027b9200000,0x00000027b9300000)]
  0x000001759f5d1800 JavaThread "jar transforms Thread 26" [_thread_blocked, id=11728, stack(0x00000027b9300000,0x00000027b9400000)]
  0x000001759f5d4000 JavaThread "jar transforms Thread 27" [_thread_blocked, id=12728, stack(0x00000027b9400000,0x00000027b9500000)]
  0x000001759f5d1000 JavaThread "jar transforms Thread 28" [_thread_blocked, id=8680, stack(0x00000027b9500000,0x00000027b9600000)]
  0x000001759e54d000 JavaThread "jar transforms Thread 29" [_thread_blocked, id=16324, stack(0x00000027b9600000,0x00000027b9700000)]
  0x000001759e54e000 JavaThread "jar transforms Thread 30" [_thread_blocked, id=6708, stack(0x00000027b9700000,0x00000027b9800000)]
  0x000001759e54b800 JavaThread "jar transforms Thread 31" [_thread_blocked, id=10812, stack(0x00000027b9800000,0x00000027b9900000)]
  0x000001759e548000 JavaThread "jar transforms Thread 32" [_thread_blocked, id=9728, stack(0x00000027b9900000,0x00000027b9a00000)]
  0x000001759e54c800 JavaThread "jar transforms Thread 33" [_thread_blocked, id=14084, stack(0x00000027b9a00000,0x00000027b9b00000)]
  0x000001759e54a000 JavaThread "jar transforms Thread 34" [_thread_blocked, id=9804, stack(0x00000027b9b00000,0x00000027b9c00000)]
  0x000001759e54a800 JavaThread "jar transforms Thread 35" [_thread_blocked, id=15900, stack(0x00000027b9c00000,0x00000027b9d00000)]
  0x000001759e54e800 JavaThread "jar transforms Thread 36" [_thread_blocked, id=15776, stack(0x00000027b9d00000,0x00000027b9e00000)]
  0x000001759e549000 JavaThread "jar transforms Thread 37" [_thread_blocked, id=16100, stack(0x00000027b9e00000,0x00000027b9f00000)]
  0x000001759fc2d800 JavaThread "jar transforms Thread 38" [_thread_blocked, id=14972, stack(0x00000027b9f00000,0x00000027ba000000)]
  0x000001759fc31800 JavaThread "jar transforms Thread 39" [_thread_blocked, id=7040, stack(0x00000027ba000000,0x00000027ba100000)]
  0x000001759fc2f800 JavaThread "jar transforms Thread 40" [_thread_blocked, id=4980, stack(0x00000027ba100000,0x00000027ba200000)]
  0x000001759fc2e800 JavaThread "jar transforms Thread 41" [_thread_blocked, id=5144, stack(0x00000027ba200000,0x00000027ba300000)]
  0x000001759fc30000 JavaThread "jar transforms Thread 42" [_thread_blocked, id=2800, stack(0x00000027ba300000,0x00000027ba400000)]
  0x000001759fc32800 JavaThread "jar transforms Thread 43" [_thread_blocked, id=8024, stack(0x00000027ba400000,0x00000027ba500000)]
  0x000001759fc31000 JavaThread "jar transforms Thread 44" [_thread_blocked, id=10200, stack(0x00000027ba500000,0x00000027ba600000)]
  0x000001759fc2d000 JavaThread "jar transforms Thread 45" [_thread_blocked, id=11284, stack(0x00000027ba600000,0x00000027ba700000)]
  0x000001759fc39000 JavaThread "jar transforms Thread 46" [_thread_blocked, id=11240, stack(0x00000027ba700000,0x00000027ba800000)]
  0x000001759fc38000 JavaThread "jar transforms Thread 47" [_thread_blocked, id=8284, stack(0x00000027ba800000,0x00000027ba900000)]
  0x000001759fc36000 JavaThread "jar transforms Thread 48" [_thread_blocked, id=8888, stack(0x00000027ba900000,0x00000027baa00000)]
  0x000001759fc36800 JavaThread "jar transforms Thread 49" [_thread_blocked, id=15516, stack(0x00000027baa00000,0x00000027bab00000)]
  0x000001759fc34000 JavaThread "jar transforms Thread 50" [_thread_blocked, id=15160, stack(0x00000027bab00000,0x00000027bac00000)]
  0x000001759fc37800 JavaThread "jar transforms Thread 51" [_thread_blocked, id=1956, stack(0x00000027bac00000,0x00000027bad00000)]
  0x000001759fc35000 JavaThread "jar transforms Thread 52" [_thread_blocked, id=13696, stack(0x00000027bad00000,0x00000027bae00000)]
  0x000001759fc33800 JavaThread "jar transforms Thread 53" [_thread_blocked, id=13708, stack(0x00000027bae00000,0x00000027baf00000)]
  0x000001759fc3a000 JavaThread "jar transforms Thread 54" [_thread_blocked, id=10524, stack(0x00000027baf00000,0x00000027bb000000)]
  0x000001759fc3a800 JavaThread "jar transforms Thread 55" [_thread_blocked, id=1604, stack(0x00000027bb000000,0x00000027bb100000)]
  0x000001759fc3b800 JavaThread "jar transforms Thread 56" [_thread_blocked, id=11572, stack(0x00000027bb100000,0x00000027bb200000)]
  0x000001759dc88000 JavaThread "jar transforms Thread 57" [_thread_blocked, id=13356, stack(0x00000027bb200000,0x00000027bb300000)]
  0x000001759dc86800 JavaThread "jar transforms Thread 58" [_thread_blocked, id=6232, stack(0x00000027bb300000,0x00000027bb400000)]
  0x000001759dc85000 JavaThread "jar transforms Thread 59" [_thread_blocked, id=4064, stack(0x00000027bb400000,0x00000027bb500000)]
  0x000001759dc87800 JavaThread "jar transforms Thread 60" [_thread_blocked, id=15592, stack(0x00000027bb500000,0x00000027bb600000)]
  0x000001759dc83000 JavaThread "jar transforms Thread 61" [_thread_blocked, id=10460, stack(0x00000027bb600000,0x00000027bb700000)]
  0x000001759dc82800 JavaThread "jar transforms Thread 62" [_thread_blocked, id=5984, stack(0x00000027bb700000,0x00000027bb800000)]
  0x000001759dc89000 JavaThread "jar transforms Thread 63" [_thread_blocked, id=3068, stack(0x00000027bb800000,0x00000027bb900000)]
  0x000001759dc89800 JavaThread "jar transforms Thread 64" [_thread_blocked, id=8384, stack(0x00000027bb900000,0x00000027bba00000)]
  0x000001759dc84000 JavaThread "jar transforms Thread 65" [_thread_blocked, id=1668, stack(0x00000027bba00000,0x00000027bbb00000)]
  0x000001759dc8a800 JavaThread "jar transforms Thread 66" [_thread_blocked, id=12672, stack(0x00000027bbb00000,0x00000027bbc00000)]
  0x000001759dc8b800 JavaThread "jar transforms Thread 67" [_thread_blocked, id=11276, stack(0x00000027bbc00000,0x00000027bbd00000)]
  0x000001759dc85800 JavaThread "jar transforms Thread 68" [_thread_blocked, id=5468, stack(0x00000027bbd00000,0x00000027bbe00000)]
  0x000001759dc91000 JavaThread "jar transforms Thread 69" [_thread_blocked, id=1740, stack(0x00000027bbe00000,0x00000027bbf00000)]
  0x000001759dc8e000 JavaThread "jar transforms Thread 70" [_thread_blocked, id=8096, stack(0x00000027bbf00000,0x00000027bc000000)]
  0x000001759dc8c000 JavaThread "jar transforms Thread 71" [_thread_blocked, id=8232, stack(0x00000027bc000000,0x00000027bc100000)]
  0x000001759dc8e800 JavaThread "jar transforms Thread 72" [_thread_blocked, id=1232, stack(0x00000027bc100000,0x00000027bc200000)]
  0x000001759dc8d000 JavaThread "jar transforms Thread 73" [_thread_blocked, id=11112, stack(0x00000027bc200000,0x00000027bc300000)]
  0x000001759dc8f800 JavaThread "jar transforms Thread 74" [_thread_blocked, id=13600, stack(0x00000027bc300000,0x00000027bc400000)]
  0x000001759dc90800 JavaThread "jar transforms Thread 75" [_thread_blocked, id=5320, stack(0x00000027bc400000,0x00000027bc500000)]
  0x000001759dd46000 JavaThread "jar transforms Thread 76" [_thread_blocked, id=8220, stack(0x00000027bc500000,0x00000027bc600000)]
  0x000001759dd43800 JavaThread "jar transforms Thread 77" [_thread_blocked, id=12892, stack(0x00000027bc600000,0x00000027bc700000)]
  0x000001759dd4a000 JavaThread "jar transforms Thread 78" [_thread_blocked, id=16248, stack(0x00000027bc700000,0x00000027bc800000)]
  0x000001759dd45000 JavaThread "jar transforms Thread 79" [_thread_blocked, id=10720, stack(0x00000027bc800000,0x00000027bc900000)]
  0x000001759dd44800 JavaThread "jar transforms Thread 80" [_thread_blocked, id=6096, stack(0x00000027bc900000,0x00000027bca00000)]
  0x000001759dd47000 JavaThread "jar transforms Thread 81" [_thread_blocked, id=13892, stack(0x00000027bca00000,0x00000027bcb00000)]
  0x000001759dd47800 JavaThread "jar transforms Thread 82" [_thread_blocked, id=8824, stack(0x00000027bcb00000,0x00000027bcc00000)]
  0x000001759dd48800 JavaThread "jar transforms Thread 83" [_thread_blocked, id=11000, stack(0x00000027bcc00000,0x00000027bcd00000)]
  0x000001759dd49800 JavaThread "jar transforms Thread 84" [_thread_blocked, id=15936, stack(0x00000027bcd00000,0x00000027bce00000)]
  0x000001759dd4c000 JavaThread "jar transforms Thread 85" [_thread_blocked, id=14908, stack(0x00000027bce00000,0x00000027bcf00000)]
  0x000001759dd50000 JavaThread "jar transforms Thread 86" [_thread_blocked, id=13460, stack(0x00000027bcf00000,0x00000027bd000000)]
  0x000001759dd4e000 JavaThread "jar transforms Thread 87" [_thread_blocked, id=652, stack(0x00000027bd000000,0x00000027bd100000)]
  0x000001759dd50800 JavaThread "jar transforms Thread 88" [_thread_blocked, id=8772, stack(0x00000027bd100000,0x00000027bd200000)]
  0x000001759dd4b000 JavaThread "jar transforms Thread 89" [_thread_blocked, id=3264, stack(0x00000027bd200000,0x00000027bd300000)]
  0x000001759dd4d800 JavaThread "jar transforms Thread 90" [_thread_blocked, id=8780, stack(0x00000027bd300000,0x00000027bd400000)]
  0x000001759dd51800 JavaThread "jar transforms Thread 91" [_thread_blocked, id=7008, stack(0x00000027bd400000,0x00000027bd500000)]
  0x000001759dd52800 JavaThread "jar transforms Thread 92" [_thread_blocked, id=13496, stack(0x00000027bd500000,0x00000027bd600000)]
  0x000001759dd4f000 JavaThread "Memory manager" [_thread_blocked, id=7408, stack(0x00000027bd600000,0x00000027bd700000)]
  0x000001759fba1800 JavaThread "pool-1-thread-1" [_thread_blocked, id=2332, stack(0x00000027b7300000,0x00000027b7400000)]
  0x000001759faff800 JavaThread "C2 CompilerThread1" daemon [_thread_blocked, id=2740, stack(0x00000027bd700000,0x00000027bd800000)]

Other Threads:
=>0x000001759b318800 VMThread "VM Thread" [stack: 0x00000027b5100000,0x00000027b5200000] [id=1472] _threads_hazard_ptr=0x00000175a13d69b0
  0x000001759be67000 WatcherThread [stack: 0x00000027b5b00000,0x00000027b5c00000] [id=14616]
  0x00000175fd951000 GCTaskThread "GC Thread#0" [stack: 0x00000027b4c00000,0x00000027b4d00000] [id=16260]
  0x000001759c3ae000 GCTaskThread "GC Thread#1" [stack: 0x00000027b5d00000,0x00000027b5e00000] [id=1192]
  0x000001759c5ae800 GCTaskThread "GC Thread#2" [stack: 0x00000027b5e00000,0x00000027b5f00000] [id=7288]
  0x000001759c59d000 GCTaskThread "GC Thread#3" [stack: 0x00000027b5f00000,0x00000027b6000000] [id=6004]
  0x00000175fd962000 ConcurrentGCThread "G1 Main Marker" [stack: 0x00000027b4d00000,0x00000027b4e00000] [id=6476]
  0x00000175fd963800 ConcurrentGCThread "G1 Conc#0" [stack: 0x00000027b4e00000,0x00000027b4f00000] [id=15864]
  0x000001759b1b6800 ConcurrentGCThread "G1 Refine#0" [stack: 0x00000027b4f00000,0x00000027b5000000] [id=8480]
  0x000001759b1b7800 ConcurrentGCThread "G1 Young RemSet Sampling" [stack: 0x00000027b5000000,0x00000027b5100000] [id=2424]

Threads with active compile tasks:
C2 CompilerThread0  27680 5561   !   4       com.sun.beans.TypeResolver::resolve (261 bytes)
C2 CompilerThread1  27681 5622 %     4       groovy.lang.MetaClassImpl::inheritInterfaceNewMetaMethods @ 104 (199 bytes)

VM state:at safepoint (normal execution)

VM Mutex/Monitor currently owned by a thread:  ([mutex/lock_event])
[0x00000175fb8ddf00] Threads_lock - owner thread: 0x000001759b318800

Heap address: 0x00000000e0000000, size: 512 MB, Compressed Oops mode: 32-bit
Narrow klass base: 0x0000000000000000, Narrow klass shift: 3
Compressed class space size: 260046848 Address: 0x0000000100000000

Heap:
 garbage-first heap   total 262144K, used 66553K [0x00000000e0000000, 0x0000000100000000)
  region size 1024K, 36 young (36864K), 16 survivors (16384K)
 Metaspace       used 62256K, capacity 63928K, committed 64128K, reserved 311296K
  class space    used 7880K, capacity 8521K, committed 8576K, reserved 253952K
Heap Regions: E=young(eden), S=young(survivor), O=old, HS=humongous(starts), HC=humongous(continues), CS=collection set, F=free, A=archive, TAMS=top-at-mark-start (previous, next)
|   0|0x00000000e0000000, 0x00000000e0100000, 0x00000000e0100000|100%| O|  |TAMS 0x00000000e0100000, 0x00000000e0000000| Untracked 
|   1|0x00000000e0100000, 0x00000000e0200000, 0x00000000e0200000|100%| O|  |TAMS 0x00000000e0200000, 0x00000000e0100000| Untracked 
|   2|0x00000000e0200000, 0x00000000e0300000, 0x00000000e0300000|100%| O|  |TAMS 0x00000000e0300000, 0x00000000e0200000| Untracked 
|   3|0x00000000e0300000, 0x00000000e0400000, 0x00000000e0400000|100%|HS|  |TAMS 0x00000000e0400000, 0x00000000e0300000| Complete 
|   4|0x00000000e0400000, 0x00000000e0500000, 0x00000000e0500000|100%|HC|  |TAMS 0x00000000e0500000, 0x00000000e0400000| Complete 
|   5|0x00000000e0500000, 0x00000000e0600000, 0x00000000e0600000|100%|HC|  |TAMS 0x00000000e0600000, 0x00000000e0500000| Complete 
|   6|0x00000000e0600000, 0x00000000e0700000, 0x00000000e0700000|100%| O|  |TAMS 0x00000000e0700000, 0x00000000e0600000| Untracked 
|   7|0x00000000e0700000, 0x00000000e0800000, 0x00000000e0800000|100%| O|  |TAMS 0x00000000e0800000, 0x00000000e0700000| Untracked 
|   8|0x00000000e0800000, 0x00000000e0900000, 0x00000000e0900000|100%| O|  |TAMS 0x00000000e0900000, 0x00000000e0800000| Untracked 
|   9|0x00000000e0900000, 0x00000000e0a00000, 0x00000000e0a00000|100%| O|  |TAMS 0x00000000e0a00000, 0x00000000e0900000| Untracked 
|  10|0x00000000e0a00000, 0x00000000e0b00000, 0x00000000e0b00000|100%| O|  |TAMS 0x00000000e0b00000, 0x00000000e0a00000| Untracked 
|  11|0x00000000e0b00000, 0x00000000e0c00000, 0x00000000e0c00000|100%| O|  |TAMS 0x00000000e0c00000, 0x00000000e0b00000| Untracked 
|  12|0x00000000e0c00000, 0x00000000e0d00000, 0x00000000e0d00000|100%| O|  |TAMS 0x00000000e0d00000, 0x00000000e0c00000| Untracked 
|  13|0x00000000e0d00000, 0x00000000e0e00000, 0x00000000e0e00000|100%| O|  |TAMS 0x00000000e0e00000, 0x00000000e0d00000| Untracked 
|  14|0x00000000e0e00000, 0x00000000e0f00000, 0x00000000e0f00000|100%|HS|  |TAMS 0x00000000e0e00000, 0x00000000e0e00000| Complete 
|  15|0x00000000e0f00000, 0x00000000e1000000, 0x00000000e1000000|100%|HS|  |TAMS 0x00000000e0f00000, 0x00000000e0f00000| Complete 
|  16|0x00000000e1000000, 0x00000000e1100000, 0x00000000e1100000|100%|HC|  |TAMS 0x00000000e1000000, 0x00000000e1000000| Complete 
|  17|0x00000000e1100000, 0x00000000e1200000, 0x00000000e1200000|100%| O|  |TAMS 0x00000000e1200000, 0x00000000e1100000| Untracked 
|  18|0x00000000e1200000, 0x00000000e1300000, 0x00000000e1300000|100%| O|  |TAMS 0x00000000e1300000, 0x00000000e1200000| Untracked 
|  19|0x00000000e1300000, 0x00000000e1400000, 0x00000000e1400000|100%| O|  |TAMS 0x00000000e1400000, 0x00000000e1300000| Untracked 
|  20|0x00000000e1400000, 0x00000000e1500000, 0x00000000e1500000|100%| O|  |TAMS 0x00000000e1427e00, 0x00000000e1400000| Untracked 
|  21|0x00000000e1500000, 0x00000000e1600000, 0x00000000e1600000|100%| O|  |TAMS 0x00000000e1500000, 0x00000000e1500000| Untracked 
|  22|0x00000000e1600000, 0x00000000e1700000, 0x00000000e1700000|100%| O|  |TAMS 0x00000000e1600000, 0x00000000e1600000| Untracked 
|  23|0x00000000e1700000, 0x00000000e1800000, 0x00000000e1800000|100%| O|  |TAMS 0x00000000e1700000, 0x00000000e1700000| Untracked 
|  24|0x00000000e1800000, 0x00000000e1900000, 0x00000000e1900000|100%| O|  |TAMS 0x00000000e1800000, 0x00000000e1800000| Untracked 
|  25|0x00000000e1900000, 0x00000000e1900000, 0x00000000e1a00000|  0%| F|  |TAMS 0x00000000e1900000, 0x00000000e1900000| Untracked 
|  26|0x00000000e1a00000, 0x00000000e1b00000, 0x00000000e1b00000|100%| O|  |TAMS 0x00000000e1a00000, 0x00000000e1a00000| Untracked 
|  27|0x00000000e1b00000, 0x00000000e1c00000, 0x00000000e1c00000|100%| O|  |TAMS 0x00000000e1b00000, 0x00000000e1b00000| Untracked 
|  28|0x00000000e1c00000, 0x00000000e1d00000, 0x00000000e1d00000|100%| O|  |TAMS 0x00000000e1c00000, 0x00000000e1c00000| Untracked 
|  29|0x00000000e1d00000, 0x00000000e1e00000, 0x00000000e1e00000|100%| O|  |TAMS 0x00000000e1d00000, 0x00000000e1d00000| Untracked 
|  30|0x00000000e1e00000, 0x00000000e1efe600, 0x00000000e1f00000| 99%| O|  |TAMS 0x00000000e1e00000, 0x00000000e1e00000| Untracked 
|  31|0x00000000e1f00000, 0x00000000e1f00000, 0x00000000e2000000|  0%| F|  |TAMS 0x00000000e1f00000, 0x00000000e1f00000| Untracked 
|  32|0x00000000e2000000, 0x00000000e2000000, 0x00000000e2100000|  0%| F|  |TAMS 0x00000000e2000000, 0x00000000e2000000| Untracked 
|  33|0x00000000e2100000, 0x00000000e2100000, 0x00000000e2200000|  0%| F|  |TAMS 0x00000000e2100000, 0x00000000e2100000| Untracked 
|  34|0x00000000e2200000, 0x00000000e2200000, 0x00000000e2300000|  0%| F|  |TAMS 0x00000000e2200000, 0x00000000e2200000| Untracked 
|  35|0x00000000e2300000, 0x00000000e2300000, 0x00000000e2400000|  0%| F|  |TAMS 0x00000000e2300000, 0x00000000e2300000| Untracked 
|  36|0x00000000e2400000, 0x00000000e2400000, 0x00000000e2500000|  0%| F|  |TAMS 0x00000000e2400000, 0x00000000e2400000| Untracked 
|  37|0x00000000e2500000, 0x00000000e2500000, 0x00000000e2600000|  0%| F|  |TAMS 0x00000000e2500000, 0x00000000e2500000| Untracked 
|  38|0x00000000e2600000, 0x00000000e2600000, 0x00000000e2700000|  0%| F|  |TAMS 0x00000000e2600000, 0x00000000e2600000| Untracked 
|  39|0x00000000e2700000, 0x00000000e2700000, 0x00000000e2800000|  0%| F|  |TAMS 0x00000000e2700000, 0x00000000e2700000| Untracked 
|  40|0x00000000e2800000, 0x00000000e2800000, 0x00000000e2900000|  0%| F|  |TAMS 0x00000000e2800000, 0x00000000e2800000| Untracked 
|  41|0x00000000e2900000, 0x00000000e2900000, 0x00000000e2a00000|  0%| F|  |TAMS 0x00000000e2900000, 0x00000000e2900000| Untracked 
|  42|0x00000000e2a00000, 0x00000000e2a00000, 0x00000000e2b00000|  0%| F|  |TAMS 0x00000000e2a00000, 0x00000000e2a00000| Untracked 
|  43|0x00000000e2b00000, 0x00000000e2b00000, 0x00000000e2c00000|  0%| F|  |TAMS 0x00000000e2b00000, 0x00000000e2b00000| Untracked 
|  44|0x00000000e2c00000, 0x00000000e2c00000, 0x00000000e2d00000|  0%| F|  |TAMS 0x00000000e2c00000, 0x00000000e2c00000| Untracked 
|  45|0x00000000e2d00000, 0x00000000e2d00000, 0x00000000e2e00000|  0%| F|  |TAMS 0x00000000e2d00000, 0x00000000e2d00000| Untracked 
|  46|0x00000000e2e00000, 0x00000000e2e00000, 0x00000000e2f00000|  0%| F|  |TAMS 0x00000000e2e00000, 0x00000000e2e00000| Untracked 
|  47|0x00000000e2f00000, 0x00000000e2f00000, 0x00000000e3000000|  0%| F|  |TAMS 0x00000000e2f00000, 0x00000000e2f00000| Untracked 
|  48|0x00000000e3000000, 0x00000000e3000000, 0x00000000e3100000|  0%| F|  |TAMS 0x00000000e3000000, 0x00000000e3000000| Untracked 
|  49|0x00000000e3100000, 0x00000000e3100000, 0x00000000e3200000|  0%| F|  |TAMS 0x00000000e3100000, 0x00000000e3100000| Untracked 
|  50|0x00000000e3200000, 0x00000000e3200000, 0x00000000e3300000|  0%| F|  |TAMS 0x00000000e3200000, 0x00000000e3200000| Untracked 
|  51|0x00000000e3300000, 0x00000000e3300000, 0x00000000e3400000|  0%| F|  |TAMS 0x00000000e3300000, 0x00000000e3300000| Untracked 
|  52|0x00000000e3400000, 0x00000000e3400000, 0x00000000e3500000|  0%| F|  |TAMS 0x00000000e3400000, 0x00000000e3400000| Untracked 
|  53|0x00000000e3500000, 0x00000000e3500000, 0x00000000e3600000|  0%| F|  |TAMS 0x00000000e3500000, 0x00000000e3500000| Untracked 
|  54|0x00000000e3600000, 0x00000000e3600000, 0x00000000e3700000|  0%| F|  |TAMS 0x00000000e3600000, 0x00000000e3600000| Untracked 
|  55|0x00000000e3700000, 0x00000000e3700000, 0x00000000e3800000|  0%| F|  |TAMS 0x00000000e3700000, 0x00000000e3700000| Untracked 
|  56|0x00000000e3800000, 0x00000000e3800000, 0x00000000e3900000|  0%| F|  |TAMS 0x00000000e3800000, 0x00000000e3800000| Untracked 
|  57|0x00000000e3900000, 0x00000000e3900000, 0x00000000e3a00000|  0%| F|  |TAMS 0x00000000e3900000, 0x00000000e3900000| Untracked 
|  58|0x00000000e3a00000, 0x00000000e3a00000, 0x00000000e3b00000|  0%| F|  |TAMS 0x00000000e3a00000, 0x00000000e3a00000| Untracked 
|  59|0x00000000e3b00000, 0x00000000e3b00000, 0x00000000e3c00000|  0%| F|  |TAMS 0x00000000e3b00000, 0x00000000e3b00000| Untracked 
|  60|0x00000000e3c00000, 0x00000000e3c00000, 0x00000000e3d00000|  0%| F|  |TAMS 0x00000000e3c00000, 0x00000000e3c00000| Untracked 
|  61|0x00000000e3d00000, 0x00000000e3d00000, 0x00000000e3e00000|  0%| F|  |TAMS 0x00000000e3d00000, 0x00000000e3d00000| Untracked 
|  62|0x00000000e3e00000, 0x00000000e3e00000, 0x00000000e3f00000|  0%| F|  |TAMS 0x00000000e3e00000, 0x00000000e3e00000| Untracked 
|  63|0x00000000e3f00000, 0x00000000e3f00000, 0x00000000e4000000|  0%| F|  |TAMS 0x00000000e3f00000, 0x00000000e3f00000| Untracked 
|  64|0x00000000e4000000, 0x00000000e4000000, 0x00000000e4100000|  0%| F|  |TAMS 0x00000000e4000000, 0x00000000e4000000| Untracked 
|  65|0x00000000e4100000, 0x00000000e4100000, 0x00000000e4200000|  0%| F|  |TAMS 0x00000000e4100000, 0x00000000e4100000| Untracked 
|  66|0x00000000e4200000, 0x00000000e4200000, 0x00000000e4300000|  0%| F|  |TAMS 0x00000000e4200000, 0x00000000e4200000| Untracked 
|  67|0x00000000e4300000, 0x00000000e4300000, 0x00000000e4400000|  0%| F|  |TAMS 0x00000000e4300000, 0x00000000e4300000| Untracked 
|  68|0x00000000e4400000, 0x00000000e4400000, 0x00000000e4500000|  0%| F|  |TAMS 0x00000000e4400000, 0x00000000e4400000| Untracked 
|  69|0x00000000e4500000, 0x00000000e4500000, 0x00000000e4600000|  0%| F|  |TAMS 0x00000000e4500000, 0x00000000e4500000| Untracked 
|  70|0x00000000e4600000, 0x00000000e4600000, 0x00000000e4700000|  0%| F|  |TAMS 0x00000000e4600000, 0x00000000e4600000| Untracked 
|  71|0x00000000e4700000, 0x00000000e4700000, 0x00000000e4800000|  0%| F|  |TAMS 0x00000000e4700000, 0x00000000e4700000| Untracked 
|  72|0x00000000e4800000, 0x00000000e4800000, 0x00000000e4900000|  0%| F|  |TAMS 0x00000000e4800000, 0x00000000e4800000| Untracked 
|  73|0x00000000e4900000, 0x00000000e4900000, 0x00000000e4a00000|  0%| F|  |TAMS 0x00000000e4900000, 0x00000000e4900000| Untracked 
|  74|0x00000000e4a00000, 0x00000000e4a00000, 0x00000000e4b00000|  0%| F|  |TAMS 0x00000000e4a00000, 0x00000000e4a00000| Untracked 
|  75|0x00000000e4b00000, 0x00000000e4b00000, 0x00000000e4c00000|  0%| F|  |TAMS 0x00000000e4b00000, 0x00000000e4b00000| Untracked 
|  76|0x00000000e4c00000, 0x00000000e4c00000, 0x00000000e4d00000|  0%| F|  |TAMS 0x00000000e4c00000, 0x00000000e4c00000| Untracked 
|  77|0x00000000e4d00000, 0x00000000e4d00000, 0x00000000e4e00000|  0%| F|  |TAMS 0x00000000e4d00000, 0x00000000e4d00000| Untracked 
|  78|0x00000000e4e00000, 0x00000000e4e00000, 0x00000000e4f00000|  0%| F|  |TAMS 0x00000000e4e00000, 0x00000000e4e00000| Untracked 
|  79|0x00000000e4f00000, 0x00000000e4f00000, 0x00000000e5000000|  0%| F|  |TAMS 0x00000000e4f00000, 0x00000000e4f00000| Untracked 
|  80|0x00000000e5000000, 0x00000000e5000000, 0x00000000e5100000|  0%| F|  |TAMS 0x00000000e5000000, 0x00000000e5000000| Untracked 
|  81|0x00000000e5100000, 0x00000000e5100000, 0x00000000e5200000|  0%| F|  |TAMS 0x00000000e5100000, 0x00000000e5100000| Untracked 
|  82|0x00000000e5200000, 0x00000000e5200000, 0x00000000e5300000|  0%| F|  |TAMS 0x00000000e5200000, 0x00000000e5200000| Untracked 
|  83|0x00000000e5300000, 0x00000000e5300000, 0x00000000e5400000|  0%| F|  |TAMS 0x00000000e5300000, 0x00000000e5300000| Untracked 
|  84|0x00000000e5400000, 0x00000000e5400000, 0x00000000e5500000|  0%| F|  |TAMS 0x00000000e5400000, 0x00000000e5400000| Untracked 
|  85|0x00000000e5500000, 0x00000000e5500000, 0x00000000e5600000|  0%| F|  |TAMS 0x00000000e5500000, 0x00000000e5500000| Untracked 
|  86|0x00000000e5600000, 0x00000000e5600000, 0x00000000e5700000|  0%| F|  |TAMS 0x00000000e5600000, 0x00000000e5600000| Untracked 
|  87|0x00000000e5700000, 0x00000000e5700000, 0x00000000e5800000|  0%| F|  |TAMS 0x00000000e5700000, 0x00000000e5700000| Untracked 
|  88|0x00000000e5800000, 0x00000000e5800000, 0x00000000e5900000|  0%| F|  |TAMS 0x00000000e5800000, 0x00000000e5800000| Untracked 
|  89|0x00000000e5900000, 0x00000000e5900000, 0x00000000e5a00000|  0%| F|  |TAMS 0x00000000e5900000, 0x00000000e5900000| Untracked 
|  90|0x00000000e5a00000, 0x00000000e5a00000, 0x00000000e5b00000|  0%| F|  |TAMS 0x00000000e5a00000, 0x00000000e5a00000| Untracked 
|  91|0x00000000e5b00000, 0x00000000e5b00000, 0x00000000e5c00000|  0%| F|  |TAMS 0x00000000e5b00000, 0x00000000e5b00000| Untracked 
|  92|0x00000000e5c00000, 0x00000000e5c00000, 0x00000000e5d00000|  0%| F|  |TAMS 0x00000000e5c00000, 0x00000000e5c00000| Untracked 
|  93|0x00000000e5d00000, 0x00000000e5d00000, 0x00000000e5e00000|  0%| F|  |TAMS 0x00000000e5d00000, 0x00000000e5d00000| Untracked 
|  94|0x00000000e5e00000, 0x00000000e5e00000, 0x00000000e5f00000|  0%| F|  |TAMS 0x00000000e5e00000, 0x00000000e5e00000| Untracked 
|  95|0x00000000e5f00000, 0x00000000e5f00000, 0x00000000e6000000|  0%| F|  |TAMS 0x00000000e5f00000, 0x00000000e5f00000| Untracked 
|  96|0x00000000e6000000, 0x00000000e6000000, 0x00000000e6100000|  0%| F|  |TAMS 0x00000000e6000000, 0x00000000e6000000| Untracked 
|  97|0x00000000e6100000, 0x00000000e6100000, 0x00000000e6200000|  0%| F|  |TAMS 0x00000000e6100000, 0x00000000e6100000| Untracked 
|  98|0x00000000e6200000, 0x00000000e6200000, 0x00000000e6300000|  0%| F|  |TAMS 0x00000000e6200000, 0x00000000e6200000| Untracked 
|  99|0x00000000e6300000, 0x00000000e6300000, 0x00000000e6400000|  0%| F|  |TAMS 0x00000000e6300000, 0x00000000e6300000| Untracked 
| 100|0x00000000e6400000, 0x00000000e6400000, 0x00000000e6500000|  0%| F|  |TAMS 0x00000000e6400000, 0x00000000e6400000| Untracked 
| 101|0x00000000e6500000, 0x00000000e6500000, 0x00000000e6600000|  0%| F|  |TAMS 0x00000000e6500000, 0x00000000e6500000| Untracked 
| 102|0x00000000e6600000, 0x00000000e6600000, 0x00000000e6700000|  0%| F|  |TAMS 0x00000000e6600000, 0x00000000e6600000| Untracked 
| 103|0x00000000e6700000, 0x00000000e6700000, 0x00000000e6800000|  0%| F|  |TAMS 0x00000000e6700000, 0x00000000e6700000| Untracked 
| 104|0x00000000e6800000, 0x00000000e6800000, 0x00000000e6900000|  0%| F|  |TAMS 0x00000000e6800000, 0x00000000e6800000| Untracked 
| 105|0x00000000e6900000, 0x00000000e6900000, 0x00000000e6a00000|  0%| F|  |TAMS 0x00000000e6900000, 0x00000000e6900000| Untracked 
| 106|0x00000000e6a00000, 0x00000000e6a00000, 0x00000000e6b00000|  0%| F|  |TAMS 0x00000000e6a00000, 0x00000000e6a00000| Untracked 
| 107|0x00000000e6b00000, 0x00000000e6b00000, 0x00000000e6c00000|  0%| F|  |TAMS 0x00000000e6b00000, 0x00000000e6b00000| Untracked 
| 108|0x00000000e6c00000, 0x00000000e6c00000, 0x00000000e6d00000|  0%| F|  |TAMS 0x00000000e6c00000, 0x00000000e6c00000| Untracked 
| 109|0x00000000e6d00000, 0x00000000e6d00000, 0x00000000e6e00000|  0%| F|  |TAMS 0x00000000e6d00000, 0x00000000e6d00000| Untracked 
| 110|0x00000000e6e00000, 0x00000000e6e00000, 0x00000000e6f00000|  0%| F|  |TAMS 0x00000000e6e00000, 0x00000000e6e00000| Untracked 
| 111|0x00000000e6f00000, 0x00000000e6f00000, 0x00000000e7000000|  0%| F|  |TAMS 0x00000000e6f00000, 0x00000000e6f00000| Untracked 
| 112|0x00000000e7000000, 0x00000000e7000000, 0x00000000e7100000|  0%| F|  |TAMS 0x00000000e7000000, 0x00000000e7000000| Untracked 
| 113|0x00000000e7100000, 0x00000000e7200000, 0x00000000e7200000|100%| S|CS|TAMS 0x00000000e7100000, 0x00000000e7100000| Complete 
| 114|0x00000000e7200000, 0x00000000e7300000, 0x00000000e7300000|100%| S|CS|TAMS 0x00000000e7200000, 0x00000000e7200000| Complete 
| 115|0x00000000e7300000, 0x00000000e7400000, 0x00000000e7400000|100%| S|CS|TAMS 0x00000000e7300000, 0x00000000e7300000| Complete 
| 116|0x00000000e7400000, 0x00000000e7500000, 0x00000000e7500000|100%| S|CS|TAMS 0x00000000e7400000, 0x00000000e7400000| Complete 
| 117|0x00000000e7500000, 0x00000000e7600000, 0x00000000e7600000|100%| S|CS|TAMS 0x00000000e7500000, 0x00000000e7500000| Complete 
| 118|0x00000000e7600000, 0x00000000e7700000, 0x00000000e7700000|100%| S|CS|TAMS 0x00000000e7600000, 0x00000000e7600000| Complete 
| 119|0x00000000e7700000, 0x00000000e7800000, 0x00000000e7800000|100%| S|CS|TAMS 0x00000000e7700000, 0x00000000e7700000| Complete 
| 120|0x00000000e7800000, 0x00000000e7900000, 0x00000000e7900000|100%| S|CS|TAMS 0x00000000e7800000, 0x00000000e7800000| Complete 
| 121|0x00000000e7900000, 0x00000000e7a00000, 0x00000000e7a00000|100%| S|CS|TAMS 0x00000000e7900000, 0x00000000e7900000| Complete 
| 122|0x00000000e7a00000, 0x00000000e7b00000, 0x00000000e7b00000|100%| S|CS|TAMS 0x00000000e7a00000, 0x00000000e7a00000| Complete 
| 123|0x00000000e7b00000, 0x00000000e7c00000, 0x00000000e7c00000|100%| S|CS|TAMS 0x00000000e7b00000, 0x00000000e7b00000| Complete 
| 124|0x00000000e7c00000, 0x00000000e7d00000, 0x00000000e7d00000|100%| S|CS|TAMS 0x00000000e7c00000, 0x00000000e7c00000| Complete 
| 125|0x00000000e7d00000, 0x00000000e7e00000, 0x00000000e7e00000|100%| S|CS|TAMS 0x00000000e7d00000, 0x00000000e7d00000| Complete 
| 126|0x00000000e7e00000, 0x00000000e7f00000, 0x00000000e7f00000|100%| S|CS|TAMS 0x00000000e7e00000, 0x00000000e7e00000| Complete 
| 127|0x00000000e7f00000, 0x00000000e8000000, 0x00000000e8000000|100%| S|CS|TAMS 0x00000000e7f00000, 0x00000000e7f00000| Complete 
| 128|0x00000000e8000000, 0x00000000e8100000, 0x00000000e8100000|100%| S|CS|TAMS 0x00000000e8000000, 0x00000000e8000000| Complete 
| 129|0x00000000e8100000, 0x00000000e8100000, 0x00000000e8200000|  0%| F|  |TAMS 0x00000000e8100000, 0x00000000e8100000| Untracked 
| 130|0x00000000e8200000, 0x00000000e8200000, 0x00000000e8300000|  0%| F|  |TAMS 0x00000000e8200000, 0x00000000e8200000| Untracked 
| 131|0x00000000e8300000, 0x00000000e8300000, 0x00000000e8400000|  0%| F|  |TAMS 0x00000000e8300000, 0x00000000e8300000| Untracked 
| 132|0x00000000e8400000, 0x00000000e8400000, 0x00000000e8500000|  0%| F|  |TAMS 0x00000000e8400000, 0x00000000e8400000| Untracked 
| 133|0x00000000e8500000, 0x00000000e8500000, 0x00000000e8600000|  0%| F|  |TAMS 0x00000000e8500000, 0x00000000e8500000| Untracked 
| 134|0x00000000e8600000, 0x00000000e8600000, 0x00000000e8700000|  0%| F|  |TAMS 0x00000000e8600000, 0x00000000e8600000| Untracked 
| 135|0x00000000e8700000, 0x00000000e8700000, 0x00000000e8800000|  0%| F|  |TAMS 0x00000000e8700000, 0x00000000e8700000| Untracked 
| 136|0x00000000e8800000, 0x00000000e8800000, 0x00000000e8900000|  0%| F|  |TAMS 0x00000000e8800000, 0x00000000e8800000| Untracked 
| 137|0x00000000e8900000, 0x00000000e8900000, 0x00000000e8a00000|  0%| F|  |TAMS 0x00000000e8900000, 0x00000000e8900000| Untracked 
| 138|0x00000000e8a00000, 0x00000000e8a00000, 0x00000000e8b00000|  0%| F|  |TAMS 0x00000000e8a00000, 0x00000000e8a00000| Untracked 
| 139|0x00000000e8b00000, 0x00000000e8b00000, 0x00000000e8c00000|  0%| F|  |TAMS 0x00000000e8b00000, 0x00000000e8b00000| Untracked 
| 140|0x00000000e8c00000, 0x00000000e8c00000, 0x00000000e8d00000|  0%| F|  |TAMS 0x00000000e8c00000, 0x00000000e8c00000| Untracked 
| 141|0x00000000e8d00000, 0x00000000e8d00000, 0x00000000e8e00000|  0%| F|  |TAMS 0x00000000e8d00000, 0x00000000e8d00000| Untracked 
| 142|0x00000000e8e00000, 0x00000000e8e00000, 0x00000000e8f00000|  0%| F|  |TAMS 0x00000000e8e00000, 0x00000000e8e00000| Untracked 
| 143|0x00000000e8f00000, 0x00000000e8f00000, 0x00000000e9000000|  0%| F|  |TAMS 0x00000000e8f00000, 0x00000000e8f00000| Untracked 
| 144|0x00000000e9000000, 0x00000000e9000000, 0x00000000e9100000|  0%| F|  |TAMS 0x00000000e9000000, 0x00000000e9000000| Untracked 
| 145|0x00000000e9100000, 0x00000000e9100000, 0x00000000e9200000|  0%| F|  |TAMS 0x00000000e9100000, 0x00000000e9100000| Untracked 
| 146|0x00000000e9200000, 0x00000000e9200000, 0x00000000e9300000|  0%| F|  |TAMS 0x00000000e9200000, 0x00000000e9200000| Untracked 
| 147|0x00000000e9300000, 0x00000000e9300000, 0x00000000e9400000|  0%| F|  |TAMS 0x00000000e9300000, 0x00000000e9300000| Untracked 
| 148|0x00000000e9400000, 0x00000000e9400000, 0x00000000e9500000|  0%| F|  |TAMS 0x00000000e9400000, 0x00000000e9400000| Untracked 
| 149|0x00000000e9500000, 0x00000000e9500000, 0x00000000e9600000|  0%| F|  |TAMS 0x00000000e9500000, 0x00000000e9500000| Untracked 
| 150|0x00000000e9600000, 0x00000000e9600000, 0x00000000e9700000|  0%| F|  |TAMS 0x00000000e9600000, 0x00000000e9600000| Untracked 
| 151|0x00000000e9700000, 0x00000000e9700000, 0x00000000e9800000|  0%| F|  |TAMS 0x00000000e9700000, 0x00000000e9700000| Untracked 
| 152|0x00000000e9800000, 0x00000000e9800000, 0x00000000e9900000|  0%| F|  |TAMS 0x00000000e9800000, 0x00000000e9800000| Untracked 
| 153|0x00000000e9900000, 0x00000000e9900000, 0x00000000e9a00000|  0%| F|  |TAMS 0x00000000e9900000, 0x00000000e9900000| Untracked 
| 154|0x00000000e9a00000, 0x00000000e9a00000, 0x00000000e9b00000|  0%| F|  |TAMS 0x00000000e9a00000, 0x00000000e9a00000| Untracked 
| 155|0x00000000e9b00000, 0x00000000e9b00000, 0x00000000e9c00000|  0%| F|  |TAMS 0x00000000e9b00000, 0x00000000e9b00000| Untracked 
| 156|0x00000000e9c00000, 0x00000000e9c00000, 0x00000000e9d00000|  0%| F|  |TAMS 0x00000000e9c00000, 0x00000000e9c00000| Untracked 
| 157|0x00000000e9d00000, 0x00000000e9d00000, 0x00000000e9e00000|  0%| F|  |TAMS 0x00000000e9d00000, 0x00000000e9d00000| Untracked 
| 158|0x00000000e9e00000, 0x00000000e9e00000, 0x00000000e9f00000|  0%| F|  |TAMS 0x00000000e9e00000, 0x00000000e9e00000| Untracked 
| 159|0x00000000e9f00000, 0x00000000e9f00000, 0x00000000ea000000|  0%| F|  |TAMS 0x00000000e9f00000, 0x00000000e9f00000| Untracked 
| 160|0x00000000ea000000, 0x00000000ea000000, 0x00000000ea100000|  0%| F|  |TAMS 0x00000000ea000000, 0x00000000ea000000| Untracked 
| 161|0x00000000ea100000, 0x00000000ea100000, 0x00000000ea200000|  0%| F|  |TAMS 0x00000000ea100000, 0x00000000ea100000| Untracked 
| 162|0x00000000ea200000, 0x00000000ea200000, 0x00000000ea300000|  0%| F|  |TAMS 0x00000000ea200000, 0x00000000ea200000| Untracked 
| 163|0x00000000ea300000, 0x00000000ea300000, 0x00000000ea400000|  0%| F|  |TAMS 0x00000000ea300000, 0x00000000ea300000| Untracked 
| 164|0x00000000ea400000, 0x00000000ea400000, 0x00000000ea500000|  0%| F|  |TAMS 0x00000000ea400000, 0x00000000ea400000| Untracked 
| 165|0x00000000ea500000, 0x00000000ea500000, 0x00000000ea600000|  0%| F|  |TAMS 0x00000000ea500000, 0x00000000ea500000| Untracked 
| 166|0x00000000ea600000, 0x00000000ea600000, 0x00000000ea700000|  0%| F|  |TAMS 0x00000000ea600000, 0x00000000ea600000| Untracked 
| 167|0x00000000ea700000, 0x00000000ea700000, 0x00000000ea800000|  0%| F|  |TAMS 0x00000000ea700000, 0x00000000ea700000| Untracked 
| 168|0x00000000ea800000, 0x00000000ea800000, 0x00000000ea900000|  0%| F|  |TAMS 0x00000000ea800000, 0x00000000ea800000| Untracked 
| 169|0x00000000ea900000, 0x00000000ea900000, 0x00000000eaa00000|  0%| F|  |TAMS 0x00000000ea900000, 0x00000000ea900000| Untracked 
| 170|0x00000000eaa00000, 0x00000000eaa00000, 0x00000000eab00000|  0%| F|  |TAMS 0x00000000eaa00000, 0x00000000eaa00000| Untracked 
| 171|0x00000000eab00000, 0x00000000eab00000, 0x00000000eac00000|  0%| F|  |TAMS 0x00000000eab00000, 0x00000000eab00000| Untracked 
| 172|0x00000000eac00000, 0x00000000eac00000, 0x00000000ead00000|  0%| F|  |TAMS 0x00000000eac00000, 0x00000000eac00000| Untracked 
| 173|0x00000000ead00000, 0x00000000ead00000, 0x00000000eae00000|  0%| F|  |TAMS 0x00000000ead00000, 0x00000000ead00000| Untracked 
| 174|0x00000000eae00000, 0x00000000eae00000, 0x00000000eaf00000|  0%| F|  |TAMS 0x00000000eae00000, 0x00000000eae00000| Untracked 
| 175|0x00000000eaf00000, 0x00000000eaf00000, 0x00000000eb000000|  0%| F|  |TAMS 0x00000000eaf00000, 0x00000000eaf00000| Untracked 
| 176|0x00000000eb000000, 0x00000000eb000000, 0x00000000eb100000|  0%| F|  |TAMS 0x00000000eb000000, 0x00000000eb000000| Untracked 
| 177|0x00000000eb100000, 0x00000000eb100000, 0x00000000eb200000|  0%| F|  |TAMS 0x00000000eb100000, 0x00000000eb100000| Untracked 
| 178|0x00000000eb200000, 0x00000000eb200000, 0x00000000eb300000|  0%| F|  |TAMS 0x00000000eb200000, 0x00000000eb200000| Untracked 
| 179|0x00000000eb300000, 0x00000000eb300000, 0x00000000eb400000|  0%| F|  |TAMS 0x00000000eb300000, 0x00000000eb300000| Untracked 
| 180|0x00000000eb400000, 0x00000000eb400000, 0x00000000eb500000|  0%| F|  |TAMS 0x00000000eb400000, 0x00000000eb400000| Untracked 
| 181|0x00000000eb500000, 0x00000000eb500000, 0x00000000eb600000|  0%| F|  |TAMS 0x00000000eb500000, 0x00000000eb500000| Untracked 
| 182|0x00000000eb600000, 0x00000000eb600000, 0x00000000eb700000|  0%| F|  |TAMS 0x00000000eb600000, 0x00000000eb600000| Untracked 
| 183|0x00000000eb700000, 0x00000000eb700000, 0x00000000eb800000|  0%| F|  |TAMS 0x00000000eb700000, 0x00000000eb700000| Untracked 
| 184|0x00000000eb800000, 0x00000000eb800000, 0x00000000eb900000|  0%| F|  |TAMS 0x00000000eb800000, 0x00000000eb800000| Untracked 
| 185|0x00000000eb900000, 0x00000000eb900000, 0x00000000eba00000|  0%| F|  |TAMS 0x00000000eb900000, 0x00000000eb900000| Untracked 
| 186|0x00000000eba00000, 0x00000000eba00000, 0x00000000ebb00000|  0%| F|  |TAMS 0x00000000eba00000, 0x00000000eba00000| Untracked 
| 187|0x00000000ebb00000, 0x00000000ebb00000, 0x00000000ebc00000|  0%| F|  |TAMS 0x00000000ebb00000, 0x00000000ebb00000| Untracked 
| 188|0x00000000ebc00000, 0x00000000ebc00000, 0x00000000ebd00000|  0%| F|  |TAMS 0x00000000ebc00000, 0x00000000ebc00000| Untracked 
| 189|0x00000000ebd00000, 0x00000000ebd00000, 0x00000000ebe00000|  0%| F|  |TAMS 0x00000000ebd00000, 0x00000000ebd00000| Untracked 
| 190|0x00000000ebe00000, 0x00000000ebe00000, 0x00000000ebf00000|  0%| F|  |TAMS 0x00000000ebe00000, 0x00000000ebe00000| Untracked 
| 191|0x00000000ebf00000, 0x00000000ebf00000, 0x00000000ec000000|  0%| F|  |TAMS 0x00000000ebf00000, 0x00000000ebf00000| Untracked 
| 192|0x00000000ec000000, 0x00000000ec000000, 0x00000000ec100000|  0%| F|  |TAMS 0x00000000ec000000, 0x00000000ec000000| Untracked 
| 193|0x00000000ec100000, 0x00000000ec100000, 0x00000000ec200000|  0%| F|  |TAMS 0x00000000ec100000, 0x00000000ec100000| Untracked 
| 194|0x00000000ec200000, 0x00000000ec200000, 0x00000000ec300000|  0%| F|  |TAMS 0x00000000ec200000, 0x00000000ec200000| Untracked 
| 195|0x00000000ec300000, 0x00000000ec300000, 0x00000000ec400000|  0%| F|  |TAMS 0x00000000ec300000, 0x00000000ec300000| Untracked 
| 196|0x00000000ec400000, 0x00000000ec400000, 0x00000000ec500000|  0%| F|  |TAMS 0x00000000ec400000, 0x00000000ec400000| Untracked 
| 197|0x00000000ec500000, 0x00000000ec500000, 0x00000000ec600000|  0%| F|  |TAMS 0x00000000ec500000, 0x00000000ec500000| Untracked 
| 198|0x00000000ec600000, 0x00000000ec600000, 0x00000000ec700000|  0%| F|  |TAMS 0x00000000ec600000, 0x00000000ec600000| Untracked 
| 199|0x00000000ec700000, 0x00000000ec700000, 0x00000000ec800000|  0%| F|  |TAMS 0x00000000ec700000, 0x00000000ec700000| Untracked 
| 200|0x00000000ec800000, 0x00000000ec800000, 0x00000000ec900000|  0%| F|  |TAMS 0x00000000ec800000, 0x00000000ec800000| Untracked 
| 201|0x00000000ec900000, 0x00000000ec900000, 0x00000000eca00000|  0%| F|  |TAMS 0x00000000ec900000, 0x00000000ec900000| Untracked 
| 202|0x00000000eca00000, 0x00000000eca00000, 0x00000000ecb00000|  0%| F|  |TAMS 0x00000000eca00000, 0x00000000eca00000| Untracked 
| 203|0x00000000ecb00000, 0x00000000ecb00000, 0x00000000ecc00000|  0%| F|  |TAMS 0x00000000ecb00000, 0x00000000ecb00000| Untracked 
| 204|0x00000000ecc00000, 0x00000000ecc00000, 0x00000000ecd00000|  0%| F|  |TAMS 0x00000000ecc00000, 0x00000000ecc00000| Untracked 
| 205|0x00000000ecd00000, 0x00000000ecd00000, 0x00000000ece00000|  0%| F|  |TAMS 0x00000000ecd00000, 0x00000000ecd00000| Untracked 
| 206|0x00000000ece00000, 0x00000000ece00000, 0x00000000ecf00000|  0%| F|  |TAMS 0x00000000ece00000, 0x00000000ece00000| Untracked 
| 207|0x00000000ecf00000, 0x00000000ecf00000, 0x00000000ed000000|  0%| F|  |TAMS 0x00000000ecf00000, 0x00000000ecf00000| Untracked 
| 208|0x00000000ed000000, 0x00000000ed000000, 0x00000000ed100000|  0%| F|  |TAMS 0x00000000ed000000, 0x00000000ed000000| Untracked 
| 209|0x00000000ed100000, 0x00000000ed100000, 0x00000000ed200000|  0%| F|  |TAMS 0x00000000ed100000, 0x00000000ed100000| Untracked 
| 210|0x00000000ed200000, 0x00000000ed200000, 0x00000000ed300000|  0%| F|  |TAMS 0x00000000ed200000, 0x00000000ed200000| Untracked 
| 211|0x00000000ed300000, 0x00000000ed300000, 0x00000000ed400000|  0%| F|  |TAMS 0x00000000ed300000, 0x00000000ed300000| Untracked 
| 212|0x00000000ed400000, 0x00000000ed400000, 0x00000000ed500000|  0%| F|  |TAMS 0x00000000ed400000, 0x00000000ed400000| Untracked 
| 213|0x00000000ed500000, 0x00000000ed500000, 0x00000000ed600000|  0%| F|  |TAMS 0x00000000ed500000, 0x00000000ed500000| Untracked 
| 214|0x00000000ed600000, 0x00000000ed600000, 0x00000000ed700000|  0%| F|  |TAMS 0x00000000ed600000, 0x00000000ed600000| Untracked 
| 215|0x00000000ed700000, 0x00000000ed700000, 0x00000000ed800000|  0%| F|  |TAMS 0x00000000ed700000, 0x00000000ed700000| Untracked 
| 216|0x00000000ed800000, 0x00000000ed800000, 0x00000000ed900000|  0%| F|  |TAMS 0x00000000ed800000, 0x00000000ed800000| Untracked 
| 217|0x00000000ed900000, 0x00000000ed900000, 0x00000000eda00000|  0%| F|  |TAMS 0x00000000ed900000, 0x00000000ed900000| Untracked 
| 218|0x00000000eda00000, 0x00000000eda00000, 0x00000000edb00000|  0%| F|  |TAMS 0x00000000eda00000, 0x00000000eda00000| Untracked 
| 219|0x00000000edb00000, 0x00000000edb00000, 0x00000000edc00000|  0%| F|  |TAMS 0x00000000edb00000, 0x00000000edb00000| Untracked 
| 220|0x00000000edc00000, 0x00000000edc00000, 0x00000000edd00000|  0%| F|  |TAMS 0x00000000edc00000, 0x00000000edc00000| Untracked 
| 221|0x00000000edd00000, 0x00000000edd00000, 0x00000000ede00000|  0%| F|  |TAMS 0x00000000edd00000, 0x00000000edd00000| Untracked 
| 222|0x00000000ede00000, 0x00000000ede00000, 0x00000000edf00000|  0%| F|  |TAMS 0x00000000ede00000, 0x00000000ede00000| Untracked 
| 223|0x00000000edf00000, 0x00000000edf00000, 0x00000000ee000000|  0%| F|  |TAMS 0x00000000edf00000, 0x00000000edf00000| Untracked 
| 224|0x00000000ee000000, 0x00000000ee000000, 0x00000000ee100000|  0%| F|  |TAMS 0x00000000ee000000, 0x00000000ee000000| Untracked 
| 225|0x00000000ee100000, 0x00000000ee100000, 0x00000000ee200000|  0%| F|  |TAMS 0x00000000ee100000, 0x00000000ee100000| Untracked 
| 226|0x00000000ee200000, 0x00000000ee200000, 0x00000000ee300000|  0%| F|  |TAMS 0x00000000ee200000, 0x00000000ee200000| Untracked 
| 227|0x00000000ee300000, 0x00000000ee300000, 0x00000000ee400000|  0%| F|  |TAMS 0x00000000ee300000, 0x00000000ee300000| Untracked 
| 228|0x00000000ee400000, 0x00000000ee400000, 0x00000000ee500000|  0%| F|  |TAMS 0x00000000ee400000, 0x00000000ee400000| Untracked 
| 229|0x00000000ee500000, 0x00000000ee500000, 0x00000000ee600000|  0%| F|  |TAMS 0x00000000ee500000, 0x00000000ee500000| Untracked 
| 230|0x00000000ee600000, 0x00000000ee600000, 0x00000000ee700000|  0%| F|  |TAMS 0x00000000ee600000, 0x00000000ee600000| Untracked 
| 231|0x00000000ee700000, 0x00000000ee700000, 0x00000000ee800000|  0%| F|  |TAMS 0x00000000ee700000, 0x00000000ee700000| Untracked 
| 232|0x00000000ee800000, 0x00000000ee800000, 0x00000000ee900000|  0%| F|  |TAMS 0x00000000ee800000, 0x00000000ee800000| Untracked 
| 233|0x00000000ee900000, 0x00000000ee900000, 0x00000000eea00000|  0%| F|  |TAMS 0x00000000ee900000, 0x00000000ee900000| Untracked 
| 234|0x00000000eea00000, 0x00000000eea00000, 0x00000000eeb00000|  0%| F|  |TAMS 0x00000000eea00000, 0x00000000eea00000| Untracked 
| 235|0x00000000eeb00000, 0x00000000eeb00000, 0x00000000eec00000|  0%| F|  |TAMS 0x00000000eeb00000, 0x00000000eeb00000| Untracked 
| 236|0x00000000eec00000, 0x00000000eed00000, 0x00000000eed00000|100%| E|  |TAMS 0x00000000eec00000, 0x00000000eec00000| Complete 
| 237|0x00000000eed00000, 0x00000000eee00000, 0x00000000eee00000|100%| E|CS|TAMS 0x00000000eed00000, 0x00000000eed00000| Complete 
| 238|0x00000000eee00000, 0x00000000eef00000, 0x00000000eef00000|100%| E|CS|TAMS 0x00000000eee00000, 0x00000000eee00000| Complete 
| 239|0x00000000eef00000, 0x00000000ef000000, 0x00000000ef000000|100%| E|CS|TAMS 0x00000000eef00000, 0x00000000eef00000| Complete 
| 240|0x00000000ef000000, 0x00000000ef100000, 0x00000000ef100000|100%| E|CS|TAMS 0x00000000ef000000, 0x00000000ef000000| Complete 
| 241|0x00000000ef100000, 0x00000000ef200000, 0x00000000ef200000|100%| E|CS|TAMS 0x00000000ef100000, 0x00000000ef100000| Complete 
| 242|0x00000000ef200000, 0x00000000ef300000, 0x00000000ef300000|100%| E|CS|TAMS 0x00000000ef200000, 0x00000000ef200000| Complete 
| 243|0x00000000ef300000, 0x00000000ef400000, 0x00000000ef400000|100%| E|CS|TAMS 0x00000000ef300000, 0x00000000ef300000| Complete 
| 244|0x00000000ef400000, 0x00000000ef500000, 0x00000000ef500000|100%| E|CS|TAMS 0x00000000ef400000, 0x00000000ef400000| Complete 
| 245|0x00000000ef500000, 0x00000000ef600000, 0x00000000ef600000|100%| E|CS|TAMS 0x00000000ef500000, 0x00000000ef500000| Complete 
| 246|0x00000000ef600000, 0x00000000ef700000, 0x00000000ef700000|100%| E|CS|TAMS 0x00000000ef600000, 0x00000000ef600000| Complete 
| 247|0x00000000ef700000, 0x00000000ef800000, 0x00000000ef800000|100%| E|CS|TAMS 0x00000000ef700000, 0x00000000ef700000| Complete 
| 248|0x00000000ef800000, 0x00000000ef900000, 0x00000000ef900000|100%| E|CS|TAMS 0x00000000ef800000, 0x00000000ef800000| Complete 
| 249|0x00000000ef900000, 0x00000000efa00000, 0x00000000efa00000|100%| E|CS|TAMS 0x00000000ef900000, 0x00000000ef900000| Complete 
| 250|0x00000000efa00000, 0x00000000efb00000, 0x00000000efb00000|100%| E|CS|TAMS 0x00000000efa00000, 0x00000000efa00000| Complete 
| 251|0x00000000efb00000, 0x00000000efc00000, 0x00000000efc00000|100%| E|CS|TAMS 0x00000000efb00000, 0x00000000efb00000| Complete 
| 252|0x00000000efc00000, 0x00000000efd00000, 0x00000000efd00000|100%| E|CS|TAMS 0x00000000efc00000, 0x00000000efc00000| Complete 
| 253|0x00000000efd00000, 0x00000000efe00000, 0x00000000efe00000|100%| E|CS|TAMS 0x00000000efd00000, 0x00000000efd00000| Complete 
| 254|0x00000000efe00000, 0x00000000eff00000, 0x00000000eff00000|100%| E|CS|TAMS 0x00000000efe00000, 0x00000000efe00000| Complete 
| 255|0x00000000eff00000, 0x00000000f0000000, 0x00000000f0000000|100%| E|CS|TAMS 0x00000000eff00000, 0x00000000eff00000| Complete 

Card table byte_map: [0x0000017597b20000,0x0000017597c20000] _byte_map_base: 0x0000017597420000

Marking Bits (Prev, Next): (CMBitMap*) 0x00000175fd95f3d0, (CMBitMap*) 0x00000175fd95f398
 Prev Bits: [0x0000017598520000, 0x0000017598d20000)
 Next Bits: [0x0000017597d20000, 0x0000017598520000)

Polling page: 0x0000017580000000

Metaspace:

Usage:
  Non-class:     54.11 MB capacity,    53.10 MB ( 98%) used,   886.19 KB (  2%) free+waste,   144.94 KB ( <1%) overhead. 
      Class:      8.32 MB capacity,     7.70 MB ( 92%) used,   570.49 KB (  7%) free+waste,    69.81 KB ( <1%) overhead. 
       Both:     62.43 MB capacity,    60.80 MB ( 97%) used,     1.42 MB (  2%) free+waste,   214.75 KB ( <1%) overhead. 

Virtual space:
  Non-class space:       56.00 MB reserved,      54.25 MB ( 97%) committed 
      Class space:      248.00 MB reserved,       8.38 MB (  3%) committed 
             Both:      304.00 MB reserved,      62.63 MB ( 21%) committed 

Chunk freelists:
   Non-Class:  2.13 KB
       Class:  0 bytes
        Both:  2.13 KB

CodeHeap 'non-profiled nmethods': size=120064Kb used=3168Kb max_used=3168Kb free=116895Kb
 bounds [0x000001758feb0000, 0x00000175901d0000, 0x00000175973f0000]
CodeHeap 'profiled nmethods': size=120000Kb used=12519Kb max_used=12519Kb free=107480Kb
 bounds [0x0000017588980000, 0x00000175895c0000, 0x000001758feb0000]
CodeHeap 'non-nmethods': size=5696Kb used=2248Kb max_used=2284Kb free=3447Kb
 bounds [0x00000175883f0000, 0x0000017588660000, 0x0000017588980000]
 total_blobs=6464 nmethods=5630 adapters=745
 compilation: enabled
              stopped_count=0, restarted_count=0
 full_count=0

Compilation events (10 events):
Event: 27.548 Thread 0x000001759b36c800 5662       1       java.io.ObjectStreamField::getName (5 bytes)
Event: 27.549 Thread 0x000001759b36c800 nmethod 5662 0x00000175901c7810 code [0x00000175901c79a0, 0x00000175901c7a58]
Event: 27.553 Thread 0x000001759b36c800 5664       3       java.util.AbstractList$Itr::<init> (31 bytes)
Event: 27.553 Thread 0x000001759b36c800 nmethod 5664 0x00000175895b9090 code [0x00000175895b9240, 0x00000175895b9418]
Event: 27.554 Thread 0x000001759b36c800 5665       3       java.io.ObjectOutputStream$HandleTable::hash (8 bytes)
Event: 27.554 Thread 0x000001759b36c800 nmethod 5665 0x00000175895b9510 code [0x00000175895b96c0, 0x00000175895b97e8]
Event: 27.556 Thread 0x000001759b36c800 5666       3       java.io.ObjectOutputStream$BlockDataOutputStream::setBlockDataMode (35 bytes)
Event: 27.556 Thread 0x000001759b36c800 nmethod 5666 0x00000175895b9890 code [0x00000175895b9a40, 0x00000175895b9c48]
Event: 27.557 Thread 0x000001759b36c800 5667       1       java.io.ObjectStreamField::isUnshared (5 bytes)
Event: 27.557 Thread 0x000001759b36c800 nmethod 5667 0x00000175901c8010 code [0x00000175901c81a0, 0x00000175901c8258]

GC Heap History (10 events):
Event: 8.416 GC heap before
{Heap before GC invocations=5 (full 0):
 garbage-first heap   total 262144K, used 66989K [0x00000000e0000000, 0x0000000100000000)
  region size 1024K, 52 young (53248K), 2 survivors (2048K)
 Metaspace       used 26196K, capacity 26819K, committed 27008K, reserved 278528K
  class space    used 3429K, capacity 3634K, committed 3712K, reserved 253952K
}
Event: 8.429 GC heap after
{Heap after GC invocations=6 (full 0):
 garbage-first heap   total 262144K, used 17688K [0x00000000e0000000, 0x0000000100000000)
  region size 1024K, 4 young (4096K), 4 survivors (4096K)
 Metaspace       used 26196K, capacity 26819K, committed 27008K, reserved 278528K
  class space    used 3429K, capacity 3634K, committed 3712K, reserved 253952K
}
Event: 11.096 GC heap before
{Heap before GC invocations=6 (full 0):
 garbage-first heap   total 262144K, used 69912K [0x00000000e0000000, 0x0000000100000000)
  region size 1024K, 53 young (54272K), 4 survivors (4096K)
 Metaspace       used 35098K, capacity 35741K, committed 35840K, reserved 286720K
  class space    used 4516K, capacity 4775K, committed 4864K, reserved 253952K
}
Event: 11.114 GC heap after
{Heap after GC invocations=7 (full 0):
 garbage-first heap   total 262144K, used 23744K [0x00000000e0000000, 0x0000000100000000)
  region size 1024K, 8 young (8192K), 8 survivors (8192K)
 Metaspace       used 35098K, capacity 35741K, committed 35840K, reserved 286720K
  class space    used 4516K, capacity 4775K, committed 4864K, reserved 253952K
}
Event: 18.157 GC heap before
{Heap before GC invocations=8 (full 0):
 garbage-first heap   total 262144K, used 95424K [0x00000000e0000000, 0x0000000100000000)
  region size 1024K, 78 young (79872K), 8 survivors (8192K)
 Metaspace       used 41399K, capacity 42377K, committed 42624K, reserved 290816K
  class space    used 5300K, capacity 5687K, committed 5760K, reserved 253952K
}
Event: 18.195 GC heap after
{Heap after GC invocations=9 (full 0):
 garbage-first heap   total 262144K, used 26710K [0x00000000e0000000, 0x0000000100000000)
  region size 1024K, 9 young (9216K), 9 survivors (9216K)
 Metaspace       used 41399K, capacity 42377K, committed 42624K, reserved 290816K
  class space    used 5300K, capacity 5687K, committed 5760K, reserved 253952K
}
Event: 22.147 GC heap before
{Heap before GC invocations=10 (full 0):
 garbage-first heap   total 262144K, used 129110K [0x00000000e0000000, 0x0000000100000000)
  region size 1024K, 107 young (109568K), 9 survivors (9216K)
 Metaspace       used 48507K, capacity 49780K, committed 50048K, reserved 299008K
  class space    used 6201K, capacity 6706K, committed 6784K, reserved 253952K
}
Event: 22.189 GC heap after
{Heap after GC invocations=11 (full 0):
 garbage-first heap   total 262144K, used 38014K [0x00000000e0000000, 0x0000000100000000)
  region size 1024K, 13 young (13312K), 13 survivors (13312K)
 Metaspace       used 48507K, capacity 49780K, committed 50048K, reserved 299008K
  class space    used 6201K, capacity 6706K, committed 6784K, reserved 253952K
}
Event: 26.504 GC heap before
{Heap before GC invocations=11 (full 0):
 garbage-first heap   total 262144K, used 154750K [0x00000000e0000000, 0x0000000100000000)
  region size 1024K, 127 young (130048K), 13 survivors (13312K)
 Metaspace       used 60688K, capacity 62331K, committed 62464K, reserved 309248K
  class space    used 7675K, capacity 8339K, committed 8448K, reserved 253952K
}
Event: 26.559 GC heap after
{Heap after GC invocations=12 (full 0):
 garbage-first heap   total 262144K, used 47097K [0x00000000e0000000, 0x0000000100000000)
  region size 1024K, 16 young (16384K), 16 survivors (16384K)
 Metaspace       used 60688K, capacity 62331K, committed 62464K, reserved 309248K
  class space    used 7675K, capacity 8339K, committed 8448K, reserved 253952K
}

Deoptimization events (10 events):
Event: 26.651 Thread 0x000001759e132800 Uncommon trap: reason=unstable_if action=reinterpret pc=0x00000175900cda68 method=java.util.HashMap.putVal(ILjava/lang/Object;Ljava/lang/Object;ZZ)Ljava/lang/Object; @ 109 c2
Event: 26.651 Thread 0x000001759e132800 Uncommon trap: reason=unstable_if action=reinterpret pc=0x00000175900af168 method=java.util.HashMap.putVal(ILjava/lang/Object;Ljava/lang/Object;ZZ)Ljava/lang/Object; @ 109 c2
Event: 26.665 Thread 0x000001759e132800 Uncommon trap: reason=unstable_if action=reinterpret pc=0x000001758ff14fa8 method=java.util.HashMap.resize()[Ljava/util/HashMap$Node; @ 203 c2
Event: 27.365 Thread 0x000001759e132800 Uncommon trap: reason=unstable_if action=reinterpret pc=0x00000175900321fc method=java.io.BufferedReader.readLine(Z)Ljava/lang/String; @ 160 c2
Event: 27.371 Thread 0x000001759e132800 Uncommon trap: reason=class_check action=maybe_recompile pc=0x000001759000a6d4 method=java.lang.Throwable.<init>(Ljava/lang/String;Ljava/lang/Throwable;)V @ 24 c2
Event: 27.372 Thread 0x000001759e132800 Uncommon trap: reason=class_check action=maybe_recompile pc=0x000001759000a6d4 method=java.lang.Throwable.<init>(Ljava/lang/String;Ljava/lang/Throwable;)V @ 24 c2
Event: 27.550 Thread 0x000001759e132800 Uncommon trap: reason=class_check action=maybe_recompile pc=0x00000175900357c8 method=java.lang.String.equals(Ljava/lang/Object;)Z @ 8 c2
Event: 27.550 Thread 0x000001759e132800 Uncommon trap: reason=class_check action=maybe_recompile pc=0x00000175900357c8 method=java.lang.String.equals(Ljava/lang/Object;)Z @ 8 c2
Event: 27.550 Thread 0x000001759e132800 Uncommon trap: reason=class_check action=maybe_recompile pc=0x00000175900357c8 method=java.lang.String.equals(Ljava/lang/Object;)Z @ 8 c2
Event: 27.551 Thread 0x000001759e132800 Uncommon trap: reason=class_check action=maybe_recompile pc=0x00000175900357c8 method=java.lang.String.equals(Ljava/lang/Object;)Z @ 8 c2

Classes redefined (0 events):
No events

Internal exceptions (10 events):
Event: 27.369 Thread 0x000001759e132800 Exception <a 'java/lang/ClassNotFoundException'{0x00000000ef2aa928}: java/lang/ExceptionCustomizer> (0x00000000ef2aa928) thrown at [./open/src/hotspot/share/classfile/systemDictionary.cpp, line 228]
Event: 27.371 Thread 0x000001759e132800 Exception <a 'java/lang/reflect/InvocationTargetException'{0x00000000ef2b2f50}> (0x00000000ef2b2f50) thrown at [./open/src/hotspot/share/runtime/reflection.cpp, line 1242]
Event: 27.419 Thread 0x000001759e132800 Exception <a 'java/lang/ClassNotFoundException'{0x00000000eef29868}: org/gradle/api/internal/plugins/DefaultPluginContainerBeanInfo> (0x00000000eef29868) thrown at [./open/src/hotspot/share/classfile/systemDictionary.cpp, line 228]
Event: 27.420 Thread 0x000001759e132800 Exception <a 'java/lang/ClassNotFoundException'{0x00000000eef3c1a0}: org/gradle/api/internal/plugins/DefaultPluginCollectionBeanInfo> (0x00000000eef3c1a0) thrown at [./open/src/hotspot/share/classfile/systemDictionary.cpp, line 228]
Event: 27.421 Thread 0x000001759e132800 Exception <a 'java/lang/ClassNotFoundException'{0x00000000eef4eb28}: org/gradle/api/internal/plugins/DefaultPluginCollectionCustomizer> (0x00000000eef4eb28) thrown at [./open/src/hotspot/share/classfile/systemDictionary.cpp, line 228]
Event: 27.424 Thread 0x000001759e132800 Exception <a 'java/lang/ClassNotFoundException'{0x00000000eef8a228}: org/gradle/api/internal/plugins/DefaultPluginContainerCustomizer> (0x00000000eef8a228) thrown at [./open/src/hotspot/share/classfile/systemDictionary.cpp, line 228]
Event: 27.490 Thread 0x000001759e132800 Exception <a 'java/lang/NoSuchMethodError'{0x00000000eee7c968}: java.lang.invoke.DirectMethodHandle$Holder.invokeSpecial(Ljava/lang/Object;Ljava/lang/Object;Ljava/lang/Object;IILjava/lang/Object;Ljava/lang/Object;)Ljava/lang/Object;> (0x00000000eee7c968) 
Event: 27.491 Thread 0x000001759e132800 Exception <a 'java/lang/NoSuchMethodError'{0x00000000eed057a0}: java.lang.invoke.DirectMethodHandle$Holder.invokeStatic(Ljava/lang/Object;Ljava/lang/Object;Ljava/lang/Object;IILjava/lang/Object;)Ljava/lang/Object;> (0x00000000eed057a0) thrown at [./open/s
Event: 27.492 Thread 0x000001759e132800 Exception <a 'java/lang/NoSuchMethodError'{0x00000000eed094b8}: java.lang.invoke.DirectMethodHandle$Holder.invokeSpecial(Ljava/lang/Object;Ljava/lang/Object;Ljava/lang/Object;Ljava/lang/Object;IILjava/lang/Object;)Ljava/lang/Object;> (0x00000000eed094b8) 
Event: 27.492 Thread 0x000001759e132800 Exception <a 'java/lang/NoSuchMethodError'{0x00000000eed0c9d8}: java.lang.invoke.Invokers$Holder.linkToTargetMethod(Ljava/lang/Object;Ljava/lang/Object;IILjava/lang/Object;Ljava/lang/Object;)Ljava/lang/Object;> (0x00000000eed0c9d8) thrown at [./open/src/h

Events (10 events):
Event: 27.550 Thread 0x000001759e132800 Uncommon trap: trap_request=0xffffffde fr.pc=0x00000175900357c8 relative=0x00000000000001a8
Event: 27.550 Thread 0x000001759e132800 DEOPT PACKING pc=0x00000175900357c8 sp=0x00000027b67fc0d0
Event: 27.550 Thread 0x000001759e132800 DEOPT UNPACKING pc=0x000001758841662f sp=0x00000027b67fc068 mode 2
Event: 27.550 Thread 0x000001759e132800 Uncommon trap: trap_request=0xffffffde fr.pc=0x00000175900357c8 relative=0x00000000000001a8
Event: 27.550 Thread 0x000001759e132800 DEOPT PACKING pc=0x00000175900357c8 sp=0x00000027b67fc0d0
Event: 27.550 Thread 0x000001759e132800 DEOPT UNPACKING pc=0x000001758841662f sp=0x00000027b67fc068 mode 2
Event: 27.551 Thread 0x000001759e132800 Uncommon trap: trap_request=0xffffffde fr.pc=0x00000175900357c8 relative=0x00000000000001a8
Event: 27.551 Thread 0x000001759e132800 DEOPT PACKING pc=0x00000175900357c8 sp=0x00000027b67fc0d0
Event: 27.551 Thread 0x000001759e132800 DEOPT UNPACKING pc=0x000001758841662f sp=0x00000027b67fc068 mode 2
Event: 27.558 Executing VM operation: BulkRevokeBias


Dynamic libraries:
0x00007ff658570000 - 0x00007ff65857f000 	C:\Program Files\Java\jdk-11.0.11\bin\java.exe
0x00007ffd23b10000 - 0x00007ffd23d05000 	C:\Windows\SYSTEM32\ntdll.dll
0x00007ffd21e50000 - 0x00007ffd21f0d000 	C:\Windows\System32\KERNEL32.DLL
0x00007ffd21580000 - 0x00007ffd21848000 	C:\Windows\System32\KERNELBASE.dll
0x00007ffd21850000 - 0x00007ffd21950000 	C:\Windows\System32\ucrtbase.dll
0x00007ffd1cd60000 - 0x00007ffd1cd78000 	C:\Program Files\Java\jdk-11.0.11\bin\jli.dll
0x00007ffd22ce0000 - 0x00007ffd22d8c000 	C:\Windows\System32\ADVAPI32.dll
0x00007ffd1cd80000 - 0x00007ffd1cd95000 	C:\Program Files\Java\jdk-11.0.11\bin\VCRUNTIME140.dll
0x00007ffd23090000 - 0x00007ffd2312e000 	C:\Windows\System32\msvcrt.dll
0x00007ffd22fe0000 - 0x00007ffd2307b000 	C:\Windows\System32\sechost.dll
0x00007ffd239a0000 - 0x00007ffd23acb000 	C:\Windows\System32\RPCRT4.dll
0x00007ffd21b80000 - 0x00007ffd21d20000 	C:\Windows\System32\USER32.dll
0x00007ffd0d5f0000 - 0x00007ffd0d88a000 	C:\Windows\WinSxS\amd64_microsoft.windows.common-controls_6595b64144ccf1df_6.0.19041.1052_none_60b8f8fd71f5e8cb\COMCTL32.dll
0x00007ffd214b0000 - 0x00007ffd214d2000 	C:\Windows\System32\win32u.dll
0x00007ffd23130000 - 0x00007ffd2315a000 	C:\Windows\System32\GDI32.dll
0x00007ffd21950000 - 0x00007ffd21a5b000 	C:\Windows\System32\gdi32full.dll
0x00007ffd214e0000 - 0x00007ffd2157d000 	C:\Windows\System32\msvcp_win.dll
0x00007ffd0efc0000 - 0x00007ffd0efca000 	C:\Windows\SYSTEM32\VERSION.dll
0x00007ffd22ec0000 - 0x00007ffd22ef0000 	C:\Windows\System32\IMM32.DLL
0x00007ffd01330000 - 0x00007ffd013cb000 	C:\Program Files\Java\jdk-11.0.11\bin\msvcp140.dll
0x00007ffcefe30000 - 0x00007ffcf092e000 	C:\Program Files\Java\jdk-11.0.11\bin\server\jvm.dll
0x00007ffd23080000 - 0x00007ffd23088000 	C:\Windows\System32\PSAPI.DLL
0x00007ffd0d9e0000 - 0x00007ffd0da07000 	C:\Windows\SYSTEM32\WINMM.dll
0x00007ffd1e160000 - 0x00007ffd1e169000 	C:\Windows\SYSTEM32\WSOCK32.dll
0x00007ffd23160000 - 0x00007ffd231cb000 	C:\Windows\System32\WS2_32.dll
0x00007ffd1f1a0000 - 0x00007ffd1f1b2000 	C:\Windows\SYSTEM32\kernel.appcore.dll
0x00007ffd1ce40000 - 0x00007ffd1ce50000 	C:\Program Files\Java\jdk-11.0.11\bin\verify.dll
0x00007ffd0dab0000 - 0x00007ffd0dc94000 	C:\Windows\SYSTEM32\DBGHELP.DLL
0x00007ffd0d990000 - 0x00007ffd0d9bc000 	C:\Windows\SYSTEM32\dbgcore.DLL
0x00007ffd21a60000 - 0x00007ffd21ae3000 	C:\Windows\System32\bcryptPrimitives.dll
0x00007ffd171f0000 - 0x00007ffd17218000 	C:\Program Files\Java\jdk-11.0.11\bin\java.dll
0x00007ffd1cdc0000 - 0x00007ffd1cdca000 	C:\Program Files\Java\jdk-11.0.11\bin\jimage.dll
0x00007ffd171d0000 - 0x00007ffd171e6000 	C:\Program Files\Java\jdk-11.0.11\bin\zip.dll
0x00007ffd23260000 - 0x00007ffd2399f000 	C:\Windows\System32\SHELL32.dll
0x00007ffd1f3a0000 - 0x00007ffd1fb30000 	C:\Windows\SYSTEM32\windows.storage.dll
0x00007ffd221b0000 - 0x00007ffd22505000 	C:\Windows\System32\combase.dll
0x00007ffd20bf0000 - 0x00007ffd20c1c000 	C:\Windows\SYSTEM32\Wldp.dll
0x00007ffd21d20000 - 0x00007ffd21dce000 	C:\Windows\System32\SHCORE.dll
0x00007ffd22e00000 - 0x00007ffd22e55000 	C:\Windows\System32\shlwapi.dll
0x00007ffd21190000 - 0x00007ffd211af000 	C:\Windows\SYSTEM32\profapi.dll
0x00007ffd171b0000 - 0x00007ffd171c9000 	C:\Program Files\Java\jdk-11.0.11\bin\net.dll
0x00007ffd165c0000 - 0x00007ffd166cb000 	C:\Windows\SYSTEM32\WINHTTP.dll
0x00007ffd20960000 - 0x00007ffd209ca000 	C:\Windows\system32\mswsock.dll
0x00007ffd16430000 - 0x00007ffd16442000 	C:\Program Files\Java\jdk-11.0.11\bin\nio.dll
0x00007ffd0a190000 - 0x00007ffd0a1b6000 	C:\Users\Acer\.gradle\native\fdc75f09e3144964f2cf3f50f0aa648679c211496f362492102eb8c894070792\windows-amd64\native-platform.dll
0x00007ffce8340000 - 0x00007ffce84d1000 	C:\Users\Acer\.gradle\native\12488b8bf47d2d4c9fbf2f6322a914ad602e24e48041cd04a747c6da556b65c4\windows-amd64\native-platform-file-events.dll
0x00007ffd1cd40000 - 0x00007ffd1cd49000 	C:\Program Files\Java\jdk-11.0.11\bin\management.dll
0x00007ffd1cd30000 - 0x00007ffd1cd3b000 	C:\Program Files\Java\jdk-11.0.11\bin\management_ext.dll
0x00007ffd20b40000 - 0x00007ffd20b58000 	C:\Windows\SYSTEM32\CRYPTSP.dll
0x00007ffd20300000 - 0x00007ffd20334000 	C:\Windows\system32\rsaenh.dll
0x00007ffd21b50000 - 0x00007ffd21b77000 	C:\Windows\System32\bcrypt.dll
0x00007ffd21150000 - 0x00007ffd2117e000 	C:\Windows\SYSTEM32\USERENV.dll
0x00007ffd20b30000 - 0x00007ffd20b3c000 	C:\Windows\SYSTEM32\CRYPTBASE.dll
0x00007ffd20650000 - 0x00007ffd2068b000 	C:\Windows\SYSTEM32\IPHLPAPI.DLL
0x00007ffd22ef0000 - 0x00007ffd22ef8000 	C:\Windows\System32\NSI.dll
0x00007ffd192b0000 - 0x00007ffd192c7000 	C:\Windows\SYSTEM32\dhcpcsvc6.DLL
0x00007ffd19f30000 - 0x00007ffd19f4d000 	C:\Windows\SYSTEM32\dhcpcsvc.DLL
0x00007ffd20690000 - 0x00007ffd2075c000 	C:\Windows\SYSTEM32\DNSAPI.dll
0x00007ffd19f70000 - 0x00007ffd19f7b000 	C:\Windows\SYSTEM32\WINNSI.DLL

dbghelp: loaded successfully - version: 4.0.5 - missing functions: none
symbol engine: initialized successfully - sym options: 0x614 - pdb path: .;C:\Program Files\Java\jdk-11.0.11\bin;C:\Windows\SYSTEM32;C:\Windows\WinSxS\amd64_microsoft.windows.common-controls_6595b64144ccf1df_6.0.19041.1052_none_60b8f8fd71f5e8cb;C:\Program Files\Java\jdk-11.0.11\bin\server;C:\Users\Acer\.gradle\native\fdc75f09e3144964f2cf3f50f0aa648679c211496f362492102eb8c894070792\windows-amd64;C:\Users\Acer\.gradle\native\12488b8bf47d2d4c9fbf2f6322a914ad602e24e48041cd04a747c6da556b65c4\windows-amd64

VM Arguments:
jvm_args: --add-opens=java.base/java.util=ALL-UNNAMED --add-opens=java.base/java.lang=ALL-UNNAMED --add-opens=java.base/java.lang.invoke=ALL-UNNAMED --add-opens=java.prefs/java.util.prefs=ALL-UNNAMED -XX:MaxMetaspaceSize=256m -XX:+HeapDumpOnOutOfMemoryError -Xms256m -Xmx512m -Dfile.encoding=windows-1252 -Duser.country=IN -Duser.language=en -Duser.variant 
java_command: org.gradle.launcher.daemon.bootstrap.GradleDaemon 6.7
java_class_path (initial): C:\Users\Acer\.gradle\wrapper\dists\gradle-6.7-all\cuy9mc7upwgwgeb72wkcrupxe\gradle-6.7\lib\gradle-launcher-6.7.jar
Launcher Type: SUN_STANDARD

[Global flags]
     intx CICompilerCount                          = 3                                         {product} {ergonomic}
   size_t CompressedClassSpaceSize                 = 260046848                                 {product} {ergonomic}
     uint ConcGCThreads                            = 1                                         {product} {ergonomic}
     uint G1ConcRefinementThreads                  = 4                                         {product} {ergonomic}
   size_t G1HeapRegionSize                         = 1048576                                   {product} {ergonomic}
    uintx GCDrainStackTargetSize                   = 64                                        {product} {ergonomic}
     bool HeapDumpOnOutOfMemoryError               = true                                   {manageable} {command line}
   size_t InitialHeapSize                          = 268435456                                 {product} {command line}
   size_t MarkStackSize                            = 4194304                                   {product} {ergonomic}
   size_t MaxHeapSize                              = 536870912                                 {product} {command line}
   size_t MaxMetaspaceSize                         = 268435456                                 {product} {command line}
   size_t MaxNewSize                               = 321912832                                 {product} {ergonomic}
   size_t MinHeapDeltaBytes                        = 1048576                                   {product} {ergonomic}
    uintx NonNMethodCodeHeapSize                   = 5830732                                {pd product} {ergonomic}
    uintx NonProfiledCodeHeapSize                  = 122913754                              {pd product} {ergonomic}
    uintx ProfiledCodeHeapSize                     = 122913754                              {pd product} {ergonomic}
    uintx ReservedCodeCacheSize                    = 251658240                              {pd product} {ergonomic}
     bool SegmentedCodeCache                       = true                                      {product} {ergonomic}
     bool UseCompressedClassPointers               = true                                 {lp64_product} {ergonomic}
     bool UseCompressedOops                        = true                                 {lp64_product} {ergonomic}
     bool UseG1GC                                  = true                                      {product} {ergonomic}
     bool UseLargePagesIndividualAllocation        = false                                  {pd product} {ergonomic}

Logging:
Log output configuration:
 #0: stdout all=warning uptime,level,tags
 #1: stderr all=off uptime,level,tags

Environment Variables:
JAVA_HOME=C:\Program Files\Java\jdk-11.0.11
CLASSPATH=D:\Projects\covidTracker\android\\gradle\wrapper\gradle-wrapper.jar
PATH=D:\Projects\covidTracker\android\node_modules\.bin;D:\Projects\covidTracker\node_modules\.bin;D:\Projects\node_modules\.bin;D:\node_modules\.bin;C:\Program Files\nodejs;D:\Projects\covidTracker\node_modules\.bin;D:\Projects\node_modules\.bin;D:\node_modules\.bin;C:\Program Files\nodejs\node_modules\npm\node_modules\@npmcli\run-script\lib\node-gyp-bin;C:\Program Files\Common Files\Oracle\Java\javapath;C:\Program Files (x86)\Intel\iCLS Client\;C:\Program Files\Intel\iCLS Client\;C:\Windows\system32;C:\Windows;C:\Windows\System32\Wbem;C:\Windows\System32\WindowsPowerShell\v1.0\;C:\Windows\System32\OpenSSH\;C:\Program Files (x86)\Intel\Intel(R) Management Engine Components\DAL;C:\Program Files\Intel\Intel(R) Management Engine Components\DAL;C:\Program Files (x86)\Intel\Intel(R) Management Engine Components\IPT;C:\Program Files\Intel\Intel(R) Management Engine Components\IPT;C:\Program Files\nodejs\;C:\Program Files\Java\jdk-11.0.11\bin;C:\Users\Acer\AppData\Local\Programs\Python\Python39\Scripts\;C:\Users\Acer\AppData\Local\Programs\Python\Python39\;C:\Users\Acer\AppData\Local\Microsoft\WindowsApps;C:\Users\Acer\AppData\Roaming\npm;C:\Users\Acer\AppData\Local\Programs\Microsoft VS Code\bin;C:\Program Files\JetBrains\IntelliJ IDEA Community Edition 2021.1.2\bin;;C:\Users\Acer\AppData\Local\Android\Sdk\platform-tools;C:\Program Files\MongoDB\Server\4.4\bin;;D:\Projects\covidTracker\node_modules\.bin
USERNAME=Acer
OS=Windows_NT
PROCESSOR_IDENTIFIER=Intel64 Family 6 Model 78 Stepping 3, GenuineIntel



---------------  S Y S T E M  ---------------

OS: Windows 10 , 64 bit Build 19041 (10.0.19041.1023)

CPU:total 4 (initial active 4) (2 cores per cpu, 2 threads per core) family 6 model 78 stepping 3 microcode 0xcc, cmov, cx8, fxsr, mmx, sse, sse2, sse3, ssse3, sse4.1, sse4.2, popcnt, avx, avx2, aes, clmul, erms, 3dnowpref, lzcnt, ht, tsc, tscinvbit, bmi1, bmi2, adx, fma

Memory: 4k page, system-wide physical 8058M (493M free)
TotalPageFile size 16154M (AvailPageFile size 4M)
current process WorkingSet (physical memory assigned to process): 371M, peak: 371M
current process commit charge ("private bytes"): 493M, peak: 493M

vm_info: Java HotSpot(TM) 64-Bit Server VM (11.0.11+9-LTS-194) for windows-amd64 JRE (11.0.11+9-LTS-194), built on Mar 18 2021 18:46:53 by "mach5one" with MS VC++ 15.9 (VS2017)

END.
